Using pre-set license
Built from '2020.2/release' branch; Version is '2020.2.0f1 (3721df5a8b28) revision 3613151'; Using compiler version '192528614'; Build Type 'Release'
OS: 'Windows 10  (10.0.0) 64bit' Language: 'en' Physical Memory: 6102 MB
BatchMode: 1, IsHumanControllingUs: 0, StartBugReporterOnCrash: 0, Is64bit: 1, IsPro: 0

 COMMAND LINE ARGUMENTS:
D:\Tools\Unity 2018.4\Editors\2020.2.0f1\Editor\Unity.exe
-adb2
-batchMode
-noUpm
-name
AssetImportWorker1
-projectPath
D:/Tools/Unity Projects/SAE/EscapefromtheSpacolosseum
-logFile
Logs/AssetImportWorker1.log
-srvPort
65360
Successfully changed project path to: D:/Tools/Unity Projects/SAE/EscapefromtheSpacolosseum
D:/Tools/Unity Projects/SAE/EscapefromtheSpacolosseum
Using Asset Import Pipeline V2.
Refreshing native plugins compatible for Editor in 51.20 ms, found 1 plugins.
Preloading 0 native plugins for Editor in 0.00 ms.
Initialize engine version: 2020.2.0f1 (3721df5a8b28)
[Subsystems] Discovering subsystems at path D:/Tools/Unity 2018.4/Editors/2020.2.0f1/Editor/Data/Resources/UnitySubsystems
[Subsystems] Discovering subsystems at path D:/Tools/Unity Projects/SAE/EscapefromtheSpacolosseum/Assets
GfxDevice: creating device client; threaded=0
Direct3D:
    Version:  Direct3D 11.0 [level 11.0]
    Renderer: NVIDIA GeForce GT 730 (ID=0x1287)
    Vendor:   
    VRAM:     4052 MB
    Driver:   30.0.14.7212
Initialize mono
Mono path[0] = 'D:/Tools/Unity 2018.4/Editors/2020.2.0f1/Editor/Data/Managed'
Mono path[1] = 'D:/Tools/Unity 2018.4/Editors/2020.2.0f1/Editor/Data/MonoBleedingEdge/lib/mono/unityjit'
Mono config path = 'D:/Tools/Unity 2018.4/Editors/2020.2.0f1/Editor/Data/MonoBleedingEdge/etc'
Using monoOptions --debugger-agent=transport=dt_socket,embedding=1,server=y,suspend=n,address=127.0.0.1:56172
Begin MonoManager ReloadAssembly
Registering precompiled unity dll's ...
Register platform support module: D:/Tools/Unity 2018.4/Editors/2020.2.0f1/Editor/Data/PlaybackEngines/WindowsStandaloneSupport/UnityEditor.WindowsStandalone.Extensions.dll
Registered in 0.001518 seconds.
Native extension for WindowsStandalone target not found
Refreshing native plugins compatible for Editor in 50.65 ms, found 1 plugins.
Preloading 0 native plugins for Editor in 0.00 ms.
Invoked RoslynAnalysisRunner static constructor.
RoslynAnalysisRunner will not be running.
RoslynAnalysisRunner has terminated.
Mono: successfully reloaded assembly
- Completed reload, in  1.314 seconds
Platform modules already initialized, skipping
Registering precompiled user dll's ...
Registered in 0.001166 seconds.
Begin MonoManager ReloadAssembly
Native extension for WindowsStandalone target not found
Refreshing native plugins compatible for Editor in 54.76 ms, found 1 plugins.
Preloading 0 native plugins for Editor in 0.00 ms.
Invoked RoslynAnalysisRunner static constructor.
RoslynAnalysisRunner will not be running.
RoslynAnalysisRunner has terminated.
Mono: successfully reloaded assembly
- Completed reload, in  3.113 seconds
Platform modules already initialized, skipping
========================================================================
Worker process is ready to serve import requests
Launched and connected shader compiler UnityShaderCompiler.exe after 0.18 seconds
Refreshing native plugins compatible for Editor in 0.47 ms, found 1 plugins.
Preloading 0 native plugins for Editor in 0.00 ms.
Unloading 1815 Unused Serialized files (Serialized files now loaded: 0)
System memory in use before: 85.9 MB.
System memory in use after: 86.0 MB.

Unloading 19 unused Assets to reduce memory usage. Loaded Objects now: 2260.
Total: 2.943500 ms (FindLiveObjects: 0.247500 ms CreateObjectMapping: 0.092600 ms MarkObjects: 2.516400 ms  DeleteObjects: 0.085200 ms)

========================================================================
Received Import Request.
  path: Assets/Nabeel Assets/Scenes/Game1L2.unity
  artifactKey: Guid(05b259fde88a63044af133f8767d27f7) Importer(815301076,1909f56bfc062723c751e8b465ee728b)
Start importing Assets/Nabeel Assets/Scenes/Game1L2.unity using Guid(05b259fde88a63044af133f8767d27f7) Importer(815301076,1909f56bfc062723c751e8b465ee728b)  -> (artifact id: '9c46e28453792c871acc9e9f72b9e8e5') in 0.061211 seconds
  Import took 0.074599 seconds .

========================================================================
Received Import Request.
  Time since last request: 1726.081853 seconds.
  path: Assets/Nabeel Assets/Prefabs/testLadder.prefab
  artifactKey: Guid(ac7ba9f6337d8a4439af91e90ab36959) Importer(815301076,1909f56bfc062723c751e8b465ee728b)
Start importing Assets/Nabeel Assets/Prefabs/testLadder.prefab using Guid(ac7ba9f6337d8a4439af91e90ab36959) Importer(815301076,1909f56bfc062723c751e8b465ee728b)  -> (artifact id: '0d951ec160cce2f638bdf2c2229656e9') in 0.401763 seconds
  Import took 0.430376 seconds .

========================================================================
Received Prepare
Registering precompiled user dll's ...
Registered in 0.001220 seconds.
Begin MonoManager ReloadAssembly
Native extension for WindowsStandalone target not found
Refreshing native plugins compatible for Editor in 0.46 ms, found 1 plugins.
Preloading 0 native plugins for Editor in 0.00 ms.
Invoked RoslynAnalysisRunner static constructor.
RoslynAnalysisRunner will not be running.
RoslynAnalysisRunner has terminated.
Mono: successfully reloaded assembly
- Completed reload, in  1.163 seconds
Platform modules already initialized, skipping
Refreshing native plugins compatible for Editor in 0.46 ms, found 1 plugins.
Preloading 0 native plugins for Editor in 0.00 ms.
Unloading 1792 Unused Serialized files (Serialized files now loaded: 0)
System memory in use before: 87.8 MB.
System memory in use after: 87.9 MB.

Unloading 7 unused Assets to reduce memory usage. Loaded Objects now: 2270.
Total: 2.609400 ms (FindLiveObjects: 0.233400 ms CreateObjectMapping: 0.071800 ms MarkObjects: 2.279500 ms  DeleteObjects: 0.023000 ms)

========================================================================
Received Import Request.
  Time since last request: 336.450370 seconds.
  path: Assets/Nabeel Assets/Prefabs/Player.prefab
  artifactKey: Guid(f21e64ff7a283e840a96e938508c2b37) Importer(815301076,1909f56bfc062723c751e8b465ee728b)
Start importing Assets/Nabeel Assets/Prefabs/Player.prefab using Guid(f21e64ff7a283e840a96e938508c2b37) Importer(815301076,1909f56bfc062723c751e8b465ee728b)  -> (artifact id: '68d123a1238fd58f592736345b0b1542') in 0.171064 seconds
  Import took 0.204736 seconds .

========================================================================
Received Prepare
Registering precompiled user dll's ...
Registered in 0.001098 seconds.
Begin MonoManager ReloadAssembly
Native extension for WindowsStandalone target not found
Refreshing native plugins compatible for Editor in 0.45 ms, found 1 plugins.
Preloading 0 native plugins for Editor in 0.00 ms.
Invoked RoslynAnalysisRunner static constructor.
RoslynAnalysisRunner will not be running.
RoslynAnalysisRunner has terminated.
Mono: successfully reloaded assembly
- Completed reload, in  1.185 seconds
Platform modules already initialized, skipping
Refreshing native plugins compatible for Editor in 0.47 ms, found 1 plugins.
Preloading 0 native plugins for Editor in 0.00 ms.
Unloading 1792 Unused Serialized files (Serialized files now loaded: 0)
System memory in use before: 88.0 MB.
System memory in use after: 88.1 MB.

Unloading 7 unused Assets to reduce memory usage. Loaded Objects now: 2274.
Total: 2.240800 ms (FindLiveObjects: 0.192000 ms CreateObjectMapping: 0.071700 ms MarkObjects: 1.950500 ms  DeleteObjects: 0.025400 ms)

========================================================================
Received Prepare
Registering precompiled user dll's ...
Registered in 0.001042 seconds.
Begin MonoManager ReloadAssembly
Native extension for WindowsStandalone target not found
Refreshing native plugins compatible for Editor in 0.45 ms, found 1 plugins.
Preloading 0 native plugins for Editor in 0.00 ms.
Invoked RoslynAnalysisRunner static constructor.
RoslynAnalysisRunner will not be running.
RoslynAnalysisRunner has terminated.
Mono: successfully reloaded assembly
- Completed reload, in  1.172 seconds
Platform modules already initialized, skipping
Refreshing native plugins compatible for Editor in 0.57 ms, found 1 plugins.
Preloading 0 native plugins for Editor in 0.00 ms.
Unloading 1792 Unused Serialized files (Serialized files now loaded: 0)
System memory in use before: 88.1 MB.
System memory in use after: 88.3 MB.

Unloading 7 unused Assets to reduce memory usage. Loaded Objects now: 2277.
Total: 2.509300 ms (FindLiveObjects: 0.236100 ms CreateObjectMapping: 0.091600 ms MarkObjects: 2.158000 ms  DeleteObjects: 0.021600 ms)

========================================================================
Received Prepare
Registering precompiled user dll's ...
Registered in 0.001084 seconds.
Begin MonoManager ReloadAssembly
Native extension for WindowsStandalone target not found
Refreshing native plugins compatible for Editor in 0.45 ms, found 1 plugins.
Preloading 0 native plugins for Editor in 0.00 ms.
Invoked RoslynAnalysisRunner static constructor.
RoslynAnalysisRunner will not be running.
RoslynAnalysisRunner has terminated.
Mono: successfully reloaded assembly
- Completed reload, in  1.176 seconds
Platform modules already initialized, skipping
Refreshing native plugins compatible for Editor in 0.46 ms, found 1 plugins.
Preloading 0 native plugins for Editor in 0.00 ms.
Unloading 1792 Unused Serialized files (Serialized files now loaded: 0)
System memory in use before: 88.3 MB.
System memory in use after: 88.4 MB.

Unloading 7 unused Assets to reduce memory usage. Loaded Objects now: 2280.
Total: 2.518500 ms (FindLiveObjects: 0.224100 ms CreateObjectMapping: 0.074800 ms MarkObjects: 2.198700 ms  DeleteObjects: 0.019400 ms)

========================================================================
Received Prepare
Registering precompiled user dll's ...
Registered in 0.001063 seconds.
Begin MonoManager ReloadAssembly
Native extension for WindowsStandalone target not found
Refreshing native plugins compatible for Editor in 0.44 ms, found 1 plugins.
Preloading 0 native plugins for Editor in 0.00 ms.
Invoked RoslynAnalysisRunner static constructor.
RoslynAnalysisRunner will not be running.
RoslynAnalysisRunner has terminated.
Mono: successfully reloaded assembly
- Completed reload, in  1.099 seconds
Platform modules already initialized, skipping
Refreshing native plugins compatible for Editor in 0.50 ms, found 1 plugins.
Preloading 0 native plugins for Editor in 0.00 ms.
Unloading 1792 Unused Serialized files (Serialized files now loaded: 0)
System memory in use before: 88.5 MB.
System memory in use after: 88.6 MB.

Unloading 7 unused Assets to reduce memory usage. Loaded Objects now: 2283.
Total: 2.318300 ms (FindLiveObjects: 0.194300 ms CreateObjectMapping: 0.072900 ms MarkObjects: 2.023900 ms  DeleteObjects: 0.025600 ms)

========================================================================
Received Prepare
Registering precompiled user dll's ...
Registered in 0.001091 seconds.
Begin MonoManager ReloadAssembly
Native extension for WindowsStandalone target not found
Refreshing native plugins compatible for Editor in 0.46 ms, found 1 plugins.
Preloading 0 native plugins for Editor in 0.00 ms.
Invoked RoslynAnalysisRunner static constructor.
RoslynAnalysisRunner will not be running.
RoslynAnalysisRunner has terminated.
Mono: successfully reloaded assembly
- Completed reload, in  1.176 seconds
Platform modules already initialized, skipping
Refreshing native plugins compatible for Editor in 0.56 ms, found 1 plugins.
Preloading 0 native plugins for Editor in 0.00 ms.
Unloading 1792 Unused Serialized files (Serialized files now loaded: 0)
System memory in use before: 88.5 MB.
System memory in use after: 88.6 MB.

Unloading 7 unused Assets to reduce memory usage. Loaded Objects now: 2286.
Total: 2.411700 ms (FindLiveObjects: 0.229600 ms CreateObjectMapping: 0.077900 ms MarkObjects: 2.082900 ms  DeleteObjects: 0.019800 ms)

========================================================================
Received Import Request.
  Time since last request: 1517.306600 seconds.
  path: Assets/Nabeel Assets/Prefabs/Obstacle.prefab
  artifactKey: Guid(38ee48a598b1ebf45a7ac20ed9b42e2a) Importer(815301076,1909f56bfc062723c751e8b465ee728b)
Start importing Assets/Nabeel Assets/Prefabs/Obstacle.prefab using Guid(38ee48a598b1ebf45a7ac20ed9b42e2a) Importer(815301076,1909f56bfc062723c751e8b465ee728b)  -> (artifact id: '4b0fe1dd7a956ab4586f6f880a3b3125') in 0.162020 seconds
  Import took 0.192528 seconds .

========================================================================
Received Import Request.
  Time since last request: 4.678532 seconds.
  path: ProjectSettings/TagManager.asset
  artifactKey: Guid(00000000000000003000000000000000) Importer(815301076,1909f56bfc062723c751e8b465ee728b)
Start importing ProjectSettings/TagManager.asset using Guid(00000000000000003000000000000000) Importer(815301076,1909f56bfc062723c751e8b465ee728b)  -> (artifact id: '1f3f348ae12cc8dc72d6f83db34a3a0d') in 0.006332 seconds
  Import took 0.046279 seconds .

========================================================================
Received Import Request.
  Time since last request: 0.025661 seconds.
  path: ProjectSettings/TagManager.asset
  artifactKey: Guid(00000000000000003000000000000000) Importer(815301076,1909f56bfc062723c751e8b465ee728b)
Start importing ProjectSettings/TagManager.asset using Guid(00000000000000003000000000000000) Importer(815301076,1909f56bfc062723c751e8b465ee728b)  -> (artifact id: '1f3f348ae12cc8dc72d6f83db34a3a0d') in 0.003673 seconds
  Import took 0.007685 seconds .

========================================================================
Received Import Request.
  Time since last request: 8.092899 seconds.
  path: Assets/Nabeel Assets/Prefabs/Obstacle.prefab
  artifactKey: Guid(38ee48a598b1ebf45a7ac20ed9b42e2a) Importer(815301076,1909f56bfc062723c751e8b465ee728b)
Start importing Assets/Nabeel Assets/Prefabs/Obstacle.prefab using Guid(38ee48a598b1ebf45a7ac20ed9b42e2a) Importer(815301076,1909f56bfc062723c751e8b465ee728b)  -> (artifact id: '213cc00bfb42f62b0522d65def8e912c') in 0.054900 seconds
  Import took 0.074232 seconds .

========================================================================
Received Prepare
Registering precompiled user dll's ...
Registered in 0.001546 seconds.
Begin MonoManager ReloadAssembly
Native extension for WindowsStandalone target not found
Refreshing native plugins compatible for Editor in 0.45 ms, found 1 plugins.
Preloading 0 native plugins for Editor in 0.00 ms.
Invoked RoslynAnalysisRunner static constructor.
RoslynAnalysisRunner will not be running.
RoslynAnalysisRunner has terminated.
Mono: successfully reloaded assembly
- Completed reload, in  1.140 seconds
Platform modules already initialized, skipping
Refreshing native plugins compatible for Editor in 0.47 ms, found 1 plugins.
Preloading 0 native plugins for Editor in 0.00 ms.
Unloading 1792 Unused Serialized files (Serialized files now loaded: 0)
System memory in use before: 88.9 MB.
System memory in use after: 89.0 MB.

Unloading 9 unused Assets to reduce memory usage. Loaded Objects now: 2290.
Total: 2.407500 ms (FindLiveObjects: 0.209900 ms CreateObjectMapping: 0.072800 ms MarkObjects: 2.026100 ms  DeleteObjects: 0.097100 ms)

========================================================================
Received Prepare
Registering precompiled user dll's ...
Registered in 0.001038 seconds.
Begin MonoManager ReloadAssembly
Native extension for WindowsStandalone target not found
Refreshing native plugins compatible for Editor in 0.44 ms, found 1 plugins.
Preloading 0 native plugins for Editor in 0.00 ms.
Invoked RoslynAnalysisRunner static constructor.
RoslynAnalysisRunner will not be running.
RoslynAnalysisRunner has terminated.
Mono: successfully reloaded assembly
- Completed reload, in  1.126 seconds
Platform modules already initialized, skipping
Refreshing native plugins compatible for Editor in 0.46 ms, found 1 plugins.
Preloading 0 native plugins for Editor in 0.00 ms.
Unloading 1792 Unused Serialized files (Serialized files now loaded: 0)
System memory in use before: 89.0 MB.
System memory in use after: 89.1 MB.

Unloading 7 unused Assets to reduce memory usage. Loaded Objects now: 2293.
Total: 2.340100 ms (FindLiveObjects: 0.206200 ms CreateObjectMapping: 0.071800 ms MarkObjects: 2.013500 ms  DeleteObjects: 0.046900 ms)

========================================================================
Received Prepare
Registering precompiled user dll's ...
Registered in 0.001060 seconds.
Begin MonoManager ReloadAssembly
Native extension for WindowsStandalone target not found
Refreshing native plugins compatible for Editor in 0.47 ms, found 1 plugins.
Preloading 0 native plugins for Editor in 0.00 ms.
Invoked RoslynAnalysisRunner static constructor.
RoslynAnalysisRunner will not be running.
RoslynAnalysisRunner has terminated.
Mono: successfully reloaded assembly
- Completed reload, in  1.157 seconds
Platform modules already initialized, skipping
Refreshing native plugins compatible for Editor in 0.46 ms, found 1 plugins.
Preloading 0 native plugins for Editor in 0.00 ms.
Unloading 1792 Unused Serialized files (Serialized files now loaded: 0)
System memory in use before: 89.2 MB.
System memory in use after: 89.3 MB.

Unloading 7 unused Assets to reduce memory usage. Loaded Objects now: 2296.
Total: 2.410600 ms (FindLiveObjects: 0.191500 ms CreateObjectMapping: 0.074500 ms MarkObjects: 2.066500 ms  DeleteObjects: 0.076700 ms)

========================================================================
Received Import Request.
  Time since last request: 270.639423 seconds.
  path: Assets/Nabeel Assets/Prefabs/Obstacle.prefab
  artifactKey: Guid(38ee48a598b1ebf45a7ac20ed9b42e2a) Importer(815301076,1909f56bfc062723c751e8b465ee728b)
Start importing Assets/Nabeel Assets/Prefabs/Obstacle.prefab using Guid(38ee48a598b1ebf45a7ac20ed9b42e2a) Importer(815301076,1909f56bfc062723c751e8b465ee728b)  -> (artifact id: '1cc74e6eb8c91fc7c30089e4eba18c07') in 0.073340 seconds
  Import took 0.112203 seconds .

========================================================================
Received Prepare
Registering precompiled user dll's ...
Registered in 0.001096 seconds.
Begin MonoManager ReloadAssembly
Native extension for WindowsStandalone target not found
Refreshing native plugins compatible for Editor in 0.40 ms, found 1 plugins.
Preloading 0 native plugins for Editor in 0.00 ms.
Invoked RoslynAnalysisRunner static constructor.
RoslynAnalysisRunner will not be running.
RoslynAnalysisRunner has terminated.
Mono: successfully reloaded assembly
- Completed reload, in  1.135 seconds
Platform modules already initialized, skipping
Refreshing native plugins compatible for Editor in 0.48 ms, found 1 plugins.
Preloading 0 native plugins for Editor in 0.00 ms.
Unloading 1792 Unused Serialized files (Serialized files now loaded: 0)
System memory in use before: 89.3 MB.
System memory in use after: 89.5 MB.

Unloading 7 unused Assets to reduce memory usage. Loaded Objects now: 2300.
Total: 2.298800 ms (FindLiveObjects: 0.205700 ms CreateObjectMapping: 0.072400 ms MarkObjects: 1.999200 ms  DeleteObjects: 0.020100 ms)

========================================================================
Received Prepare
Registering precompiled user dll's ...
Registered in 0.001045 seconds.
Begin MonoManager ReloadAssembly
Native extension for WindowsStandalone target not found
Refreshing native plugins compatible for Editor in 0.51 ms, found 1 plugins.
Preloading 0 native plugins for Editor in 0.00 ms.
Invoked RoslynAnalysisRunner static constructor.
RoslynAnalysisRunner will not be running.
RoslynAnalysisRunner has terminated.
Mono: successfully reloaded assembly
- Completed reload, in  1.137 seconds
Platform modules already initialized, skipping
Refreshing native plugins compatible for Editor in 0.47 ms, found 1 plugins.
Preloading 0 native plugins for Editor in 0.00 ms.
Unloading 1792 Unused Serialized files (Serialized files now loaded: 0)
System memory in use before: 89.5 MB.
System memory in use after: 89.6 MB.

Unloading 7 unused Assets to reduce memory usage. Loaded Objects now: 2303.
Total: 2.343300 ms (FindLiveObjects: 0.234500 ms CreateObjectMapping: 0.081700 ms MarkObjects: 1.995700 ms  DeleteObjects: 0.029400 ms)

========================================================================
Received Prepare
Registering precompiled user dll's ...
Registered in 0.001050 seconds.
Begin MonoManager ReloadAssembly
Native extension for WindowsStandalone target not found
Refreshing native plugins compatible for Editor in 0.45 ms, found 1 plugins.
Preloading 0 native plugins for Editor in 0.00 ms.
Invoked RoslynAnalysisRunner static constructor.
RoslynAnalysisRunner will not be running.
RoslynAnalysisRunner has terminated.
Mono: successfully reloaded assembly
- Completed reload, in  1.113 seconds
Platform modules already initialized, skipping
Refreshing native plugins compatible for Editor in 0.47 ms, found 1 plugins.
Preloading 0 native plugins for Editor in 0.00 ms.
Unloading 1792 Unused Serialized files (Serialized files now loaded: 0)
System memory in use before: 89.6 MB.
System memory in use after: 89.7 MB.

Unloading 7 unused Assets to reduce memory usage. Loaded Objects now: 2306.
Total: 2.358600 ms (FindLiveObjects: 0.209500 ms CreateObjectMapping: 0.072500 ms MarkObjects: 2.048800 ms  DeleteObjects: 0.026500 ms)

========================================================================
Received Import Request.
  Time since last request: 51.741498 seconds.
  path: Assets/Nabeel Assets/Scenes/Game1L1.unity
  artifactKey: Guid(0257597e036217543a63bff1fac4166b) Importer(815301076,1909f56bfc062723c751e8b465ee728b)
Start importing Assets/Nabeel Assets/Scenes/Game1L1.unity using Guid(0257597e036217543a63bff1fac4166b) Importer(815301076,1909f56bfc062723c751e8b465ee728b)  -> (artifact id: 'c93420e21f8b3e5c617add2e3c3fd553') in 0.016540 seconds
  Import took 0.053455 seconds .

========================================================================
Received Import Request.
  Time since last request: 2.942379 seconds.
  path: Assets/Nabeel Assets/Scenes/Game1L2.unity
  artifactKey: Guid(05b259fde88a63044af133f8767d27f7) Importer(815301076,1909f56bfc062723c751e8b465ee728b)
Start importing Assets/Nabeel Assets/Scenes/Game1L2.unity using Guid(05b259fde88a63044af133f8767d27f7) Importer(815301076,1909f56bfc062723c751e8b465ee728b)  -> (artifact id: '60f9397ff23a8164d33498b3418e32b6') in 0.039434 seconds
  Import took 0.060813 seconds .

========================================================================
Received Prepare
Registering precompiled user dll's ...
Registered in 0.001076 seconds.
Begin MonoManager ReloadAssembly
Native extension for WindowsStandalone target not found
Refreshing native plugins compatible for Editor in 0.46 ms, found 1 plugins.
Preloading 0 native plugins for Editor in 0.00 ms.
Invoked RoslynAnalysisRunner static constructor.
RoslynAnalysisRunner will not be running.
RoslynAnalysisRunner has terminated.
Mono: successfully reloaded assembly
- Completed reload, in  1.232 seconds
Platform modules already initialized, skipping
Refreshing native plugins compatible for Editor in 0.46 ms, found 1 plugins.
Preloading 0 native plugins for Editor in 0.00 ms.
Unloading 1793 Unused Serialized files (Serialized files now loaded: 0)
System memory in use before: 88.9 MB.
System memory in use after: 89.0 MB.

Unloading 7 unused Assets to reduce memory usage. Loaded Objects now: 2310.
Total: 2.633800 ms (FindLiveObjects: 0.276500 ms CreateObjectMapping: 0.099800 ms MarkObjects: 2.222300 ms  DeleteObjects: 0.026900 ms)

========================================================================
Received Prepare
Registering precompiled user dll's ...
Registered in 0.001083 seconds.
Begin MonoManager ReloadAssembly
Native extension for WindowsStandalone target not found
Refreshing native plugins compatible for Editor in 0.45 ms, found 1 plugins.
Preloading 0 native plugins for Editor in 0.00 ms.
Invoked RoslynAnalysisRunner static constructor.
RoslynAnalysisRunner will not be running.
RoslynAnalysisRunner has terminated.
Mono: successfully reloaded assembly
- Completed reload, in  1.111 seconds
Platform modules already initialized, skipping
Refreshing native plugins compatible for Editor in 0.49 ms, found 1 plugins.
Preloading 0 native plugins for Editor in 0.00 ms.
Unloading 1793 Unused Serialized files (Serialized files now loaded: 0)
System memory in use before: 89.1 MB.
System memory in use after: 89.2 MB.

Unloading 7 unused Assets to reduce memory usage. Loaded Objects now: 2313.
Total: 2.372900 ms (FindLiveObjects: 0.232300 ms CreateObjectMapping: 0.109100 ms MarkObjects: 2.004800 ms  DeleteObjects: 0.025300 ms)

========================================================================
Received Prepare
Registering precompiled user dll's ...
Registered in 0.001765 seconds.
Begin MonoManager ReloadAssembly
Native extension for WindowsStandalone target not found
Refreshing native plugins compatible for Editor in 0.46 ms, found 1 plugins.
Preloading 0 native plugins for Editor in 0.00 ms.
Invoked RoslynAnalysisRunner static constructor.
RoslynAnalysisRunner will not be running.
RoslynAnalysisRunner has terminated.
Mono: successfully reloaded assembly
- Completed reload, in  1.167 seconds
Platform modules already initialized, skipping
Refreshing native plugins compatible for Editor in 0.49 ms, found 1 plugins.
Preloading 0 native plugins for Editor in 0.00 ms.
Unloading 1793 Unused Serialized files (Serialized files now loaded: 0)
System memory in use before: 89.2 MB.
System memory in use after: 89.3 MB.

Unloading 7 unused Assets to reduce memory usage. Loaded Objects now: 2316.
Total: 2.709900 ms (FindLiveObjects: 0.218700 ms CreateObjectMapping: 0.075500 ms MarkObjects: 2.392800 ms  DeleteObjects: 0.021100 ms)

========================================================================
Received Prepare
Registering precompiled user dll's ...
Registered in 0.001116 seconds.
Begin MonoManager ReloadAssembly
Native extension for WindowsStandalone target not found
Refreshing native plugins compatible for Editor in 0.47 ms, found 1 plugins.
Preloading 0 native plugins for Editor in 0.00 ms.
Invoked RoslynAnalysisRunner static constructor.
RoslynAnalysisRunner will not be running.
RoslynAnalysisRunner has terminated.
Mono: successfully reloaded assembly
- Completed reload, in  1.158 seconds
Platform modules already initialized, skipping
Refreshing native plugins compatible for Editor in 0.46 ms, found 1 plugins.
Preloading 0 native plugins for Editor in 0.00 ms.
Unloading 1793 Unused Serialized files (Serialized files now loaded: 0)
System memory in use before: 89.4 MB.
System memory in use after: 89.5 MB.

Unloading 7 unused Assets to reduce memory usage. Loaded Objects now: 2319.
Total: 2.443200 ms (FindLiveObjects: 0.221500 ms CreateObjectMapping: 0.100000 ms MarkObjects: 2.098400 ms  DeleteObjects: 0.022000 ms)

========================================================================
Received Import Request.
  Time since last request: 345.974807 seconds.
  path: Assets/Nabeel Assets/Scripts/Door.cs
  artifactKey: Guid(305596add5b273446bdb2899f6515bad) Importer(815301076,1909f56bfc062723c751e8b465ee728b)
Start importing Assets/Nabeel Assets/Scripts/Door.cs using Guid(305596add5b273446bdb2899f6515bad) Importer(815301076,1909f56bfc062723c751e8b465ee728b)  -> (artifact id: 'fd4b067469ebc8dedbe03afdeeff352c') in 0.031197 seconds
  Import took 0.046341 seconds .

========================================================================
Received Import Request.
  Time since last request: 150.268676 seconds.
  path: Assets/Nabeel Assets/Scripts/Door.cs
  artifactKey: Guid(305596add5b273446bdb2899f6515bad) Importer(815301076,1909f56bfc062723c751e8b465ee728b)
Start importing Assets/Nabeel Assets/Scripts/Door.cs using Guid(305596add5b273446bdb2899f6515bad) Importer(815301076,1909f56bfc062723c751e8b465ee728b)  -> (artifact id: '1a85ba8c6e5fd28e0cf72fca3e0001b1') in 0.003508 seconds
  Import took 0.026448 seconds .

========================================================================
Received Prepare
Registering precompiled user dll's ...
Registered in 0.001657 seconds.
Begin MonoManager ReloadAssembly
Native extension for WindowsStandalone target not found
Refreshing native plugins compatible for Editor in 0.55 ms, found 1 plugins.
Preloading 0 native plugins for Editor in 0.00 ms.
Invoked RoslynAnalysisRunner static constructor.
RoslynAnalysisRunner will not be running.
RoslynAnalysisRunner has terminated.
Mono: successfully reloaded assembly
- Completed reload, in  1.185 seconds
Platform modules already initialized, skipping
Refreshing native plugins compatible for Editor in 0.47 ms, found 1 plugins.
Preloading 0 native plugins for Editor in 0.00 ms.
Unloading 1793 Unused Serialized files (Serialized files now loaded: 0)
System memory in use before: 89.6 MB.
System memory in use after: 89.7 MB.

Unloading 7 unused Assets to reduce memory usage. Loaded Objects now: 2322.
Total: 2.459700 ms (FindLiveObjects: 0.226500 ms CreateObjectMapping: 0.086800 ms MarkObjects: 2.112000 ms  DeleteObjects: 0.032600 ms)

========================================================================
Received Import Request.
  Time since last request: 186.920284 seconds.
  path: Assets/Nabeel Assets/Scenes/Game1L2.unity
  artifactKey: Guid(05b259fde88a63044af133f8767d27f7) Importer(815301076,1909f56bfc062723c751e8b465ee728b)
Start importing Assets/Nabeel Assets/Scenes/Game1L2.unity using Guid(05b259fde88a63044af133f8767d27f7) Importer(815301076,1909f56bfc062723c751e8b465ee728b)  -> (artifact id: 'e71b2264d1890132f511580019c3e5c5') in 0.017015 seconds
  Import took 0.028582 seconds .

========================================================================
Received Import Request.
  Time since last request: 11.818101 seconds.
  path: Assets/Nabeel Assets/Prefabs/Door.prefab
  artifactKey: Guid(060fba0ba3344b84d873d821f5e3deb3) Importer(815301076,1909f56bfc062723c751e8b465ee728b)
Start importing Assets/Nabeel Assets/Prefabs/Door.prefab using Guid(060fba0ba3344b84d873d821f5e3deb3) Importer(815301076,1909f56bfc062723c751e8b465ee728b)  -> (artifact id: 'e0ac3fb139adc982ddf7ed21c96d7116') in 0.163039 seconds
  Import took 0.190788 seconds .

========================================================================
Received Prepare
Registering precompiled user dll's ...
Registered in 0.001172 seconds.
Begin MonoManager ReloadAssembly
Native extension for WindowsStandalone target not found
Refreshing native plugins compatible for Editor in 0.46 ms, found 1 plugins.
Preloading 0 native plugins for Editor in 0.00 ms.
Invoked RoslynAnalysisRunner static constructor.
RoslynAnalysisRunner will not be running.
RoslynAnalysisRunner has terminated.
Mono: successfully reloaded assembly
- Completed reload, in  1.136 seconds
Platform modules already initialized, skipping
Refreshing native plugins compatible for Editor in 0.47 ms, found 1 plugins.
Preloading 0 native plugins for Editor in 0.00 ms.
Unloading 1793 Unused Serialized files (Serialized files now loaded: 0)
System memory in use before: 89.7 MB.
System memory in use after: 89.8 MB.

Unloading 7 unused Assets to reduce memory usage. Loaded Objects now: 2326.
Total: 2.521100 ms (FindLiveObjects: 0.213900 ms CreateObjectMapping: 0.072700 ms MarkObjects: 2.161500 ms  DeleteObjects: 0.071500 ms)

========================================================================
Received Prepare
Registering precompiled user dll's ...
Registered in 0.025137 seconds.
Begin MonoManager ReloadAssembly
Native extension for WindowsStandalone target not found
Refreshing native plugins compatible for Editor in 0.45 ms, found 1 plugins.
Preloading 0 native plugins for Editor in 0.00 ms.
Invoked RoslynAnalysisRunner static constructor.
RoslynAnalysisRunner will not be running.
RoslynAnalysisRunner has terminated.
Mono: successfully reloaded assembly
- Completed reload, in  1.126 seconds
Platform modules already initialized, skipping
Refreshing native plugins compatible for Editor in 0.47 ms, found 1 plugins.
Preloading 0 native plugins for Editor in 0.00 ms.
Unloading 1793 Unused Serialized files (Serialized files now loaded: 0)
System memory in use before: 88.9 MB.
System memory in use after: 89.0 MB.

Unloading 7 unused Assets to reduce memory usage. Loaded Objects now: 2329.
Total: 37.501000 ms (FindLiveObjects: 0.214300 ms CreateObjectMapping: 0.073600 ms MarkObjects: 2.065200 ms  DeleteObjects: 35.146100 ms)

========================================================================
Received Import Request.
  Time since last request: 922.851790 seconds.
  path: Assets/Nabeel Assets/Prefabs/Door.prefab
  artifactKey: Guid(060fba0ba3344b84d873d821f5e3deb3) Importer(815301076,1909f56bfc062723c751e8b465ee728b)
Start importing Assets/Nabeel Assets/Prefabs/Door.prefab using Guid(060fba0ba3344b84d873d821f5e3deb3) Importer(815301076,1909f56bfc062723c751e8b465ee728b)  -> (artifact id: 'f25db0c6bc5c82eb7c8c432ce92e1a4d') in 0.207084 seconds
  Import took 0.211260 seconds .

========================================================================
Received Import Request.
  Time since last request: 0.000377 seconds.
  path: Assets/Nabeel Assets/Prefabs/Player.prefab
  artifactKey: Guid(f21e64ff7a283e840a96e938508c2b37) Importer(815301076,1909f56bfc062723c751e8b465ee728b)
Start importing Assets/Nabeel Assets/Prefabs/Player.prefab using Guid(f21e64ff7a283e840a96e938508c2b37) Importer(815301076,1909f56bfc062723c751e8b465ee728b)  -> (artifact id: '8f338e3880cd19be17ef8a461796fb03') in 0.057329 seconds
  Import took 0.108050 seconds .

========================================================================
Received Prepare
Registering precompiled user dll's ...
Registered in 0.001290 seconds.
Begin MonoManager ReloadAssembly
Native extension for WindowsStandalone target not found
Refreshing native plugins compatible for Editor in 0.45 ms, found 1 plugins.
Preloading 0 native plugins for Editor in 0.00 ms.
Invoked RoslynAnalysisRunner static constructor.
RoslynAnalysisRunner will not be running.
RoslynAnalysisRunner has terminated.
Mono: successfully reloaded assembly
- Completed reload, in  1.222 seconds
Platform modules already initialized, skipping
Refreshing native plugins compatible for Editor in 0.48 ms, found 1 plugins.
Preloading 0 native plugins for Editor in 0.00 ms.
Unloading 1793 Unused Serialized files (Serialized files now loaded: 0)
System memory in use before: 89.1 MB.
System memory in use after: 89.2 MB.

Unloading 7 unused Assets to reduce memory usage. Loaded Objects now: 2333.
Total: 50.947500 ms (FindLiveObjects: 0.218800 ms CreateObjectMapping: 0.076500 ms MarkObjects: 2.051800 ms  DeleteObjects: 48.598300 ms)

========================================================================
Received Import Request.
  Time since last request: 67.899076 seconds.
  path: Assets/Nabeel Assets/Scenes/Game1L2.unity
  artifactKey: Guid(05b259fde88a63044af133f8767d27f7) Importer(815301076,1909f56bfc062723c751e8b465ee728b)
Start importing Assets/Nabeel Assets/Scenes/Game1L2.unity using Guid(05b259fde88a63044af133f8767d27f7) Importer(815301076,1909f56bfc062723c751e8b465ee728b)  -> (artifact id: '7820cd80fa74ef6d288568000e9ccf61') in 0.016448 seconds
  Import took 0.020782 seconds .

========================================================================
Received Import Request.
  Time since last request: 5.862871 seconds.
  path: Assets/Nabeel Assets/Scenes/Game1L1.unity
  artifactKey: Guid(0257597e036217543a63bff1fac4166b) Importer(815301076,1909f56bfc062723c751e8b465ee728b)
Start importing Assets/Nabeel Assets/Scenes/Game1L1.unity using Guid(0257597e036217543a63bff1fac4166b) Importer(815301076,1909f56bfc062723c751e8b465ee728b)  -> (artifact id: 'dfa2186526503172d4c63e34bf288be6') in 0.004068 seconds
  Import took 0.008436 seconds .

========================================================================
Received Prepare
Registering precompiled user dll's ...
Registered in 0.001094 seconds.
Begin MonoManager ReloadAssembly
Native extension for WindowsStandalone target not found
Refreshing native plugins compatible for Editor in 0.44 ms, found 1 plugins.
Preloading 0 native plugins for Editor in 0.00 ms.
Invoked RoslynAnalysisRunner static constructor.
RoslynAnalysisRunner will not be running.
RoslynAnalysisRunner has terminated.
Mono: successfully reloaded assembly
- Completed reload, in  1.163 seconds
Platform modules already initialized, skipping
Refreshing native plugins compatible for Editor in 0.46 ms, found 1 plugins.
Preloading 0 native plugins for Editor in 0.00 ms.
Unloading 1793 Unused Serialized files (Serialized files now loaded: 0)
System memory in use before: 89.3 MB.
System memory in use after: 89.4 MB.

Unloading 7 unused Assets to reduce memory usage. Loaded Objects now: 2336.
Total: 2.573900 ms (FindLiveObjects: 0.203800 ms CreateObjectMapping: 0.074800 ms MarkObjects: 2.273300 ms  DeleteObjects: 0.020400 ms)

========================================================================
Received Prepare
Registering precompiled user dll's ...
Registered in 0.001064 seconds.
Begin MonoManager ReloadAssembly
Native extension for WindowsStandalone target not found
Refreshing native plugins compatible for Editor in 0.44 ms, found 1 plugins.
Preloading 0 native plugins for Editor in 0.00 ms.
Invoked RoslynAnalysisRunner static constructor.
RoslynAnalysisRunner will not be running.
RoslynAnalysisRunner has terminated.
Mono: successfully reloaded assembly
- Completed reload, in  1.127 seconds
Platform modules already initialized, skipping
Refreshing native plugins compatible for Editor in 0.50 ms, found 1 plugins.
Preloading 0 native plugins for Editor in 0.00 ms.
Unloading 1793 Unused Serialized files (Serialized files now loaded: 0)
System memory in use before: 89.4 MB.
System memory in use after: 89.6 MB.

Unloading 7 unused Assets to reduce memory usage. Loaded Objects now: 2339.
Total: 2.387800 ms (FindLiveObjects: 0.243500 ms CreateObjectMapping: 0.074600 ms MarkObjects: 1.979000 ms  DeleteObjects: 0.088900 ms)

========================================================================
Received Prepare
Registering precompiled user dll's ...
Registered in 0.001148 seconds.
Begin MonoManager ReloadAssembly
Native extension for WindowsStandalone target not found
Refreshing native plugins compatible for Editor in 0.50 ms, found 1 plugins.
Preloading 0 native plugins for Editor in 0.00 ms.
Invoked RoslynAnalysisRunner static constructor.
RoslynAnalysisRunner will not be running.
RoslynAnalysisRunner has terminated.
Mono: successfully reloaded assembly
- Completed reload, in  1.147 seconds
Platform modules already initialized, skipping
Refreshing native plugins compatible for Editor in 0.47 ms, found 1 plugins.
Preloading 0 native plugins for Editor in 0.00 ms.
Unloading 1793 Unused Serialized files (Serialized files now loaded: 0)
System memory in use before: 89.6 MB.
System memory in use after: 89.7 MB.

Unloading 7 unused Assets to reduce memory usage. Loaded Objects now: 2342.
Total: 2.391300 ms (FindLiveObjects: 0.248400 ms CreateObjectMapping: 0.074300 ms MarkObjects: 2.003100 ms  DeleteObjects: 0.064200 ms)

========================================================================
Received Prepare
Registering precompiled user dll's ...
Registered in 0.001552 seconds.
Begin MonoManager ReloadAssembly
Native extension for WindowsStandalone target not found
Refreshing native plugins compatible for Editor in 0.45 ms, found 1 plugins.
Preloading 0 native plugins for Editor in 0.00 ms.
Invoked RoslynAnalysisRunner static constructor.
RoslynAnalysisRunner will not be running.
RoslynAnalysisRunner has terminated.
Mono: successfully reloaded assembly
- Completed reload, in  1.133 seconds
Platform modules already initialized, skipping
Refreshing native plugins compatible for Editor in 0.46 ms, found 1 plugins.
Preloading 0 native plugins for Editor in 0.00 ms.
Unloading 1793 Unused Serialized files (Serialized files now loaded: 0)
System memory in use before: 89.7 MB.
System memory in use after: 89.8 MB.

Unloading 7 unused Assets to reduce memory usage. Loaded Objects now: 2345.
Total: 19.825900 ms (FindLiveObjects: 0.221400 ms CreateObjectMapping: 0.074400 ms MarkObjects: 2.228000 ms  DeleteObjects: 17.300600 ms)

========================================================================
Received Prepare
Registering precompiled user dll's ...
Registered in 0.001077 seconds.
Begin MonoManager ReloadAssembly
Native extension for WindowsStandalone target not found
Refreshing native plugins compatible for Editor in 0.45 ms, found 1 plugins.
Preloading 0 native plugins for Editor in 0.00 ms.
Invoked RoslynAnalysisRunner static constructor.
RoslynAnalysisRunner will not be running.
RoslynAnalysisRunner has terminated.
Mono: successfully reloaded assembly
- Completed reload, in  1.184 seconds
Platform modules already initialized, skipping
Refreshing native plugins compatible for Editor in 0.47 ms, found 1 plugins.
Preloading 0 native plugins for Editor in 0.00 ms.
Unloading 1793 Unused Serialized files (Serialized files now loaded: 0)
System memory in use before: 88.9 MB.
System memory in use after: 89.1 MB.

Unloading 7 unused Assets to reduce memory usage. Loaded Objects now: 2348.
Total: 2.464200 ms (FindLiveObjects: 0.242100 ms CreateObjectMapping: 0.075800 ms MarkObjects: 2.079900 ms  DeleteObjects: 0.064800 ms)

========================================================================
Received Import Request.
  Time since last request: 1031.795858 seconds.
  path: Assets/Nabeel Assets/Scenes/Game1L2.unity
  artifactKey: Guid(05b259fde88a63044af133f8767d27f7) Importer(815301076,1909f56bfc062723c751e8b465ee728b)
Start importing Assets/Nabeel Assets/Scenes/Game1L2.unity using Guid(05b259fde88a63044af133f8767d27f7) Importer(815301076,1909f56bfc062723c751e8b465ee728b)  -> (artifact id: 'ce58b3ae8041c9bb1de0d17d50563f7f') in 0.018266 seconds
  Import took 0.022389 seconds .

========================================================================
Received Import Request.
  Time since last request: 19.967875 seconds.
  path: Assets/Nabeel Assets/Scenes/Game1L3.unity
  artifactKey: Guid(5eac5b018738b624fbdac4125ff1cd02) Importer(815301076,1909f56bfc062723c751e8b465ee728b)
Start importing Assets/Nabeel Assets/Scenes/Game1L3.unity using Guid(5eac5b018738b624fbdac4125ff1cd02) Importer(815301076,1909f56bfc062723c751e8b465ee728b)  -> (artifact id: '6f24f2cf2c991441383014e0623c00b1') in 0.004778 seconds
  Import took 0.022308 seconds .

========================================================================
Received Import Request.
  Time since last request: 2.454308 seconds.
  path: Assets/Nabeel Assets/Scenes/Game1L1.unity
  artifactKey: Guid(0257597e036217543a63bff1fac4166b) Importer(815301076,1909f56bfc062723c751e8b465ee728b)
Start importing Assets/Nabeel Assets/Scenes/Game1L1.unity using Guid(0257597e036217543a63bff1fac4166b) Importer(815301076,1909f56bfc062723c751e8b465ee728b)  -> (artifact id: '68a26e426bd2cca4aaf0c998899cecad') in 0.004251 seconds
  Import took 0.032853 seconds .

========================================================================
Received Import Request.
  Time since last request: 6.821175 seconds.
  path: Assets/Nabeel Assets/Prefabs/Player.prefab
  artifactKey: Guid(f21e64ff7a283e840a96e938508c2b37) Importer(815301076,1909f56bfc062723c751e8b465ee728b)
Start importing Assets/Nabeel Assets/Prefabs/Player.prefab using Guid(f21e64ff7a283e840a96e938508c2b37) Importer(815301076,1909f56bfc062723c751e8b465ee728b)  -> (artifact id: '89fc66f61299ad167c41ea863cf230f4') in 0.095798 seconds
  Import took 0.134121 seconds .

========================================================================
Received Import Request.
  Time since last request: 40.784324 seconds.
  path: Assets/Nabeel Assets/Prefabs/testFloor.prefab
  artifactKey: Guid(9a6e0c2e4adca25448f335ed8321168c) Importer(815301076,1909f56bfc062723c751e8b465ee728b)
Start importing Assets/Nabeel Assets/Prefabs/testFloor.prefab using Guid(9a6e0c2e4adca25448f335ed8321168c) Importer(815301076,1909f56bfc062723c751e8b465ee728b)  -> (artifact id: 'f5ef7d5f86e027ea57615bee36731ee6') in 0.033321 seconds
  Import took 0.051001 seconds .

========================================================================
Received Import Request.
  Time since last request: 501.727582 seconds.
  path: Assets/Nabeel Assets/Scenes/Game1L3.unity
  artifactKey: Guid(5eac5b018738b624fbdac4125ff1cd02) Importer(815301076,1909f56bfc062723c751e8b465ee728b)
Start importing Assets/Nabeel Assets/Scenes/Game1L3.unity using Guid(5eac5b018738b624fbdac4125ff1cd02) Importer(815301076,1909f56bfc062723c751e8b465ee728b)  -> (artifact id: 'f529612ccd201c7663a60754d28b791b') in 0.004003 seconds
  Import took 0.008864 seconds .

========================================================================
Received Import Request.
  Time since last request: 163.763978 seconds.
  path: Assets/Nabeel Assets/Prefabs/Player.prefab
  artifactKey: Guid(f21e64ff7a283e840a96e938508c2b37) Importer(815301076,1909f56bfc062723c751e8b465ee728b)
Start importing Assets/Nabeel Assets/Prefabs/Player.prefab using Guid(f21e64ff7a283e840a96e938508c2b37) Importer(815301076,1909f56bfc062723c751e8b465ee728b)  -> (artifact id: '453825b8a24376b31de55e8ebe2965c2') in 0.012653 seconds
  Import took 0.021283 seconds .

========================================================================
Received Import Request.
  Time since last request: 388.629560 seconds.
  path: Assets/Nabeel Assets/Scenes/Game1L3.unity
  artifactKey: Guid(5eac5b018738b624fbdac4125ff1cd02) Importer(815301076,1909f56bfc062723c751e8b465ee728b)
Start importing Assets/Nabeel Assets/Scenes/Game1L3.unity using Guid(5eac5b018738b624fbdac4125ff1cd02) Importer(815301076,1909f56bfc062723c751e8b465ee728b)  -> (artifact id: '1b34e9f3fd9651f09e977f2f30b12714') in 0.004288 seconds
  Import took 0.040749 seconds .

========================================================================
Received Prepare
Registering precompiled user dll's ...
Registered in 0.001022 seconds.
Begin MonoManager ReloadAssembly
Native extension for WindowsStandalone target not found
Refreshing native plugins compatible for Editor in 0.39 ms, found 1 plugins.
Preloading 0 native plugins for Editor in 0.00 ms.
Invoked RoslynAnalysisRunner static constructor.
RoslynAnalysisRunner will not be running.
RoslynAnalysisRunner has terminated.
Mono: successfully reloaded assembly
- Completed reload, in  1.197 seconds
Platform modules already initialized, skipping
Refreshing native plugins compatible for Editor in 0.46 ms, found 1 plugins.
Preloading 0 native plugins for Editor in 0.00 ms.
Unloading 1793 Unused Serialized files (Serialized files now loaded: 0)
System memory in use before: 89.2 MB.
System memory in use after: 89.3 MB.

Unloading 7 unused Assets to reduce memory usage. Loaded Objects now: 2352.
Total: 25.197700 ms (FindLiveObjects: 0.232500 ms CreateObjectMapping: 0.073000 ms MarkObjects: 1.958200 ms  DeleteObjects: 22.932200 ms)

========================================================================
Received Prepare
Registering precompiled user dll's ...
Registered in 0.001065 seconds.
Begin MonoManager ReloadAssembly
Native extension for WindowsStandalone target not found
Refreshing native plugins compatible for Editor in 0.45 ms, found 1 plugins.
Preloading 0 native plugins for Editor in 0.00 ms.
Invoked RoslynAnalysisRunner static constructor.
RoslynAnalysisRunner will not be running.
RoslynAnalysisRunner has terminated.
Mono: successfully reloaded assembly
- Completed reload, in  1.142 seconds
Platform modules already initialized, skipping
Refreshing native plugins compatible for Editor in 0.50 ms, found 1 plugins.
Preloading 0 native plugins for Editor in 0.00 ms.
Unloading 1793 Unused Serialized files (Serialized files now loaded: 0)
System memory in use before: 89.3 MB.
System memory in use after: 89.4 MB.

Unloading 7 unused Assets to reduce memory usage. Loaded Objects now: 2355.
Total: 2.587300 ms (FindLiveObjects: 0.227000 ms CreateObjectMapping: 0.074800 ms MarkObjects: 2.251200 ms  DeleteObjects: 0.032500 ms)

========================================================================
Received Prepare
Registering precompiled user dll's ...
Registered in 0.001060 seconds.
Begin MonoManager ReloadAssembly
Native extension for WindowsStandalone target not found
Refreshing native plugins compatible for Editor in 0.45 ms, found 1 plugins.
Preloading 0 native plugins for Editor in 0.00 ms.
Invoked RoslynAnalysisRunner static constructor.
RoslynAnalysisRunner will not be running.
RoslynAnalysisRunner has terminated.
Mono: successfully reloaded assembly
- Completed reload, in  1.168 seconds
Platform modules already initialized, skipping
Refreshing native plugins compatible for Editor in 0.46 ms, found 1 plugins.
Preloading 0 native plugins for Editor in 0.00 ms.
Unloading 1793 Unused Serialized files (Serialized files now loaded: 0)
System memory in use before: 89.5 MB.
System memory in use after: 89.6 MB.

Unloading 7 unused Assets to reduce memory usage. Loaded Objects now: 2358.
Total: 2.357300 ms (FindLiveObjects: 0.207000 ms CreateObjectMapping: 0.073600 ms MarkObjects: 2.050300 ms  DeleteObjects: 0.024900 ms)

========================================================================
Received Import Request.
  Time since last request: 47.167870 seconds.
  path: Assets/Nabeel Assets/Prefabs/ObstacleSpawner.prefab
  artifactKey: Guid(d1d112f8d3b3df243bd95a5037114fb6) Importer(815301076,1909f56bfc062723c751e8b465ee728b)
Start importing Assets/Nabeel Assets/Prefabs/ObstacleSpawner.prefab using Guid(d1d112f8d3b3df243bd95a5037114fb6) Importer(815301076,1909f56bfc062723c751e8b465ee728b)  -> (artifact id: 'efa525440955c7270e184089266161b9') in 0.109127 seconds
  Import took 0.137527 seconds .

========================================================================
Received Prepare
Registering precompiled user dll's ...
Registered in 0.001057 seconds.
Begin MonoManager ReloadAssembly
Native extension for WindowsStandalone target not found
Refreshing native plugins compatible for Editor in 0.47 ms, found 1 plugins.
Preloading 0 native plugins for Editor in 0.00 ms.
Invoked RoslynAnalysisRunner static constructor.
RoslynAnalysisRunner will not be running.
RoslynAnalysisRunner has terminated.
Mono: successfully reloaded assembly
- Completed reload, in  1.157 seconds
Platform modules already initialized, skipping
Refreshing native plugins compatible for Editor in 0.47 ms, found 1 plugins.
Preloading 0 native plugins for Editor in 0.00 ms.
Unloading 1793 Unused Serialized files (Serialized files now loaded: 0)
System memory in use before: 89.7 MB.
System memory in use after: 89.8 MB.

Unloading 7 unused Assets to reduce memory usage. Loaded Objects now: 2362.
Total: 2.514900 ms (FindLiveObjects: 0.212500 ms CreateObjectMapping: 0.073500 ms MarkObjects: 2.188800 ms  DeleteObjects: 0.038200 ms)

========================================================================
Received Prepare
Registering precompiled user dll's ...
Registered in 0.001098 seconds.
Begin MonoManager ReloadAssembly
Native extension for WindowsStandalone target not found
Refreshing native plugins compatible for Editor in 0.46 ms, found 1 plugins.
Preloading 0 native plugins for Editor in 0.00 ms.
Invoked RoslynAnalysisRunner static constructor.
RoslynAnalysisRunner will not be running.
RoslynAnalysisRunner has terminated.
Mono: successfully reloaded assembly
- Completed reload, in  1.136 seconds
Platform modules already initialized, skipping
Refreshing native plugins compatible for Editor in 0.48 ms, found 1 plugins.
Preloading 0 native plugins for Editor in 0.00 ms.
Unloading 1793 Unused Serialized files (Serialized files now loaded: 0)
System memory in use before: 89.8 MB.
System memory in use after: 89.9 MB.

Unloading 7 unused Assets to reduce memory usage. Loaded Objects now: 2365.
Total: 2.489100 ms (FindLiveObjects: 0.230500 ms CreateObjectMapping: 0.074000 ms MarkObjects: 2.157300 ms  DeleteObjects: 0.025200 ms)

========================================================================
Received Prepare
Registering precompiled user dll's ...
Registered in 0.001060 seconds.
Begin MonoManager ReloadAssembly
Native extension for WindowsStandalone target not found
Refreshing native plugins compatible for Editor in 0.44 ms, found 1 plugins.
Preloading 0 native plugins for Editor in 0.00 ms.
Invoked RoslynAnalysisRunner static constructor.
RoslynAnalysisRunner will not be running.
RoslynAnalysisRunner has terminated.
Mono: successfully reloaded assembly
- Completed reload, in  1.132 seconds
Platform modules already initialized, skipping
Refreshing native plugins compatible for Editor in 0.46 ms, found 1 plugins.
Preloading 0 native plugins for Editor in 0.00 ms.
Unloading 1793 Unused Serialized files (Serialized files now loaded: 0)
System memory in use before: 89.0 MB.
System memory in use after: 89.1 MB.

Unloading 7 unused Assets to reduce memory usage. Loaded Objects now: 2368.
Total: 50.765500 ms (FindLiveObjects: 0.218300 ms CreateObjectMapping: 0.093800 ms MarkObjects: 2.110500 ms  DeleteObjects: 48.341300 ms)

========================================================================
Received Prepare
Registering precompiled user dll's ...
Registered in 0.001055 seconds.
Begin MonoManager ReloadAssembly
Native extension for WindowsStandalone target not found
Refreshing native plugins compatible for Editor in 0.55 ms, found 1 plugins.
Preloading 0 native plugins for Editor in 0.00 ms.
Invoked RoslynAnalysisRunner static constructor.
RoslynAnalysisRunner will not be running.
RoslynAnalysisRunner has terminated.
Mono: successfully reloaded assembly
- Completed reload, in  1.150 seconds
Platform modules already initialized, skipping
Refreshing native plugins compatible for Editor in 0.45 ms, found 1 plugins.
Preloading 0 native plugins for Editor in 0.00 ms.
Unloading 1793 Unused Serialized files (Serialized files now loaded: 0)
System memory in use before: 89.2 MB.
System memory in use after: 89.3 MB.

Unloading 7 unused Assets to reduce memory usage. Loaded Objects now: 2371.
Total: 2.417100 ms (FindLiveObjects: 0.218000 ms CreateObjectMapping: 0.074200 ms MarkObjects: 2.060700 ms  DeleteObjects: 0.062600 ms)

========================================================================
Received Import Request.
  Time since last request: 105.741872 seconds.
  path: Assets/Aly Assets/Scenes
  artifactKey: Guid(b25a1f06631508c41bd96d3666207867) Importer(815301076,1909f56bfc062723c751e8b465ee728b)
Start importing Assets/Aly Assets/Scenes using Guid(b25a1f06631508c41bd96d3666207867) Importer(815301076,1909f56bfc062723c751e8b465ee728b)  -> (artifact id: '6208cc074dcd3ad3ad8d483856f0dbdb') in 0.006585 seconds
  Import took 0.032923 seconds .

========================================================================
Received Import Request.
  Time since last request: 52.969534 seconds.
  path: Assets/Nabeel Assets/Scenes/Game1L3.unity
  artifactKey: Guid(5eac5b018738b624fbdac4125ff1cd02) Importer(815301076,1909f56bfc062723c751e8b465ee728b)
Start importing Assets/Nabeel Assets/Scenes/Game1L3.unity using Guid(5eac5b018738b624fbdac4125ff1cd02) Importer(815301076,1909f56bfc062723c751e8b465ee728b)  -> (artifact id: '9f71843fe4258920050f9cc0b3a7337e') in 0.010820 seconds
  Import took 0.033091 seconds .

========================================================================
Received Prepare
Registering precompiled user dll's ...
Registered in 0.001121 seconds.
Begin MonoManager ReloadAssembly
Native extension for WindowsStandalone target not found
Refreshing native plugins compatible for Editor in 0.45 ms, found 1 plugins.
Preloading 0 native plugins for Editor in 0.00 ms.
Invoked RoslynAnalysisRunner static constructor.
RoslynAnalysisRunner will not be running.
RoslynAnalysisRunner has terminated.
Mono: successfully reloaded assembly
- Completed reload, in  1.121 seconds
Platform modules already initialized, skipping
Refreshing native plugins compatible for Editor in 0.46 ms, found 1 plugins.
Preloading 0 native plugins for Editor in 0.00 ms.
Unloading 1793 Unused Serialized files (Serialized files now loaded: 0)
System memory in use before: 89.3 MB.
System memory in use after: 89.5 MB.

Unloading 7 unused Assets to reduce memory usage. Loaded Objects now: 2374.
Total: 2.366800 ms (FindLiveObjects: 0.207000 ms CreateObjectMapping: 0.072700 ms MarkObjects: 2.059100 ms  DeleteObjects: 0.026900 ms)

========================================================================
Received Prepare
Registering precompiled user dll's ...
Registered in 0.001091 seconds.
Begin MonoManager ReloadAssembly
Native extension for WindowsStandalone target not found
Refreshing native plugins compatible for Editor in 0.45 ms, found 1 plugins.
Preloading 0 native plugins for Editor in 0.00 ms.
Invoked RoslynAnalysisRunner static constructor.
RoslynAnalysisRunner will not be running.
RoslynAnalysisRunner has terminated.
Mono: successfully reloaded assembly
- Completed reload, in  1.132 seconds
Platform modules already initialized, skipping
Refreshing native plugins compatible for Editor in 0.46 ms, found 1 plugins.
Preloading 0 native plugins for Editor in 0.00 ms.
Unloading 1793 Unused Serialized files (Serialized files now loaded: 0)
System memory in use before: 89.5 MB.
System memory in use after: 89.6 MB.

Unloading 7 unused Assets to reduce memory usage. Loaded Objects now: 2377.
Total: 2.345700 ms (FindLiveObjects: 0.234100 ms CreateObjectMapping: 0.080300 ms MarkObjects: 2.010600 ms  DeleteObjects: 0.018800 ms)

========================================================================
Received Import Request.
  Time since last request: 139.738146 seconds.
  path: Assets/Nabeel Assets/Scenes/Game1L1.unity
  artifactKey: Guid(0257597e036217543a63bff1fac4166b) Importer(815301076,1909f56bfc062723c751e8b465ee728b)
Start importing Assets/Nabeel Assets/Scenes/Game1L1.unity using Guid(0257597e036217543a63bff1fac4166b) Importer(815301076,1909f56bfc062723c751e8b465ee728b)  -> (artifact id: '1df851c907f4adb33571d6e095a66630') in 0.037913 seconds
  Import took 0.064448 seconds .

========================================================================
Received Prepare
Registering precompiled user dll's ...
Registered in 0.001060 seconds.
Begin MonoManager ReloadAssembly
Native extension for WindowsStandalone target not found
Refreshing native plugins compatible for Editor in 0.45 ms, found 1 plugins.
Preloading 0 native plugins for Editor in 0.00 ms.
Invoked RoslynAnalysisRunner static constructor.
RoslynAnalysisRunner will not be running.
RoslynAnalysisRunner has terminated.
Mono: successfully reloaded assembly
- Completed reload, in  1.226 seconds
Platform modules already initialized, skipping
Refreshing native plugins compatible for Editor in 0.45 ms, found 1 plugins.
Preloading 0 native plugins for Editor in 0.00 ms.
Unloading 1793 Unused Serialized files (Serialized files now loaded: 0)
System memory in use before: 89.7 MB.
System memory in use after: 89.8 MB.

Unloading 7 unused Assets to reduce memory usage. Loaded Objects now: 2380.
Total: 2.348300 ms (FindLiveObjects: 0.199800 ms CreateObjectMapping: 0.074900 ms MarkObjects: 2.046700 ms  DeleteObjects: 0.025300 ms)

========================================================================
Received Import Request.
  Time since last request: 262.629820 seconds.
  path: Assets/Nabeel Assets/Prefabs/Player.prefab
  artifactKey: Guid(f21e64ff7a283e840a96e938508c2b37) Importer(815301076,1909f56bfc062723c751e8b465ee728b)
Start importing Assets/Nabeel Assets/Prefabs/Player.prefab using Guid(f21e64ff7a283e840a96e938508c2b37) Importer(815301076,1909f56bfc062723c751e8b465ee728b)  -> (artifact id: '9d4e5cd6b6a489f4d7f51010bbc015ca') in 0.153064 seconds
  Import took 0.158009 seconds .

========================================================================
Received Prepare
Registering precompiled user dll's ...
Registered in 0.001070 seconds.
Begin MonoManager ReloadAssembly
Native extension for WindowsStandalone target not found
Refreshing native plugins compatible for Editor in 0.45 ms, found 1 plugins.
Preloading 0 native plugins for Editor in 0.00 ms.
Invoked RoslynAnalysisRunner static constructor.
RoslynAnalysisRunner will not be running.
RoslynAnalysisRunner has terminated.
Mono: successfully reloaded assembly
- Completed reload, in  1.165 seconds
Platform modules already initialized, skipping
Refreshing native plugins compatible for Editor in 0.52 ms, found 1 plugins.
Preloading 0 native plugins for Editor in 0.00 ms.
Unloading 1794 Unused Serialized files (Serialized files now loaded: 0)
System memory in use before: 89.9 MB.
System memory in use after: 90.0 MB.

Unloading 7 unused Assets to reduce memory usage. Loaded Objects now: 2385.
Total: 2.742100 ms (FindLiveObjects: 0.276300 ms CreateObjectMapping: 0.088100 ms MarkObjects: 2.351500 ms  DeleteObjects: 0.024400 ms)

========================================================================
Received Prepare
Registering precompiled user dll's ...
Registered in 0.001060 seconds.
Begin MonoManager ReloadAssembly
Native extension for WindowsStandalone target not found
Refreshing native plugins compatible for Editor in 0.51 ms, found 1 plugins.
Preloading 0 native plugins for Editor in 0.00 ms.
Invoked RoslynAnalysisRunner static constructor.
RoslynAnalysisRunner will not be running.
RoslynAnalysisRunner has terminated.
Mono: successfully reloaded assembly
- Completed reload, in  1.312 seconds
Platform modules already initialized, skipping
Refreshing native plugins compatible for Editor in 0.46 ms, found 1 plugins.
Preloading 0 native plugins for Editor in 0.00 ms.
Unloading 1794 Unused Serialized files (Serialized files now loaded: 0)
System memory in use before: 89.9 MB.
System memory in use after: 90.0 MB.

Unloading 7 unused Assets to reduce memory usage. Loaded Objects now: 2388.
Total: 2.795800 ms (FindLiveObjects: 0.262400 ms CreateObjectMapping: 0.209600 ms MarkObjects: 2.300100 ms  DeleteObjects: 0.021700 ms)

========================================================================
Received Import Request.
  Time since last request: 1348.894588 seconds.
  path: Assets/Nabeel Assets/Scripts/ScoreCanvas.cs
  artifactKey: Guid(8e735fb9c248c084198557d84764f36a) Importer(815301076,1909f56bfc062723c751e8b465ee728b)
Start importing Assets/Nabeel Assets/Scripts/ScoreCanvas.cs using Guid(8e735fb9c248c084198557d84764f36a) Importer(815301076,1909f56bfc062723c751e8b465ee728b)  -> (artifact id: 'dffcbbf60881b565660af8cb89307c74') in 0.073692 seconds
  Import took 0.078025 seconds .

========================================================================
Received Import Request.
  Time since last request: 0.000430 seconds.
  path: Assets/Nabeel Assets/Scripts/ScoreManager.cs
  artifactKey: Guid(668e8bc1c73dc174c929f9cb975a530a) Importer(815301076,1909f56bfc062723c751e8b465ee728b)
Start importing Assets/Nabeel Assets/Scripts/ScoreManager.cs using Guid(668e8bc1c73dc174c929f9cb975a530a) Importer(815301076,1909f56bfc062723c751e8b465ee728b)  -> (artifact id: '7db8494b32f624180ad9da1372529fcc') in 0.048749 seconds
  Import took 0.052644 seconds .

========================================================================
Received Import Request.
  Time since last request: 351.546793 seconds.
  path: Assets/Nabeel Assets/Scripts/ScoreCanvas.cs
  artifactKey: Guid(8e735fb9c248c084198557d84764f36a) Importer(815301076,1909f56bfc062723c751e8b465ee728b)
Start importing Assets/Nabeel Assets/Scripts/ScoreCanvas.cs using Guid(8e735fb9c248c084198557d84764f36a) Importer(815301076,1909f56bfc062723c751e8b465ee728b)  -> (artifact id: '9da42cad152c5e58f132fd681d1df7df') in 0.007199 seconds
  Import took 0.012130 seconds .

========================================================================
Received Import Request.
  Time since last request: 0.016555 seconds.
  path: Assets/Nabeel Assets/Scripts/ScoreCanvas.cs
  artifactKey: Guid(8e735fb9c248c084198557d84764f36a) Importer(815301076,1909f56bfc062723c751e8b465ee728b)
Start importing Assets/Nabeel Assets/Scripts/ScoreCanvas.cs using Guid(8e735fb9c248c084198557d84764f36a) Importer(815301076,1909f56bfc062723c751e8b465ee728b)  -> (artifact id: '9da42cad152c5e58f132fd681d1df7df') in 0.002309 seconds
  Import took 0.006734 seconds .

========================================================================
Received Import Request.
  Time since last request: 0.900067 seconds.
  path: Assets/Nabeel Assets/Scripts/Door.cs
  artifactKey: Guid(305596add5b273446bdb2899f6515bad) Importer(815301076,1909f56bfc062723c751e8b465ee728b)
Start importing Assets/Nabeel Assets/Scripts/Door.cs using Guid(305596add5b273446bdb2899f6515bad) Importer(815301076,1909f56bfc062723c751e8b465ee728b)  -> (artifact id: '9dbc225992352daf805fcdc7975d9b79') in 0.003067 seconds
  Import took 0.007032 seconds .

========================================================================
Received Import Request.
  Time since last request: 0.254822 seconds.
  path: Assets/Nabeel Assets/Scripts/Door.cs
  artifactKey: Guid(305596add5b273446bdb2899f6515bad) Importer(815301076,1909f56bfc062723c751e8b465ee728b)
Start importing Assets/Nabeel Assets/Scripts/Door.cs using Guid(305596add5b273446bdb2899f6515bad) Importer(815301076,1909f56bfc062723c751e8b465ee728b)  -> (artifact id: '9dbc225992352daf805fcdc7975d9b79') in 0.002629 seconds
  Import took 0.007013 seconds .

========================================================================
Received Prepare
Registering precompiled user dll's ...
Registered in 0.015488 seconds.
Begin MonoManager ReloadAssembly
Native extension for WindowsStandalone target not found
Refreshing native plugins compatible for Editor in 0.45 ms, found 1 plugins.
Preloading 0 native plugins for Editor in 0.00 ms.
Invoked RoslynAnalysisRunner static constructor.
RoslynAnalysisRunner will not be running.
RoslynAnalysisRunner has terminated.
Mono: successfully reloaded assembly
- Completed reload, in  1.133 seconds
Platform modules already initialized, skipping
Refreshing native plugins compatible for Editor in 0.47 ms, found 1 plugins.
Preloading 0 native plugins for Editor in 0.00 ms.
Unloading 1793 Unused Serialized files (Serialized files now loaded: 0)
System memory in use before: 89.2 MB.
System memory in use after: 89.3 MB.

Unloading 8 unused Assets to reduce memory usage. Loaded Objects now: 2390.
Total: 2.443900 ms (FindLiveObjects: 0.219800 ms CreateObjectMapping: 0.075300 ms MarkObjects: 2.117200 ms  DeleteObjects: 0.030100 ms)

========================================================================
Received Import Request.
  Time since last request: 124.207530 seconds.
  path: Assets/Nabeel Assets/Scripts/ScoreManager.cs
  artifactKey: Guid(668e8bc1c73dc174c929f9cb975a530a) Importer(815301076,1909f56bfc062723c751e8b465ee728b)
Start importing Assets/Nabeel Assets/Scripts/ScoreManager.cs using Guid(668e8bc1c73dc174c929f9cb975a530a) Importer(815301076,1909f56bfc062723c751e8b465ee728b)  -> (artifact id: 'd5bbe7bba8a10d2d94041eb2cc678df4') in 0.005526 seconds
  Import took 0.024854 seconds .

========================================================================
Received Import Request.
  Time since last request: 0.002045 seconds.
  path: Assets/Nabeel Assets/Scripts/ScoreManager.cs
  artifactKey: Guid(668e8bc1c73dc174c929f9cb975a530a) Importer(815301076,1909f56bfc062723c751e8b465ee728b)
Start importing Assets/Nabeel Assets/Scripts/ScoreManager.cs using Guid(668e8bc1c73dc174c929f9cb975a530a) Importer(815301076,1909f56bfc062723c751e8b465ee728b)  -> (artifact id: 'd5bbe7bba8a10d2d94041eb2cc678df4') in 0.003263 seconds
  Import took 0.007180 seconds .

========================================================================
Received Prepare
Registering precompiled user dll's ...
Registered in 0.001107 seconds.
Begin MonoManager ReloadAssembly
Native extension for WindowsStandalone target not found
Refreshing native plugins compatible for Editor in 0.46 ms, found 1 plugins.
Preloading 0 native plugins for Editor in 0.00 ms.
Invoked RoslynAnalysisRunner static constructor.
RoslynAnalysisRunner will not be running.
RoslynAnalysisRunner has terminated.
Mono: successfully reloaded assembly
- Completed reload, in  1.132 seconds
Platform modules already initialized, skipping
Refreshing native plugins compatible for Editor in 0.48 ms, found 1 plugins.
Preloading 0 native plugins for Editor in 0.00 ms.
Unloading 1793 Unused Serialized files (Serialized files now loaded: 0)
System memory in use before: 89.4 MB.
System memory in use after: 89.5 MB.

Unloading 7 unused Assets to reduce memory usage. Loaded Objects now: 2393.
Total: 2.401000 ms (FindLiveObjects: 0.243200 ms CreateObjectMapping: 0.078800 ms MarkObjects: 2.050300 ms  DeleteObjects: 0.027000 ms)

========================================================================
Received Prepare
Registering precompiled user dll's ...
Registered in 0.001117 seconds.
Begin MonoManager ReloadAssembly
Native extension for WindowsStandalone target not found
Refreshing native plugins compatible for Editor in 0.47 ms, found 1 plugins.
Preloading 0 native plugins for Editor in 0.00 ms.
Invoked RoslynAnalysisRunner static constructor.
RoslynAnalysisRunner will not be running.
RoslynAnalysisRunner has terminated.
Mono: successfully reloaded assembly
- Completed reload, in  1.318 seconds
Platform modules already initialized, skipping
Refreshing native plugins compatible for Editor in 0.50 ms, found 1 plugins.
Preloading 0 native plugins for Editor in 0.00 ms.
Unloading 1793 Unused Serialized files (Serialized files now loaded: 0)
System memory in use before: 89.5 MB.
System memory in use after: 89.7 MB.

Unloading 7 unused Assets to reduce memory usage. Loaded Objects now: 2396.
Total: 3.030500 ms (FindLiveObjects: 0.302600 ms CreateObjectMapping: 0.077300 ms MarkObjects: 2.618300 ms  DeleteObjects: 0.029800 ms)

========================================================================
Received Prepare
Registering precompiled user dll's ...
Registered in 0.001103 seconds.
Begin MonoManager ReloadAssembly
Native extension for WindowsStandalone target not found
Refreshing native plugins compatible for Editor in 0.45 ms, found 1 plugins.
Preloading 0 native plugins for Editor in 0.00 ms.
Invoked RoslynAnalysisRunner static constructor.
RoslynAnalysisRunner will not be running.
RoslynAnalysisRunner has terminated.
Mono: successfully reloaded assembly
- Completed reload, in  1.139 seconds
Platform modules already initialized, skipping
Refreshing native plugins compatible for Editor in 0.45 ms, found 1 plugins.
Preloading 0 native plugins for Editor in 0.00 ms.
Unloading 1793 Unused Serialized files (Serialized files now loaded: 0)
System memory in use before: 89.7 MB.
System memory in use after: 89.8 MB.

Unloading 7 unused Assets to reduce memory usage. Loaded Objects now: 2399.
Total: 2.624700 ms (FindLiveObjects: 0.429000 ms CreateObjectMapping: 0.092000 ms MarkObjects: 2.081000 ms  DeleteObjects: 0.020500 ms)

========================================================================
Received Prepare
Registering precompiled user dll's ...
Registered in 0.001026 seconds.
Begin MonoManager ReloadAssembly
Native extension for WindowsStandalone target not found
Refreshing native plugins compatible for Editor in 0.45 ms, found 1 plugins.
Preloading 0 native plugins for Editor in 0.00 ms.
Invoked RoslynAnalysisRunner static constructor.
RoslynAnalysisRunner will not be running.
RoslynAnalysisRunner has terminated.
Mono: successfully reloaded assembly
- Completed reload, in  1.124 seconds
Platform modules already initialized, skipping
Refreshing native plugins compatible for Editor in 0.47 ms, found 1 plugins.
Preloading 0 native plugins for Editor in 0.00 ms.
Unloading 1793 Unused Serialized files (Serialized files now loaded: 0)
System memory in use before: 89.9 MB.
System memory in use after: 90.0 MB.

Unloading 7 unused Assets to reduce memory usage. Loaded Objects now: 2402.
Total: 2.469300 ms (FindLiveObjects: 0.228900 ms CreateObjectMapping: 0.076000 ms MarkObjects: 2.140600 ms  DeleteObjects: 0.021800 ms)

========================================================================
Received Prepare
Registering precompiled user dll's ...
Registered in 0.001474 seconds.
Begin MonoManager ReloadAssembly
Native extension for WindowsStandalone target not found
Refreshing native plugins compatible for Editor in 0.47 ms, found 1 plugins.
Preloading 0 native plugins for Editor in 0.00 ms.
Invoked RoslynAnalysisRunner static constructor.
RoslynAnalysisRunner will not be running.
RoslynAnalysisRunner has terminated.
Mono: successfully reloaded assembly
- Completed reload, in  1.157 seconds
Platform modules already initialized, skipping
Refreshing native plugins compatible for Editor in 0.49 ms, found 1 plugins.
Preloading 0 native plugins for Editor in 0.00 ms.
Unloading 1793 Unused Serialized files (Serialized files now loaded: 0)
System memory in use before: 89.9 MB.
System memory in use after: 90.0 MB.

Unloading 7 unused Assets to reduce memory usage. Loaded Objects now: 2405.
Total: 2.483200 ms (FindLiveObjects: 0.308400 ms CreateObjectMapping: 0.075500 ms MarkObjects: 1.996800 ms  DeleteObjects: 0.100900 ms)

========================================================================
Received Import Request.
  Time since last request: 282.620891 seconds.
  path: Assets/Nabeel Assets/Scripts/ScoreCanvas.cs
  artifactKey: Guid(8e735fb9c248c084198557d84764f36a) Importer(815301076,1909f56bfc062723c751e8b465ee728b)
Start importing Assets/Nabeel Assets/Scripts/ScoreCanvas.cs using Guid(8e735fb9c248c084198557d84764f36a) Importer(815301076,1909f56bfc062723c751e8b465ee728b)  -> (artifact id: '4ea7b1a768cef5e134fbd32f117925b7') in 0.005801 seconds
  Import took 0.010090 seconds .

========================================================================
Received Prepare
Registering precompiled user dll's ...
Registered in 0.001113 seconds.
Begin MonoManager ReloadAssembly
Native extension for WindowsStandalone target not found
Refreshing native plugins compatible for Editor in 0.59 ms, found 1 plugins.
Preloading 0 native plugins for Editor in 0.00 ms.
Invoked RoslynAnalysisRunner static constructor.
RoslynAnalysisRunner will not be running.
RoslynAnalysisRunner has terminated.
Mono: successfully reloaded assembly
- Completed reload, in  1.181 seconds
Platform modules already initialized, skipping
Refreshing native plugins compatible for Editor in 0.47 ms, found 1 plugins.
Preloading 0 native plugins for Editor in 0.00 ms.
Unloading 1793 Unused Serialized files (Serialized files now loaded: 0)
System memory in use before: 89.2 MB.
System memory in use after: 89.3 MB.

Unloading 7 unused Assets to reduce memory usage. Loaded Objects now: 2408.
Total: 2.454100 ms (FindLiveObjects: 0.241300 ms CreateObjectMapping: 0.074700 ms MarkObjects: 2.049900 ms  DeleteObjects: 0.086700 ms)

========================================================================
Received Prepare
Registering precompiled user dll's ...
Registered in 0.001081 seconds.
Begin MonoManager ReloadAssembly
Native extension for WindowsStandalone target not found
Refreshing native plugins compatible for Editor in 0.45 ms, found 1 plugins.
Preloading 0 native plugins for Editor in 0.00 ms.
Invoked RoslynAnalysisRunner static constructor.
RoslynAnalysisRunner will not be running.
RoslynAnalysisRunner has terminated.
Mono: successfully reloaded assembly
- Completed reload, in  1.138 seconds
Platform modules already initialized, skipping
Refreshing native plugins compatible for Editor in 1.02 ms, found 1 plugins.
Preloading 0 native plugins for Editor in 0.00 ms.
Unloading 1793 Unused Serialized files (Serialized files now loaded: 0)
System memory in use before: 89.4 MB.
System memory in use after: 89.5 MB.

Unloading 7 unused Assets to reduce memory usage. Loaded Objects now: 2411.
Total: 2.628200 ms (FindLiveObjects: 0.218400 ms CreateObjectMapping: 0.077300 ms MarkObjects: 2.292500 ms  DeleteObjects: 0.038100 ms)

========================================================================
Received Import Request.
  Time since last request: 78.127471 seconds.
  path: Assets/Nabeel Assets/Prefabs/ScoreCanvas.prefab
  artifactKey: Guid(2e8f312558171a0459d9fa840d2dc1c9) Importer(815301076,1909f56bfc062723c751e8b465ee728b)
Start importing Assets/Nabeel Assets/Prefabs/ScoreCanvas.prefab using Guid(2e8f312558171a0459d9fa840d2dc1c9) Importer(815301076,1909f56bfc062723c751e8b465ee728b)  -> (artifact id: 'e20deed1454ee30084a5decb3b4b75c9') in 0.545532 seconds
  Import took 0.579395 seconds .

========================================================================
Received Import Request.
  Time since last request: 0.260476 seconds.
  path: Assets/Nabeel Assets/Prefabs/EventSystem.prefab
  artifactKey: Guid(b94f470c720eda04a8dcd816ea37c869) Importer(815301076,1909f56bfc062723c751e8b465ee728b)
Start importing Assets/Nabeel Assets/Prefabs/EventSystem.prefab using Guid(b94f470c720eda04a8dcd816ea37c869) Importer(815301076,1909f56bfc062723c751e8b465ee728b)  -> (artifact id: '1416b66230eda31365569b92091fa114') in 0.033644 seconds
  Import took 0.076547 seconds .

========================================================================
Received Import Request.
  Time since last request: 0.026325 seconds.
  path: Assets/Nabeel Assets/Prefabs/EventSystem.prefab
  artifactKey: Guid(b94f470c720eda04a8dcd816ea37c869) Importer(815301076,1909f56bfc062723c751e8b465ee728b)
Start importing Assets/Nabeel Assets/Prefabs/EventSystem.prefab using Guid(b94f470c720eda04a8dcd816ea37c869) Importer(815301076,1909f56bfc062723c751e8b465ee728b)  -> (artifact id: '1416b66230eda31365569b92091fa114') in 0.024388 seconds
  Import took 0.028580 seconds .

========================================================================
Received Import Request.
  Time since last request: 7.337271 seconds.
  path: Assets/Nabeel Assets/Scenes/Game1L2.unity
  artifactKey: Guid(05b259fde88a63044af133f8767d27f7) Importer(815301076,1909f56bfc062723c751e8b465ee728b)
Start importing Assets/Nabeel Assets/Scenes/Game1L2.unity using Guid(05b259fde88a63044af133f8767d27f7) Importer(815301076,1909f56bfc062723c751e8b465ee728b)  -> (artifact id: 'dd83192c92ed32410d2319c49fdbedf9') in 0.003354 seconds
  Import took 0.007477 seconds .

========================================================================
Received Import Request.
  Time since last request: 14.123525 seconds.
  path: Assets/Nabeel Assets/Scenes/Game1L3.unity
  artifactKey: Guid(5eac5b018738b624fbdac4125ff1cd02) Importer(815301076,1909f56bfc062723c751e8b465ee728b)
Start importing Assets/Nabeel Assets/Scenes/Game1L3.unity using Guid(5eac5b018738b624fbdac4125ff1cd02) Importer(815301076,1909f56bfc062723c751e8b465ee728b)  -> (artifact id: 'ee22fd4032578141f5e402addc7a708b') in 0.003455 seconds
  Import took 0.058043 seconds .

========================================================================
Received Import Request.
  Time since last request: 14.621862 seconds.
  path: Assets/Nabeel Assets/Scenes/Game1L1.unity
  artifactKey: Guid(0257597e036217543a63bff1fac4166b) Importer(815301076,1909f56bfc062723c751e8b465ee728b)
Start importing Assets/Nabeel Assets/Scenes/Game1L1.unity using Guid(0257597e036217543a63bff1fac4166b) Importer(815301076,1909f56bfc062723c751e8b465ee728b)  -> (artifact id: '02fa727242d4dd8367228c17e72b6f84') in 0.003686 seconds
  Import took 0.008330 seconds .

========================================================================
Received Prepare
Registering precompiled user dll's ...
Registered in 0.001116 seconds.
Begin MonoManager ReloadAssembly
Native extension for WindowsStandalone target not found
Refreshing native plugins compatible for Editor in 0.44 ms, found 1 plugins.
Preloading 0 native plugins for Editor in 0.00 ms.
Invoked RoslynAnalysisRunner static constructor.
RoslynAnalysisRunner will not be running.
RoslynAnalysisRunner has terminated.
Mono: successfully reloaded assembly
- Completed reload, in  1.119 seconds
Platform modules already initialized, skipping
Refreshing native plugins compatible for Editor in 0.56 ms, found 1 plugins.
Preloading 0 native plugins for Editor in 0.00 ms.
Unloading 1793 Unused Serialized files (Serialized files now loaded: 0)
System memory in use before: 89.9 MB.
System memory in use after: 90.0 MB.

Unloading 7 unused Assets to reduce memory usage. Loaded Objects now: 2414.
Total: 2.353600 ms (FindLiveObjects: 0.243200 ms CreateObjectMapping: 0.072400 ms MarkObjects: 2.004000 ms  DeleteObjects: 0.032500 ms)

