Using pre-set license
Built from '2020.2/release' branch; Version is '2020.2.0f1 (3721df5a8b28) revision 3613151'; Using compiler version '192528614'; Build Type 'Release'
OS: 'Windows 10  (10.0.0) 64bit' Language: 'en' Physical Memory: 6102 MB
BatchMode: 1, IsHumanControllingUs: 0, StartBugReporterOnCrash: 0, Is64bit: 1, IsPro: 0

 COMMAND LINE ARGUMENTS:
D:\Tools\Unity 2018.4\Editors\2020.2.0f1\Editor\Unity.exe
-adb2
-batchMode
-noUpm
-name
AssetImportWorker1
-projectPath
D:/Tools/Unity Projects/SAE/EscapefromtheSpacolosseum
-logFile
Logs/AssetImportWorker1.log
-srvPort
55576
Successfully changed project path to: D:/Tools/Unity Projects/SAE/EscapefromtheSpacolosseum
D:/Tools/Unity Projects/SAE/EscapefromtheSpacolosseum
Using Asset Import Pipeline V2.
Refreshing native plugins compatible for Editor in 53.41 ms, found 1 plugins.
Preloading 0 native plugins for Editor in 0.00 ms.
Initialize engine version: 2020.2.0f1 (3721df5a8b28)
[Subsystems] Discovering subsystems at path D:/Tools/Unity 2018.4/Editors/2020.2.0f1/Editor/Data/Resources/UnitySubsystems
[Subsystems] Discovering subsystems at path D:/Tools/Unity Projects/SAE/EscapefromtheSpacolosseum/Assets
GfxDevice: creating device client; threaded=0
Direct3D:
    Version:  Direct3D 11.0 [level 11.0]
    Renderer: NVIDIA GeForce GT 730 (ID=0x1287)
    Vendor:   
    VRAM:     4052 MB
    Driver:   30.0.14.7212
Initialize mono
Mono path[0] = 'D:/Tools/Unity 2018.4/Editors/2020.2.0f1/Editor/Data/Managed'
Mono path[1] = 'D:/Tools/Unity 2018.4/Editors/2020.2.0f1/Editor/Data/MonoBleedingEdge/lib/mono/unityjit'
Mono config path = 'D:/Tools/Unity 2018.4/Editors/2020.2.0f1/Editor/Data/MonoBleedingEdge/etc'
Using monoOptions --debugger-agent=transport=dt_socket,embedding=1,server=y,suspend=n,address=127.0.0.1:56164
Begin MonoManager ReloadAssembly
Registering precompiled unity dll's ...
Register platform support module: D:/Tools/Unity 2018.4/Editors/2020.2.0f1/Editor/Data/PlaybackEngines/WindowsStandaloneSupport/UnityEditor.WindowsStandalone.Extensions.dll
Registered in 0.001496 seconds.
Native extension for WindowsStandalone target not found
Refreshing native plugins compatible for Editor in 52.73 ms, found 1 plugins.
Preloading 0 native plugins for Editor in 0.00 ms.
Invoked RoslynAnalysisRunner static constructor.
RoslynAnalysisRunner will not be running.
RoslynAnalysisRunner has terminated.
Mono: successfully reloaded assembly
- Completed reload, in  1.375 seconds
Platform modules already initialized, skipping
Registering precompiled user dll's ...
Registered in 0.001026 seconds.
Begin MonoManager ReloadAssembly
Native extension for WindowsStandalone target not found
Refreshing native plugins compatible for Editor in 53.56 ms, found 1 plugins.
Preloading 0 native plugins for Editor in 0.00 ms.
Invoked RoslynAnalysisRunner static constructor.
RoslynAnalysisRunner will not be running.
RoslynAnalysisRunner has terminated.
Mono: successfully reloaded assembly
- Completed reload, in  1.332 seconds
Platform modules already initialized, skipping
========================================================================
Worker process is ready to serve import requests
Launched and connected shader compiler UnityShaderCompiler.exe after 0.24 seconds
Refreshing native plugins compatible for Editor in 0.47 ms, found 1 plugins.
Preloading 0 native plugins for Editor in 0.00 ms.
Unloading 1819 Unused Serialized files (Serialized files now loaded: 0)
System memory in use before: 86.1 MB.
System memory in use after: 86.2 MB.

Unloading 19 unused Assets to reduce memory usage. Loaded Objects now: 2265.
Total: 2.488700 ms (FindLiveObjects: 0.244100 ms CreateObjectMapping: 0.097600 ms MarkObjects: 2.072300 ms  DeleteObjects: 0.072900 ms)

========================================================================
Received Import Request.
  path: Assets/Nabeel Assets/Prefabs/ScoreCanvas.prefab
  artifactKey: Guid(2e8f312558171a0459d9fa840d2dc1c9) Importer(815301076,1909f56bfc062723c751e8b465ee728b)
Start importing Assets/Nabeel Assets/Prefabs/ScoreCanvas.prefab using Guid(2e8f312558171a0459d9fa840d2dc1c9) Importer(815301076,1909f56bfc062723c751e8b465ee728b)  -> (artifact id: 'becfb1ca0302932ce059d029ae34a5e6') in 0.327251 seconds
  Import took 0.331578 seconds .

========================================================================
Received Import Request.
  Time since last request: 0.000420 seconds.
  path: Assets/Nabeel Assets/Prefabs/Door.prefab
  artifactKey: Guid(060fba0ba3344b84d873d821f5e3deb3) Importer(815301076,1909f56bfc062723c751e8b465ee728b)
Start importing Assets/Nabeel Assets/Prefabs/Door.prefab using Guid(060fba0ba3344b84d873d821f5e3deb3) Importer(815301076,1909f56bfc062723c751e8b465ee728b)  -> (artifact id: 'f307a3b159e5513cd1ec344edce432a6') in 1.136012 seconds
  Import took 1.140068 seconds .

========================================================================
Received Import Request.
  Time since last request: 0.000431 seconds.
  path: Assets/Nabeel Assets/Prefabs/testFloor.prefab
  artifactKey: Guid(9a6e0c2e4adca25448f335ed8321168c) Importer(815301076,1909f56bfc062723c751e8b465ee728b)
Start importing Assets/Nabeel Assets/Prefabs/testFloor.prefab using Guid(9a6e0c2e4adca25448f335ed8321168c) Importer(815301076,1909f56bfc062723c751e8b465ee728b)  -> (artifact id: 'f5ef7d5f86e027ea57615bee36731ee6') in 0.009627 seconds
  Import took 0.013812 seconds .

========================================================================
Received Import Request.
  Time since last request: 0.000440 seconds.
  path: Assets/Nabeel Assets/Prefabs/Player.prefab
  artifactKey: Guid(f21e64ff7a283e840a96e938508c2b37) Importer(815301076,1909f56bfc062723c751e8b465ee728b)
Start importing Assets/Nabeel Assets/Prefabs/Player.prefab using Guid(f21e64ff7a283e840a96e938508c2b37) Importer(815301076,1909f56bfc062723c751e8b465ee728b)  -> (artifact id: 'bb31b33ca7ebc89d0e5b5a0c8b3df5e4') in 0.011326 seconds
  Import took 0.017685 seconds .

========================================================================
Received Import Request.
  Time since last request: 0.000115 seconds.
  path: Assets/Nabeel Assets/Prefabs/testLadder.prefab
  artifactKey: Guid(ac7ba9f6337d8a4439af91e90ab36959) Importer(815301076,1909f56bfc062723c751e8b465ee728b)
Start importing Assets/Nabeel Assets/Prefabs/testLadder.prefab using Guid(ac7ba9f6337d8a4439af91e90ab36959) Importer(815301076,1909f56bfc062723c751e8b465ee728b)  -> (artifact id: '1a7da1a3862da26a98ed2efa9a11fe8d') in 0.009966 seconds
  Import took 0.014504 seconds .

========================================================================
Received Import Request.
  Time since last request: 0.000351 seconds.
  path: Assets/Nabeel Assets/Prefabs/Powerup.prefab
  artifactKey: Guid(3da094908f67ba54482ebcca77ad61de) Importer(815301076,1909f56bfc062723c751e8b465ee728b)
Start importing Assets/Nabeel Assets/Prefabs/Powerup.prefab using Guid(3da094908f67ba54482ebcca77ad61de) Importer(815301076,1909f56bfc062723c751e8b465ee728b)  -> (artifact id: 'dcf889a7e41062219767a5665ffb67c3') in 0.010344 seconds
  Import took 0.014405 seconds .

========================================================================
Received Import Request.
  Time since last request: 0.000389 seconds.
  path: Assets/Nabeel Assets/Prefabs/PauseManager.prefab
  artifactKey: Guid(5a102c061382acc4fb35ad13aa0cdb46) Importer(815301076,1909f56bfc062723c751e8b465ee728b)
Start importing Assets/Nabeel Assets/Prefabs/PauseManager.prefab using Guid(5a102c061382acc4fb35ad13aa0cdb46) Importer(815301076,1909f56bfc062723c751e8b465ee728b)  -> (artifact id: 'd28c711d07bb19ef00e213327dfa16bc') in 0.004008 seconds
  Import took 0.007334 seconds .

========================================================================
Received Import Request.
  Time since last request: 0.000380 seconds.
  path: Assets/Nabeel Assets/Prefabs/EventSystem.prefab
  artifactKey: Guid(b94f470c720eda04a8dcd816ea37c869) Importer(815301076,1909f56bfc062723c751e8b465ee728b)
Start importing Assets/Nabeel Assets/Prefabs/EventSystem.prefab using Guid(b94f470c720eda04a8dcd816ea37c869) Importer(815301076,1909f56bfc062723c751e8b465ee728b)  -> (artifact id: 'ba710bb7aa6c1714df5242d1c5b7e8c6') in 0.005779 seconds
  Import took 0.075536 seconds .

========================================================================
Received Import Request.
  Time since last request: 0.000436 seconds.
  path: Assets/Nabeel Assets/Prefabs/PauseCanvas.prefab
  artifactKey: Guid(61fea68dd23c3f449ae32633e62eacd7) Importer(815301076,1909f56bfc062723c751e8b465ee728b)
Start importing Assets/Nabeel Assets/Prefabs/PauseCanvas.prefab using Guid(61fea68dd23c3f449ae32633e62eacd7) Importer(815301076,1909f56bfc062723c751e8b465ee728b)  -> (artifact id: 'b01427e66ad9a340e724f592b889c61f') in 0.117959 seconds
  Import took 0.121894 seconds .

========================================================================
Received Import Request.
  Time since last request: 0.000374 seconds.
  path: Assets/Nabeel Assets/Prefabs/Obstacle.prefab
  artifactKey: Guid(38ee48a598b1ebf45a7ac20ed9b42e2a) Importer(815301076,1909f56bfc062723c751e8b465ee728b)
Start importing Assets/Nabeel Assets/Prefabs/Obstacle.prefab using Guid(38ee48a598b1ebf45a7ac20ed9b42e2a) Importer(815301076,1909f56bfc062723c751e8b465ee728b)  -> (artifact id: 'd86c36648f2bd5846b2c4ce2643187d2') in 0.010907 seconds
  Import took 0.131520 seconds .

========================================================================
Received Import Request.
  Time since last request: 0.000396 seconds.
  path: Assets/Nabeel Assets/Prefabs/Invisible Walls.prefab
  artifactKey: Guid(6c66eb0fdf0b9d6419cf796cb8b93a6d) Importer(815301076,1909f56bfc062723c751e8b465ee728b)
Start importing Assets/Nabeel Assets/Prefabs/Invisible Walls.prefab using Guid(6c66eb0fdf0b9d6419cf796cb8b93a6d) Importer(815301076,1909f56bfc062723c751e8b465ee728b)  -> (artifact id: '0e2ae453e3d8c5eedc700e080a6d7df7') in 0.010428 seconds
  Import took 0.070228 seconds .

========================================================================
Received Import Request.
  Time since last request: 0.000413 seconds.
  path: Assets/Nabeel Assets/Prefabs/ObstacleSpawner.prefab
  artifactKey: Guid(d1d112f8d3b3df243bd95a5037114fb6) Importer(815301076,1909f56bfc062723c751e8b465ee728b)
Start importing Assets/Nabeel Assets/Prefabs/ObstacleSpawner.prefab using Guid(d1d112f8d3b3df243bd95a5037114fb6) Importer(815301076,1909f56bfc062723c751e8b465ee728b)  -> (artifact id: '517a7e82244eb23d5334eccd3dbac629') in 0.010673 seconds
  Import took 0.062095 seconds .

========================================================================
Received Import Request.
  Time since last request: 0.000398 seconds.
  path: Assets/Nabeel Assets/Prefabs/Deathzone.prefab
  artifactKey: Guid(46a24829feaa13f49b82759968ca9fc4) Importer(815301076,1909f56bfc062723c751e8b465ee728b)
Start importing Assets/Nabeel Assets/Prefabs/Deathzone.prefab using Guid(46a24829feaa13f49b82759968ca9fc4) Importer(815301076,1909f56bfc062723c751e8b465ee728b)  -> (artifact id: '1f053f58f6c79941e4e97463150740bf') in 0.003932 seconds
  Import took 0.008459 seconds .

========================================================================
Received Import Request.
  Time since last request: 0.000374 seconds.
  path: Assets/Nabeel Assets/Prefabs/ScoreManager.prefab
  artifactKey: Guid(3b376243b19af85479b0d08270135932) Importer(815301076,1909f56bfc062723c751e8b465ee728b)
Start importing Assets/Nabeel Assets/Prefabs/ScoreManager.prefab using Guid(3b376243b19af85479b0d08270135932) Importer(815301076,1909f56bfc062723c751e8b465ee728b)  -> (artifact id: '4568c7ec491a4e94c7602d79769e6f57') in 0.004453 seconds
  Import took 0.099642 seconds .

========================================================================
Received Import Request.
  Time since last request: 17.040913 seconds.
  path: Assets/Nabeel Assets/Prefabs/ObstacleSpawner.prefab
  artifactKey: Guid(d1d112f8d3b3df243bd95a5037114fb6) Importer(815301076,1909f56bfc062723c751e8b465ee728b)
Start importing Assets/Nabeel Assets/Prefabs/ObstacleSpawner.prefab using Guid(d1d112f8d3b3df243bd95a5037114fb6) Importer(815301076,1909f56bfc062723c751e8b465ee728b)  -> (artifact id: '2a1338d5d56b0ac8963a03f963926627') in 0.010749 seconds
  Import took 0.058061 seconds .

========================================================================
Received Import Request.
  Time since last request: 74.747635 seconds.
  path: Assets/Nabeel Assets/Scenes/Game1L2.unity
  artifactKey: Guid(05b259fde88a63044af133f8767d27f7) Importer(815301076,1909f56bfc062723c751e8b465ee728b)
Start importing Assets/Nabeel Assets/Scenes/Game1L2.unity using Guid(05b259fde88a63044af133f8767d27f7) Importer(815301076,1909f56bfc062723c751e8b465ee728b)  -> (artifact id: 'fb0db3a92606352863486c142f72de40') in 0.003556 seconds
  Import took 0.059406 seconds .

========================================================================
Received Prepare
Registering precompiled user dll's ...
Registered in 0.001066 seconds.
Begin MonoManager ReloadAssembly
Native extension for WindowsStandalone target not found
Refreshing native plugins compatible for Editor in 0.48 ms, found 1 plugins.
Preloading 0 native plugins for Editor in 0.00 ms.
Invoked RoslynAnalysisRunner static constructor.
RoslynAnalysisRunner will not be running.
RoslynAnalysisRunner has terminated.
Mono: successfully reloaded assembly
- Completed reload, in  1.136 seconds
Platform modules already initialized, skipping
Refreshing native plugins compatible for Editor in 0.45 ms, found 1 plugins.
Preloading 0 native plugins for Editor in 0.00 ms.
Unloading 1796 Unused Serialized files (Serialized files now loaded: 0)
System memory in use before: 88.3 MB.
System memory in use after: 88.5 MB.

Unloading 7 unused Assets to reduce memory usage. Loaded Objects now: 2275.
Total: 2.286100 ms (FindLiveObjects: 0.199900 ms CreateObjectMapping: 0.073000 ms MarkObjects: 1.985900 ms  DeleteObjects: 0.025900 ms)

========================================================================
Received Prepare
Registering precompiled user dll's ...
Registered in 0.001212 seconds.
Begin MonoManager ReloadAssembly
Native extension for WindowsStandalone target not found
Refreshing native plugins compatible for Editor in 0.46 ms, found 1 plugins.
Preloading 0 native plugins for Editor in 0.00 ms.
Invoked RoslynAnalysisRunner static constructor.
RoslynAnalysisRunner will not be running.
RoslynAnalysisRunner has terminated.
Mono: successfully reloaded assembly
- Completed reload, in  1.137 seconds
Platform modules already initialized, skipping
Refreshing native plugins compatible for Editor in 0.47 ms, found 1 plugins.
Preloading 0 native plugins for Editor in 0.00 ms.
Unloading 1796 Unused Serialized files (Serialized files now loaded: 0)
System memory in use before: 88.5 MB.
System memory in use after: 88.6 MB.

Unloading 7 unused Assets to reduce memory usage. Loaded Objects now: 2278.
Total: 2.230100 ms (FindLiveObjects: 0.216800 ms CreateObjectMapping: 0.073200 ms MarkObjects: 1.896100 ms  DeleteObjects: 0.035100 ms)

========================================================================
Received Import Request.
  Time since last request: 58.296866 seconds.
  path: Assets/Nabeel Assets/Scenes/Game1L3.unity
  artifactKey: Guid(5eac5b018738b624fbdac4125ff1cd02) Importer(815301076,1909f56bfc062723c751e8b465ee728b)
Start importing Assets/Nabeel Assets/Scenes/Game1L3.unity using Guid(5eac5b018738b624fbdac4125ff1cd02) Importer(815301076,1909f56bfc062723c751e8b465ee728b)  -> (artifact id: 'd98ffa133bf88085ffd7b5c77639b8a5') in 0.039776 seconds
  Import took 0.057704 seconds .

========================================================================
Received Prepare
Registering precompiled user dll's ...
Registered in 0.001065 seconds.
Begin MonoManager ReloadAssembly
Native extension for WindowsStandalone target not found
Refreshing native plugins compatible for Editor in 0.45 ms, found 1 plugins.
Preloading 0 native plugins for Editor in 0.00 ms.
Invoked RoslynAnalysisRunner static constructor.
RoslynAnalysisRunner will not be running.
RoslynAnalysisRunner has terminated.
Mono: successfully reloaded assembly
- Completed reload, in  1.124 seconds
Platform modules already initialized, skipping
Refreshing native plugins compatible for Editor in 0.48 ms, found 1 plugins.
Preloading 0 native plugins for Editor in 0.00 ms.
Unloading 1796 Unused Serialized files (Serialized files now loaded: 0)
System memory in use before: 88.7 MB.
System memory in use after: 88.9 MB.

Unloading 7 unused Assets to reduce memory usage. Loaded Objects now: 2281.
Total: 2.279200 ms (FindLiveObjects: 0.192700 ms CreateObjectMapping: 0.072400 ms MarkObjects: 1.986300 ms  DeleteObjects: 0.026400 ms)

========================================================================
Received Import Request.
  Time since last request: 35.003250 seconds.
  path: Assets/Nabeel Assets/Scenes/Game1L2.unity
  artifactKey: Guid(05b259fde88a63044af133f8767d27f7) Importer(815301076,1909f56bfc062723c751e8b465ee728b)
Start importing Assets/Nabeel Assets/Scenes/Game1L2.unity using Guid(05b259fde88a63044af133f8767d27f7) Importer(815301076,1909f56bfc062723c751e8b465ee728b)  -> (artifact id: '7008a5aa324cf6536d960c50b7574cf3') in 0.017210 seconds
  Import took 0.030071 seconds .

========================================================================
Received Prepare
Registering precompiled user dll's ...
Registered in 0.001051 seconds.
Begin MonoManager ReloadAssembly
Native extension for WindowsStandalone target not found
Refreshing native plugins compatible for Editor in 0.50 ms, found 1 plugins.
Preloading 0 native plugins for Editor in 0.00 ms.
Invoked RoslynAnalysisRunner static constructor.
RoslynAnalysisRunner will not be running.
RoslynAnalysisRunner has terminated.
Mono: successfully reloaded assembly
- Completed reload, in  1.131 seconds
Platform modules already initialized, skipping
Refreshing native plugins compatible for Editor in 0.46 ms, found 1 plugins.
Preloading 0 native plugins for Editor in 0.00 ms.
Unloading 1796 Unused Serialized files (Serialized files now loaded: 0)
System memory in use before: 88.9 MB.
System memory in use after: 89.0 MB.

Unloading 7 unused Assets to reduce memory usage. Loaded Objects now: 2284.
Total: 2.408100 ms (FindLiveObjects: 0.345200 ms CreateObjectMapping: 0.078500 ms MarkObjects: 1.956800 ms  DeleteObjects: 0.026100 ms)

========================================================================
Received Import Request.
  Time since last request: 7.359841 seconds.
  path: Assets/Nabeel Assets/Scenes/Game1L3.unity
  artifactKey: Guid(5eac5b018738b624fbdac4125ff1cd02) Importer(815301076,1909f56bfc062723c751e8b465ee728b)
Start importing Assets/Nabeel Assets/Scenes/Game1L3.unity using Guid(5eac5b018738b624fbdac4125ff1cd02) Importer(815301076,1909f56bfc062723c751e8b465ee728b)  -> (artifact id: '1d47f68a8c87920d990f58d742f63ccd') in 0.017311 seconds
  Import took 0.069009 seconds .

========================================================================
Received Import Request.
  Time since last request: 13.898443 seconds.
  path: Assets/Nabeel Assets/Scenes/Game1L1.unity
  artifactKey: Guid(0257597e036217543a63bff1fac4166b) Importer(815301076,1909f56bfc062723c751e8b465ee728b)
Start importing Assets/Nabeel Assets/Scenes/Game1L1.unity using Guid(0257597e036217543a63bff1fac4166b) Importer(815301076,1909f56bfc062723c751e8b465ee728b)  -> (artifact id: 'a1da60d1b56eb1a52bb3bb976416de5a') in 0.002761 seconds
  Import took 0.033030 seconds .

========================================================================
Received Import Request.
  Time since last request: 3.459014 seconds.
  path: Assets/MainMenu.unity
  artifactKey: Guid(aad2f2020f1857f49ac6c048885b4fa3) Importer(815301076,1909f56bfc062723c751e8b465ee728b)
Start importing Assets/MainMenu.unity using Guid(aad2f2020f1857f49ac6c048885b4fa3) Importer(815301076,1909f56bfc062723c751e8b465ee728b)  -> (artifact id: 'f49e8ecc50017ab339673bc18116a95d') in 0.002905 seconds
  Import took 0.018138 seconds .

========================================================================
Received Import Request.
  Time since last request: 464.633868 seconds.
  path: Assets/Aly Assets/Scripts/MainMenu.cs
  artifactKey: Guid(a32bdac6123561a4684a1b4117a8b596) Importer(815301076,1909f56bfc062723c751e8b465ee728b)
Start importing Assets/Aly Assets/Scripts/MainMenu.cs using Guid(a32bdac6123561a4684a1b4117a8b596) Importer(815301076,1909f56bfc062723c751e8b465ee728b)  -> (artifact id: '9a7225e561721164c5426405b0174e84') in 0.087645 seconds
  Import took 0.117262 seconds .

========================================================================
Received Prepare
Registering precompiled user dll's ...
Registered in 0.001217 seconds.
Begin MonoManager ReloadAssembly
Native extension for WindowsStandalone target not found
Refreshing native plugins compatible for Editor in 0.49 ms, found 1 plugins.
Preloading 0 native plugins for Editor in 0.00 ms.
Invoked RoslynAnalysisRunner static constructor.
RoslynAnalysisRunner will not be running.
RoslynAnalysisRunner has terminated.
Mono: successfully reloaded assembly
- Completed reload, in  1.099 seconds
Platform modules already initialized, skipping
Refreshing native plugins compatible for Editor in 0.47 ms, found 1 plugins.
Preloading 0 native plugins for Editor in 0.00 ms.
Unloading 1796 Unused Serialized files (Serialized files now loaded: 0)
System memory in use before: 89.1 MB.
System memory in use after: 89.2 MB.

Unloading 7 unused Assets to reduce memory usage. Loaded Objects now: 2287.
Total: 2.360100 ms (FindLiveObjects: 0.189400 ms CreateObjectMapping: 0.075700 ms MarkObjects: 2.072400 ms  DeleteObjects: 0.020800 ms)

========================================================================
Received Import Request.
  Time since last request: 181.977676 seconds.
  path: Assets/Aly Assets/Scripts/MainMenu.cs
  artifactKey: Guid(a32bdac6123561a4684a1b4117a8b596) Importer(815301076,1909f56bfc062723c751e8b465ee728b)
Start importing Assets/Aly Assets/Scripts/MainMenu.cs using Guid(a32bdac6123561a4684a1b4117a8b596) Importer(815301076,1909f56bfc062723c751e8b465ee728b)  -> (artifact id: '7aa6b46318d856280dbfbaf6723e3773') in 0.005247 seconds
  Import took 0.037234 seconds .

========================================================================
Received Import Request.
  Time since last request: 90.505130 seconds.
  path: Assets/Aly Assets/Scripts/EenemySight.cs
  artifactKey: Guid(0dfa6b5e9faa11b45baf4e916fb160b4) Importer(815301076,1909f56bfc062723c751e8b465ee728b)
Start importing Assets/Aly Assets/Scripts/EenemySight.cs using Guid(0dfa6b5e9faa11b45baf4e916fb160b4) Importer(815301076,1909f56bfc062723c751e8b465ee728b)  -> (artifact id: 'af1e09bdb35a7067c6c4eee06053a1bb') in 0.002174 seconds
  Import took 0.006177 seconds .

========================================================================
Received Import Request.
  Time since last request: 0.270700 seconds.
  path: Assets/Aly Assets/Scripts/EenemySight.cs
  artifactKey: Guid(0dfa6b5e9faa11b45baf4e916fb160b4) Importer(815301076,1909f56bfc062723c751e8b465ee728b)
Start importing Assets/Aly Assets/Scripts/EenemySight.cs using Guid(0dfa6b5e9faa11b45baf4e916fb160b4) Importer(815301076,1909f56bfc062723c751e8b465ee728b)  -> (artifact id: 'af1e09bdb35a7067c6c4eee06053a1bb') in 0.192987 seconds
  Import took 0.197065 seconds .

========================================================================
Received Prepare
Registering precompiled user dll's ...
Registered in 0.105655 seconds.
Begin MonoManager ReloadAssembly
Native extension for WindowsStandalone target not found
Refreshing native plugins compatible for Editor in 0.45 ms, found 1 plugins.
Preloading 0 native plugins for Editor in 0.00 ms.
Invoked RoslynAnalysisRunner static constructor.
RoslynAnalysisRunner will not be running.
RoslynAnalysisRunner has terminated.
Mono: successfully reloaded assembly
- Completed reload, in  1.202 seconds
Platform modules already initialized, skipping
Refreshing native plugins compatible for Editor in 0.47 ms, found 1 plugins.
Preloading 0 native plugins for Editor in 0.00 ms.
Unloading 1794 Unused Serialized files (Serialized files now loaded: 0)
System memory in use before: 89.1 MB.
System memory in use after: 89.2 MB.

Unloading 8 unused Assets to reduce memory usage. Loaded Objects now: 2288.
Total: 2.467700 ms (FindLiveObjects: 0.245700 ms CreateObjectMapping: 0.073100 ms MarkObjects: 2.115300 ms  DeleteObjects: 0.031400 ms)

========================================================================
Received Prepare
Registering precompiled user dll's ...
Registered in 0.001061 seconds.
Begin MonoManager ReloadAssembly
Native extension for WindowsStandalone target not found
Refreshing native plugins compatible for Editor in 0.44 ms, found 1 plugins.
Preloading 0 native plugins for Editor in 0.00 ms.
Invoked RoslynAnalysisRunner static constructor.
RoslynAnalysisRunner will not be running.
RoslynAnalysisRunner has terminated.
Mono: successfully reloaded assembly
- Completed reload, in  1.128 seconds
Platform modules already initialized, skipping
Refreshing native plugins compatible for Editor in 0.47 ms, found 1 plugins.
Preloading 0 native plugins for Editor in 0.00 ms.
Unloading 1794 Unused Serialized files (Serialized files now loaded: 0)
System memory in use before: 89.4 MB.
System memory in use after: 89.5 MB.

Unloading 7 unused Assets to reduce memory usage. Loaded Objects now: 2291.
Total: 2.470700 ms (FindLiveObjects: 0.207300 ms CreateObjectMapping: 0.072100 ms MarkObjects: 2.161000 ms  DeleteObjects: 0.028500 ms)

========================================================================
Received Import Request.
  Time since last request: 105.351395 seconds.
  path: Assets/Aly Assets/2D Sprites/Square.png
  artifactKey: Guid(059945f5c37473449b8492647164a4a4) Importer(815301076,1909f56bfc062723c751e8b465ee728b)
Start importing Assets/Aly Assets/2D Sprites/Square.png using Guid(059945f5c37473449b8492647164a4a4) Importer(815301076,1909f56bfc062723c751e8b465ee728b)  -> (artifact id: '69eb381597acdf19166946b8e864c2c1') in 0.629154 seconds
  Import took 0.681717 seconds .

========================================================================
Received Import Request.
  Time since last request: 0.000511 seconds.
  path: Assets/Aly Assets/2D Sprites/alien.png
  artifactKey: Guid(6a0b0082fea580a47b0fac4547ed8581) Importer(815301076,1909f56bfc062723c751e8b465ee728b)
Start importing Assets/Aly Assets/2D Sprites/alien.png using Guid(6a0b0082fea580a47b0fac4547ed8581) Importer(815301076,1909f56bfc062723c751e8b465ee728b)  -> (artifact id: 'a27c94b54a04381deeda6d46705fc413') in 0.012002 seconds
  Import took 0.025975 seconds .

========================================================================
Received Import Request.
  Time since last request: 0.000448 seconds.
  path: Assets/Aly Assets/2D Sprites/Circle.png
  artifactKey: Guid(9da0773155fb1b2409fb69c9b62c554e) Importer(815301076,1909f56bfc062723c751e8b465ee728b)
Start importing Assets/Aly Assets/2D Sprites/Circle.png using Guid(9da0773155fb1b2409fb69c9b62c554e) Importer(815301076,1909f56bfc062723c751e8b465ee728b)  -> (artifact id: 'edfb6cadc7b5f329df2d629dfc35faa3') in 0.013602 seconds
  Import took 0.057581 seconds .

========================================================================
Received Import Request.
  Time since last request: 0.000373 seconds.
  path: Assets/Aly Assets/2D Sprites/survivor-idle_knife_0.png
  artifactKey: Guid(c41945ff9379bfe438933294ac6cf19c) Importer(815301076,1909f56bfc062723c751e8b465ee728b)
Start importing Assets/Aly Assets/2D Sprites/survivor-idle_knife_0.png using Guid(c41945ff9379bfe438933294ac6cf19c) Importer(815301076,1909f56bfc062723c751e8b465ee728b)  -> (artifact id: '4b8c0865613222186a142a74f4871276') in 0.013251 seconds
  Import took 0.017381 seconds .

========================================================================
Received Import Request.
  Time since last request: 0.000340 seconds.
  path: Assets/Aly Assets/2D Sprites/27516-2-portal-photos.png
  artifactKey: Guid(0dd0e6d8e06838442a0ae3411f3730e0) Importer(815301076,1909f56bfc062723c751e8b465ee728b)
Start importing Assets/Aly Assets/2D Sprites/27516-2-portal-photos.png using Guid(0dd0e6d8e06838442a0ae3411f3730e0) Importer(815301076,1909f56bfc062723c751e8b465ee728b)  -> (artifact id: '8c59d51c1d3c598ae04a8957e5a7a23f') in 0.034410 seconds
  Import took 0.038542 seconds .

========================================================================
Received Import Request.
  Time since last request: 0.000361 seconds.
  path: Assets/Aly Assets/2D Sprites/wallpaperflare.com_wallpaper.jpg
  artifactKey: Guid(9cc9e0a6ea54a4149ab80c8aad69ed3b) Importer(815301076,1909f56bfc062723c751e8b465ee728b)
Start importing Assets/Aly Assets/2D Sprites/wallpaperflare.com_wallpaper.jpg using Guid(9cc9e0a6ea54a4149ab80c8aad69ed3b) Importer(815301076,1909f56bfc062723c751e8b465ee728b)  -> (artifact id: '882d7ca1d23e4078e2fba0dd9c5a1c4c') in 0.071757 seconds
  Import took 0.075270 seconds .

========================================================================
Received Import Request.
  Time since last request: 52.118963 seconds.
  path: Assets/MainMenu.unity
  artifactKey: Guid(aad2f2020f1857f49ac6c048885b4fa3) Importer(815301076,1909f56bfc062723c751e8b465ee728b)
Start importing Assets/MainMenu.unity using Guid(aad2f2020f1857f49ac6c048885b4fa3) Importer(815301076,1909f56bfc062723c751e8b465ee728b)  -> (artifact id: '0f503cb0f0130c7404bf308d7c1a7dad') in 0.002774 seconds
  Import took 0.007650 seconds .

========================================================================
Received Prepare
Registering precompiled user dll's ...
Registered in 0.001052 seconds.
Begin MonoManager ReloadAssembly
Native extension for WindowsStandalone target not found
Refreshing native plugins compatible for Editor in 0.47 ms, found 1 plugins.
Preloading 0 native plugins for Editor in 0.00 ms.
Invoked RoslynAnalysisRunner static constructor.
RoslynAnalysisRunner will not be running.
RoslynAnalysisRunner has terminated.
Mono: successfully reloaded assembly
- Completed reload, in  1.161 seconds
Platform modules already initialized, skipping
Refreshing native plugins compatible for Editor in 0.46 ms, found 1 plugins.
Preloading 0 native plugins for Editor in 0.00 ms.
Unloading 1794 Unused Serialized files (Serialized files now loaded: 0)
System memory in use before: 89.6 MB.
System memory in use after: 89.7 MB.

Unloading 7 unused Assets to reduce memory usage. Loaded Objects now: 2303.
Total: 2.309700 ms (FindLiveObjects: 0.205900 ms CreateObjectMapping: 0.074300 ms MarkObjects: 2.001300 ms  DeleteObjects: 0.026800 ms)

========================================================================
Received Prepare
Refreshing native plugins compatible for Editor in 1.95 ms, found 1 plugins.
Preloading 0 native plugins for Editor in 0.00 ms.
Unloading 5 Unused Serialized files (Serialized files now loaded: 0)
System memory in use before: 54.4 MB.
System memory in use after: 54.5 MB.

Unloading 5 unused Assets to reduce memory usage. Loaded Objects now: 2303.
Total: 2.496400 ms (FindLiveObjects: 0.240300 ms CreateObjectMapping: 0.073600 ms MarkObjects: 2.156400 ms  DeleteObjects: 0.024000 ms)

========================================================================
Received Prepare
Registering precompiled user dll's ...
Registered in 0.001060 seconds.
Begin MonoManager ReloadAssembly
Native extension for WindowsStandalone target not found
Refreshing native plugins compatible for Editor in 0.47 ms, found 1 plugins.
Preloading 0 native plugins for Editor in 0.00 ms.
Invoked RoslynAnalysisRunner static constructor.
RoslynAnalysisRunner will not be running.
RoslynAnalysisRunner has terminated.
Mono: successfully reloaded assembly
- Completed reload, in  1.227 seconds
Platform modules already initialized, skipping
Refreshing native plugins compatible for Editor in 0.46 ms, found 1 plugins.
Preloading 0 native plugins for Editor in 0.00 ms.
Unloading 1794 Unused Serialized files (Serialized files now loaded: 0)
System memory in use before: 89.9 MB.
System memory in use after: 90.1 MB.

Unloading 7 unused Assets to reduce memory usage. Loaded Objects now: 2306.
Total: 2.381300 ms (FindLiveObjects: 0.201400 ms CreateObjectMapping: 0.074100 ms MarkObjects: 2.077200 ms  DeleteObjects: 0.027300 ms)

========================================================================
Received Prepare
Refreshing native plugins compatible for Editor in 1.92 ms, found 1 plugins.
Preloading 0 native plugins for Editor in 0.00 ms.
Unloading 5 Unused Serialized files (Serialized files now loaded: 0)
System memory in use before: 54.7 MB.
System memory in use after: 54.9 MB.

Unloading 5 unused Assets to reduce memory usage. Loaded Objects now: 2306.
Total: 2.579100 ms (FindLiveObjects: 0.252400 ms CreateObjectMapping: 0.094700 ms MarkObjects: 2.197600 ms  DeleteObjects: 0.032900 ms)

AssetImportWorkerClient::OnTransportError - code=2 error=End of file
