Using pre-set license
Built from '2020.2/release' branch; Version is '2020.2.0f1 (3721df5a8b28) revision 3613151'; Using compiler version '192528614'; Build Type 'Release'
OS: 'Windows 10  (10.0.0) 64bit' Language: 'en' Physical Memory: 6102 MB
BatchMode: 1, IsHumanControllingUs: 0, StartBugReporterOnCrash: 0, Is64bit: 1, IsPro: 0

 COMMAND LINE ARGUMENTS:
D:\Tools\Unity 2018.4\Editors\2020.2.0f1\Editor\Unity.exe
-adb2
-batchMode
-noUpm
-name
AssetImportWorker0
-projectPath
D:/Tools/Unity Projects/SAE/EscapefromtheSpacolosseum
-logFile
Logs/AssetImportWorker0.log
-srvPort
59449
Successfully changed project path to: D:/Tools/Unity Projects/SAE/EscapefromtheSpacolosseum
D:/Tools/Unity Projects/SAE/EscapefromtheSpacolosseum
Using Asset Import Pipeline V2.
Refreshing native plugins compatible for Editor in 58.24 ms, found 1 plugins.
Preloading 0 native plugins for Editor in 0.00 ms.
Initialize engine version: 2020.2.0f1 (3721df5a8b28)
[Subsystems] Discovering subsystems at path D:/Tools/Unity 2018.4/Editors/2020.2.0f1/Editor/Data/Resources/UnitySubsystems
[Subsystems] Discovering subsystems at path D:/Tools/Unity Projects/SAE/EscapefromtheSpacolosseum/Assets
GfxDevice: creating device client; threaded=0
Direct3D:
    Version:  Direct3D 11.0 [level 11.0]
    Renderer: NVIDIA GeForce GT 730 (ID=0x1287)
    Vendor:   
    VRAM:     4052 MB
    Driver:   30.0.14.7212
Initialize mono
Mono path[0] = 'D:/Tools/Unity 2018.4/Editors/2020.2.0f1/Editor/Data/Managed'
Mono path[1] = 'D:/Tools/Unity 2018.4/Editors/2020.2.0f1/Editor/Data/MonoBleedingEdge/lib/mono/unityjit'
Mono config path = 'D:/Tools/Unity 2018.4/Editors/2020.2.0f1/Editor/Data/MonoBleedingEdge/etc'
Using monoOptions --debugger-agent=transport=dt_socket,embedding=1,server=y,suspend=n,address=127.0.0.1:56844
Begin MonoManager ReloadAssembly
Registering precompiled unity dll's ...
Register platform support module: D:/Tools/Unity 2018.4/Editors/2020.2.0f1/Editor/Data/PlaybackEngines/WindowsStandaloneSupport/UnityEditor.WindowsStandalone.Extensions.dll
Registered in 0.001682 seconds.
Native extension for WindowsStandalone target not found
Refreshing native plugins compatible for Editor in 94.72 ms, found 1 plugins.
Preloading 0 native plugins for Editor in 0.00 ms.
Invoked RoslynAnalysisRunner static constructor.
RoslynAnalysisRunner will not be running.
RoslynAnalysisRunner has terminated.
Mono: successfully reloaded assembly
- Completed reload, in  1.522 seconds
Platform modules already initialized, skipping
Registering precompiled user dll's ...
Registered in 0.001174 seconds.
Begin MonoManager ReloadAssembly
Native extension for WindowsStandalone target not found
Refreshing native plugins compatible for Editor in 54.72 ms, found 1 plugins.
Preloading 0 native plugins for Editor in 0.00 ms.
Invoked RoslynAnalysisRunner static constructor.
RoslynAnalysisRunner will not be running.
RoslynAnalysisRunner has terminated.
Mono: successfully reloaded assembly
- Completed reload, in  1.322 seconds
Platform modules already initialized, skipping
========================================================================
Worker process is ready to serve import requests
Launched and connected shader compiler UnityShaderCompiler.exe after 0.08 seconds
Refreshing native plugins compatible for Editor in 0.51 ms, found 1 plugins.
Preloading 0 native plugins for Editor in 0.00 ms.
Unloading 1820 Unused Serialized files (Serialized files now loaded: 0)
System memory in use before: 86.2 MB.
System memory in use after: 86.3 MB.

Unloading 19 unused Assets to reduce memory usage. Loaded Objects now: 2266.
Total: 2.417300 ms (FindLiveObjects: 0.225900 ms CreateObjectMapping: 0.078400 ms MarkObjects: 2.031800 ms  DeleteObjects: 0.079600 ms)

========================================================================
Received Import Request.
  path: Assets/Aly Assets/Scenes
  artifactKey: Guid(b25a1f06631508c41bd96d3666207867) Importer(815301076,1909f56bfc062723c751e8b465ee728b)
Start importing Assets/Aly Assets/Scenes using Guid(b25a1f06631508c41bd96d3666207867) Importer(815301076,1909f56bfc062723c751e8b465ee728b)  -> (artifact id: '6208cc074dcd3ad3ad8d483856f0dbdb') in 0.035359 seconds
  Import took 0.089467 seconds .

========================================================================
Received Import Request.
  Time since last request: 29.202920 seconds.
  path: Assets/Aly Assets/Scenes/Game2L1.unity
  artifactKey: Guid(46e92db6eaa96014f867f74eecdb3dfe) Importer(815301076,1909f56bfc062723c751e8b465ee728b)
Start importing Assets/Aly Assets/Scenes/Game2L1.unity using Guid(46e92db6eaa96014f867f74eecdb3dfe) Importer(815301076,1909f56bfc062723c751e8b465ee728b)  -> (artifact id: '5b10800ed0555af8e000ca6125417a69') in 0.013952 seconds
  Import took 0.035967 seconds .

========================================================================
Received Import Request.
  Time since last request: 17.250164 seconds.
  path: Assets/Aly Assets/Scenes/Game2L3.unity
  artifactKey: Guid(f8381055159aef64f920445b77fd1274) Importer(815301076,1909f56bfc062723c751e8b465ee728b)
Start importing Assets/Aly Assets/Scenes/Game2L3.unity using Guid(f8381055159aef64f920445b77fd1274) Importer(815301076,1909f56bfc062723c751e8b465ee728b)  -> (artifact id: '0bb241da399d32b7c0abbc6d697894cb') in 0.003587 seconds
  Import took 0.030605 seconds .

========================================================================
Received Prepare
Registering precompiled user dll's ...
Registered in 0.001095 seconds.
Begin MonoManager ReloadAssembly
Native extension for WindowsStandalone target not found
Refreshing native plugins compatible for Editor in 0.46 ms, found 1 plugins.
Preloading 0 native plugins for Editor in 0.00 ms.
Invoked RoslynAnalysisRunner static constructor.
RoslynAnalysisRunner will not be running.
RoslynAnalysisRunner has terminated.
Mono: successfully reloaded assembly
- Completed reload, in  1.141 seconds
Platform modules already initialized, skipping
Refreshing native plugins compatible for Editor in 0.48 ms, found 1 plugins.
Preloading 0 native plugins for Editor in 0.00 ms.
Unloading 1797 Unused Serialized files (Serialized files now loaded: 0)
System memory in use before: 84.9 MB.
System memory in use after: 85.1 MB.

Unloading 7 unused Assets to reduce memory usage. Loaded Objects now: 2269.
Total: 2.245100 ms (FindLiveObjects: 0.199100 ms CreateObjectMapping: 0.073100 ms MarkObjects: 1.951400 ms  DeleteObjects: 0.019900 ms)

========================================================================
Received Import Request.
  Time since last request: 19.355336 seconds.
  path: Assets/Aly Assets/Scenes/Game2Lose.unity
  artifactKey: Guid(3c1f3828ee407334daf10fb03034be82) Importer(815301076,1909f56bfc062723c751e8b465ee728b)
Start importing Assets/Aly Assets/Scenes/Game2Lose.unity using Guid(3c1f3828ee407334daf10fb03034be82) Importer(815301076,1909f56bfc062723c751e8b465ee728b)  -> (artifact id: 'c1107ea51039e9123c2163d4087f58c7') in 0.016852 seconds
  Import took 0.032322 seconds .

========================================================================
Received Import Request.
  Time since last request: 197.773371 seconds.
  path: Assets/Aly Assets/Scripts/MainMenu.cs
  artifactKey: Guid(a32bdac6123561a4684a1b4117a8b596) Importer(815301076,1909f56bfc062723c751e8b465ee728b)
Start importing Assets/Aly Assets/Scripts/MainMenu.cs using Guid(a32bdac6123561a4684a1b4117a8b596) Importer(815301076,1909f56bfc062723c751e8b465ee728b)  -> (artifact id: 'ad400fd36e4bf1629f210bcaa0ef7219') in 0.809399 seconds
  Import took 1.245655 seconds .

========================================================================
Received Import Request.
  Time since last request: 44.639860 seconds.
  path: Assets/Aly Assets/Scripts/MainMenu.cs
  artifactKey: Guid(a32bdac6123561a4684a1b4117a8b596) Importer(815301076,1909f56bfc062723c751e8b465ee728b)
Start importing Assets/Aly Assets/Scripts/MainMenu.cs using Guid(a32bdac6123561a4684a1b4117a8b596) Importer(815301076,1909f56bfc062723c751e8b465ee728b)  -> (artifact id: 'ad662c5b1531da5c5057e03ca888aed9') in 0.003923 seconds
  Import took 0.010943 seconds .

========================================================================
Received Import Request.
  Time since last request: 0.003162 seconds.
  path: Assets/Aly Assets/Scripts/MainMenu.cs
  artifactKey: Guid(a32bdac6123561a4684a1b4117a8b596) Importer(815301076,1909f56bfc062723c751e8b465ee728b)
Start importing Assets/Aly Assets/Scripts/MainMenu.cs using Guid(a32bdac6123561a4684a1b4117a8b596) Importer(815301076,1909f56bfc062723c751e8b465ee728b)  -> (artifact id: 'ad662c5b1531da5c5057e03ca888aed9') in 0.002757 seconds
  Import took 0.007555 seconds .

========================================================================
Received Prepare
Registering precompiled user dll's ...
Registered in 0.001410 seconds.
Begin MonoManager ReloadAssembly
Native extension for WindowsStandalone target not found
Refreshing native plugins compatible for Editor in 0.66 ms, found 1 plugins.
Preloading 0 native plugins for Editor in 0.00 ms.
Invoked RoslynAnalysisRunner static constructor.
RoslynAnalysisRunner will not be running.
RoslynAnalysisRunner has terminated.
Mono: successfully reloaded assembly
- Completed reload, in  1.121 seconds
Platform modules already initialized, skipping
Refreshing native plugins compatible for Editor in 0.49 ms, found 1 plugins.
Preloading 0 native plugins for Editor in 0.00 ms.
Unloading 1797 Unused Serialized files (Serialized files now loaded: 0)
System memory in use before: 85.1 MB.
System memory in use after: 85.3 MB.

Unloading 7 unused Assets to reduce memory usage. Loaded Objects now: 2272.
Total: 2.234300 ms (FindLiveObjects: 0.212200 ms CreateObjectMapping: 0.088600 ms MarkObjects: 1.912200 ms  DeleteObjects: 0.019900 ms)

========================================================================
Received Import Request.
  Time since last request: 120.913400 seconds.
  path: Assets/Aly Assets/Scenes/Game2Win.unity
  artifactKey: Guid(30744280cfd872849aa6408e1b293e65) Importer(815301076,1909f56bfc062723c751e8b465ee728b)
Start importing Assets/Aly Assets/Scenes/Game2Win.unity using Guid(30744280cfd872849aa6408e1b293e65) Importer(815301076,1909f56bfc062723c751e8b465ee728b)  -> (artifact id: '7ca2ef1d6f74359b7a6ce8c6ac66f892') in 0.038589 seconds
  Import took 0.056897 seconds .

========================================================================
Received Import Request.
  Time since last request: 69.988426 seconds.
  path: Assets/Aly Assets/Scenes/Game2Lose.unity
  artifactKey: Guid(3c1f3828ee407334daf10fb03034be82) Importer(815301076,1909f56bfc062723c751e8b465ee728b)
Start importing Assets/Aly Assets/Scenes/Game2Lose.unity using Guid(3c1f3828ee407334daf10fb03034be82) Importer(815301076,1909f56bfc062723c751e8b465ee728b)  -> (artifact id: '20dc6898af91a7c5d121a6f2b993625f') in 0.003116 seconds
  Import took 0.032447 seconds .

========================================================================
Received Import Request.
  Time since last request: 1.563896 seconds.
  path: Assets/Aly Assets/Scenes/Game2Win.unity
  artifactKey: Guid(30744280cfd872849aa6408e1b293e65) Importer(815301076,1909f56bfc062723c751e8b465ee728b)
Start importing Assets/Aly Assets/Scenes/Game2Win.unity using Guid(30744280cfd872849aa6408e1b293e65) Importer(815301076,1909f56bfc062723c751e8b465ee728b)  -> (artifact id: '57d2d390c39160222f39c14e3510c516') in 0.004575 seconds
  Import took 0.026079 seconds .

========================================================================
Received Prepare
Registering precompiled user dll's ...
Registered in 0.001181 seconds.
Begin MonoManager ReloadAssembly
Native extension for WindowsStandalone target not found
Refreshing native plugins compatible for Editor in 0.46 ms, found 1 plugins.
Preloading 0 native plugins for Editor in 0.00 ms.
Invoked RoslynAnalysisRunner static constructor.
RoslynAnalysisRunner will not be running.
RoslynAnalysisRunner has terminated.
Mono: successfully reloaded assembly
- Completed reload, in  1.159 seconds
Platform modules already initialized, skipping
Refreshing native plugins compatible for Editor in 0.50 ms, found 1 plugins.
Preloading 0 native plugins for Editor in 0.00 ms.
Unloading 1797 Unused Serialized files (Serialized files now loaded: 0)
System memory in use before: 85.3 MB.
System memory in use after: 85.5 MB.

Unloading 7 unused Assets to reduce memory usage. Loaded Objects now: 2275.
Total: 2.361500 ms (FindLiveObjects: 0.206400 ms CreateObjectMapping: 0.073300 ms MarkObjects: 2.051500 ms  DeleteObjects: 0.026700 ms)

========================================================================
Received Import Request.
  Time since last request: 8.107756 seconds.
  path: Assets/Aly Assets/Scenes/Game2Win.unity
  artifactKey: Guid(30744280cfd872849aa6408e1b293e65) Importer(815301076,1909f56bfc062723c751e8b465ee728b)
Start importing Assets/Aly Assets/Scenes/Game2Win.unity using Guid(30744280cfd872849aa6408e1b293e65) Importer(815301076,1909f56bfc062723c751e8b465ee728b)  -> (artifact id: 'f56f5a17a193774659ae434267bab296') in 0.013782 seconds
  Import took 0.017791 seconds .

========================================================================
Received Import Request.
  Time since last request: 5.516596 seconds.
  path: Assets/Aly Assets/Scenes/Game2Lose.unity
  artifactKey: Guid(3c1f3828ee407334daf10fb03034be82) Importer(815301076,1909f56bfc062723c751e8b465ee728b)
Start importing Assets/Aly Assets/Scenes/Game2Lose.unity using Guid(3c1f3828ee407334daf10fb03034be82) Importer(815301076,1909f56bfc062723c751e8b465ee728b)  -> (artifact id: '98acaad35fcaa78f6073f6f2fdb0e09a') in 0.003455 seconds
  Import took 0.061087 seconds .

========================================================================
Received Import Request.
  Time since last request: 9.399308 seconds.
  path: Assets/Aly Assets/Scenes/Game2Lose.unity
  artifactKey: Guid(3c1f3828ee407334daf10fb03034be82) Importer(815301076,1909f56bfc062723c751e8b465ee728b)
Start importing Assets/Aly Assets/Scenes/Game2Lose.unity using Guid(3c1f3828ee407334daf10fb03034be82) Importer(815301076,1909f56bfc062723c751e8b465ee728b)  -> (artifact id: '25c9a727638094c133bc24cd4c31ed93') in 0.003748 seconds
  Import took 0.008473 seconds .

========================================================================
Received Import Request.
  Time since last request: 0.000849 seconds.
  path: Assets/Aly Assets/Scenes/Game2Lose.unity
  artifactKey: Guid(3c1f3828ee407334daf10fb03034be82) Importer(815301076,1909f56bfc062723c751e8b465ee728b)
Start importing Assets/Aly Assets/Scenes/Game2Lose.unity using Guid(3c1f3828ee407334daf10fb03034be82) Importer(815301076,1909f56bfc062723c751e8b465ee728b)  -> (artifact id: '25c9a727638094c133bc24cd4c31ed93') in 0.002649 seconds
  Import took 0.007130 seconds .

========================================================================
Received Import Request.
  Time since last request: 42.715465 seconds.
  path: Assets/Aly Assets/2D Sprites/27516-2-portal-photos.png
  artifactKey: Guid(0dd0e6d8e06838442a0ae3411f3730e0) Importer(815301076,1909f56bfc062723c751e8b465ee728b)
Start importing Assets/Aly Assets/2D Sprites/27516-2-portal-photos.png using Guid(0dd0e6d8e06838442a0ae3411f3730e0) Importer(815301076,1909f56bfc062723c751e8b465ee728b)  -> (artifact id: 'a7751987201c36a668c6a007018e85df') in 0.285388 seconds
  Import took 0.308067 seconds .

========================================================================
Received Import Request.
  Time since last request: 0.000422 seconds.
  path: Assets/Aly Assets/2D Sprites/Square.png
  artifactKey: Guid(059945f5c37473449b8492647164a4a4) Importer(815301076,1909f56bfc062723c751e8b465ee728b)
Start importing Assets/Aly Assets/2D Sprites/Square.png using Guid(059945f5c37473449b8492647164a4a4) Importer(815301076,1909f56bfc062723c751e8b465ee728b)  -> (artifact id: 'de7444640c8fab456c54491a13ea471c') in 0.047386 seconds
  Import took 0.071778 seconds .

========================================================================
Received Import Request.
  Time since last request: 0.000363 seconds.
  path: Assets/Aly Assets/2D Sprites/Circle 1.png
  artifactKey: Guid(d6d324c5469f6ea45a89856e43bbfc47) Importer(815301076,1909f56bfc062723c751e8b465ee728b)
Start importing Assets/Aly Assets/2D Sprites/Circle 1.png using Guid(d6d324c5469f6ea45a89856e43bbfc47) Importer(815301076,1909f56bfc062723c751e8b465ee728b)  -> (artifact id: '1a0d426724d94397bc8c810e31a38417') in 0.012801 seconds
  Import took 0.030705 seconds .

========================================================================
Received Import Request.
  Time since last request: 0.000377 seconds.
  path: Assets/Aly Assets/2D Sprites/Wall.png
  artifactKey: Guid(a1200cc985bf1cd40ad59e3d9b3b695a) Importer(815301076,1909f56bfc062723c751e8b465ee728b)
Start importing Assets/Aly Assets/2D Sprites/Wall.png using Guid(a1200cc985bf1cd40ad59e3d9b3b695a) Importer(815301076,1909f56bfc062723c751e8b465ee728b)  -> (artifact id: '86e87901da3a8aeeab67e42e3a9ec1c4') in 0.012429 seconds
  Import took 0.026303 seconds .

========================================================================
Received Import Request.
  Time since last request: 0.000319 seconds.
  path: Assets/Aly Assets/2D Sprites/alien.png
  artifactKey: Guid(6a0b0082fea580a47b0fac4547ed8581) Importer(815301076,1909f56bfc062723c751e8b465ee728b)
Start importing Assets/Aly Assets/2D Sprites/alien.png using Guid(6a0b0082fea580a47b0fac4547ed8581) Importer(815301076,1909f56bfc062723c751e8b465ee728b)  -> (artifact id: 'c40bc5135c5d18b138a89e775ef133fb') in 0.016144 seconds
  Import took 0.026771 seconds .

========================================================================
Received Import Request.
  Time since last request: 0.000345 seconds.
  path: Assets/Aly Assets/2D Sprites/Circle.png
  artifactKey: Guid(9da0773155fb1b2409fb69c9b62c554e) Importer(815301076,1909f56bfc062723c751e8b465ee728b)
Start importing Assets/Aly Assets/2D Sprites/Circle.png using Guid(9da0773155fb1b2409fb69c9b62c554e) Importer(815301076,1909f56bfc062723c751e8b465ee728b)  -> (artifact id: 'da647d97ea0e713795c567af2582e8f0') in 0.041675 seconds
  Import took 0.046016 seconds .

========================================================================
Received Import Request.
  Time since last request: 0.000323 seconds.
  path: Assets/Aly Assets/2D Sprites/alien.prefab
  artifactKey: Guid(e20e00be3fb67e04c9f6d8c9e0f17687) Importer(815301076,1909f56bfc062723c751e8b465ee728b)
Start importing Assets/Aly Assets/2D Sprites/alien.prefab using Guid(e20e00be3fb67e04c9f6d8c9e0f17687) Importer(815301076,1909f56bfc062723c751e8b465ee728b)  -> (artifact id: '05105a0b3e416a4dffbdec7837d5c5da') in 0.129259 seconds
  Import took 0.133016 seconds .

========================================================================
Received Import Request.
  Time since last request: 0.000427 seconds.
  path: Assets/Aly Assets/2D Sprites/survivor-idle_knife_0.png
  artifactKey: Guid(c41945ff9379bfe438933294ac6cf19c) Importer(815301076,1909f56bfc062723c751e8b465ee728b)
Start importing Assets/Aly Assets/2D Sprites/survivor-idle_knife_0.png using Guid(c41945ff9379bfe438933294ac6cf19c) Importer(815301076,1909f56bfc062723c751e8b465ee728b)  -> (artifact id: 'a2684cf8d7eac76669f030b33884ee51') in 0.066059 seconds
  Import took 0.090949 seconds .

========================================================================
Received Import Request.
  Time since last request: 0.000446 seconds.
  path: Assets/Aly Assets/2D Sprites/27516-2-portal-photos.png
  artifactKey: Guid(0dd0e6d8e06838442a0ae3411f3730e0) Importer(815301076,1909f56bfc062723c751e8b465ee728b)
Start importing Assets/Aly Assets/2D Sprites/27516-2-portal-photos.png using Guid(0dd0e6d8e06838442a0ae3411f3730e0) Importer(815301076,1909f56bfc062723c751e8b465ee728b)  -> (artifact id: 'a7751987201c36a668c6a007018e85df') in 0.014241 seconds
  Import took 0.018306 seconds .

========================================================================
Received Import Request.
  Time since last request: 0.000418 seconds.
  path: Assets/Aly Assets/2D Sprites/Background2.png
  artifactKey: Guid(36dca5869b9367446a953c30899b8b15) Importer(815301076,1909f56bfc062723c751e8b465ee728b)
Start importing Assets/Aly Assets/2D Sprites/Background2.png using Guid(36dca5869b9367446a953c30899b8b15) Importer(815301076,1909f56bfc062723c751e8b465ee728b)  -> (artifact id: '331129fed7a3d798c633f7145484a75a') in 0.019901 seconds
  Import took 0.030102 seconds .

========================================================================
Received Import Request.
  Time since last request: 0.000305 seconds.
  path: Assets/Aly Assets/2D Sprites/pngegg.png
  artifactKey: Guid(d81c9ba6205e0424397e49b2a71fb0e8) Importer(815301076,1909f56bfc062723c751e8b465ee728b)
Start importing Assets/Aly Assets/2D Sprites/pngegg.png using Guid(d81c9ba6205e0424397e49b2a71fb0e8) Importer(815301076,1909f56bfc062723c751e8b465ee728b)  -> (artifact id: '2fc70bbe0eef6aaa2a711b442dde0c32') in 0.093123 seconds
  Import took 0.110311 seconds .

========================================================================
Received Import Request.
  Time since last request: 0.000420 seconds.
  path: Assets/Aly Assets/2D Sprites/wallpaperflare.com_wallpaper.jpg
  artifactKey: Guid(9cc9e0a6ea54a4149ab80c8aad69ed3b) Importer(815301076,1909f56bfc062723c751e8b465ee728b)
Start importing Assets/Aly Assets/2D Sprites/wallpaperflare.com_wallpaper.jpg using Guid(9cc9e0a6ea54a4149ab80c8aad69ed3b) Importer(815301076,1909f56bfc062723c751e8b465ee728b)  -> (artifact id: 'dcabeba7b768472eb9a8a7223a68f7fa') in 0.060268 seconds
  Import took 0.064511 seconds .

========================================================================
Received Import Request.
  Time since last request: 0.000354 seconds.
  path: Assets/Aly Assets/2D Sprites/flag.png
  artifactKey: Guid(2348a237d5c84ac41b78f53f9b7926aa) Importer(815301076,1909f56bfc062723c751e8b465ee728b)
Start importing Assets/Aly Assets/2D Sprites/flag.png using Guid(2348a237d5c84ac41b78f53f9b7926aa) Importer(815301076,1909f56bfc062723c751e8b465ee728b)  -> (artifact id: '95a16b5330d06db2a7f52a2ffbe74a1a') in 0.023402 seconds
  Import took 0.043447 seconds .

========================================================================
Received Import Request.
  Time since last request: 0.000347 seconds.
  path: Assets/Aly Assets/2D Sprites/kisspng-portal-download-portal-transparent-png-5a71f517810614.3650984215174177515285.png
  artifactKey: Guid(9c6d3c6a0a6eebb489d5450fedd11730) Importer(815301076,1909f56bfc062723c751e8b465ee728b)
Start importing Assets/Aly Assets/2D Sprites/kisspng-portal-download-portal-transparent-png-5a71f517810614.3650984215174177515285.png using Guid(9c6d3c6a0a6eebb489d5450fedd11730) Importer(815301076,1909f56bfc062723c751e8b465ee728b)  -> (artifact id: 'c8ba467f411f5abcc0cf8ce1795aa2b8') in 0.067681 seconds
  Import took 0.082017 seconds .

========================================================================
Received Import Request.
  Time since last request: 0.000359 seconds.
  path: Assets/Aly Assets/2D Sprites/ai5-785x430.png
  artifactKey: Guid(829babd9962ed2d4180f5da49bd1b310) Importer(815301076,1909f56bfc062723c751e8b465ee728b)
Start importing Assets/Aly Assets/2D Sprites/ai5-785x430.png using Guid(829babd9962ed2d4180f5da49bd1b310) Importer(815301076,1909f56bfc062723c751e8b465ee728b)  -> (artifact id: '0093f3c3e81c6b51f3912f6d1a102377') in 0.070022 seconds
  Import took 0.074042 seconds .

========================================================================
Received Import Request.
  Time since last request: 17.274452 seconds.
  path: Assets/MainMenu.unity
  artifactKey: Guid(aad2f2020f1857f49ac6c048885b4fa3) Importer(815301076,1909f56bfc062723c751e8b465ee728b)
Start importing Assets/MainMenu.unity using Guid(aad2f2020f1857f49ac6c048885b4fa3) Importer(815301076,1909f56bfc062723c751e8b465ee728b)  -> (artifact id: '0b69b64494284e1d347b8d8f92c34fde') in 0.004162 seconds
  Import took 0.008862 seconds .

========================================================================
Received Import Request.
  Time since last request: 0.001187 seconds.
  path: Assets/MainMenu.unity
  artifactKey: Guid(aad2f2020f1857f49ac6c048885b4fa3) Importer(815301076,1909f56bfc062723c751e8b465ee728b)
Start importing Assets/MainMenu.unity using Guid(aad2f2020f1857f49ac6c048885b4fa3) Importer(815301076,1909f56bfc062723c751e8b465ee728b)  -> (artifact id: '0b69b64494284e1d347b8d8f92c34fde') in 0.092054 seconds
  Import took 0.096631 seconds .

========================================================================
Received Prepare
Registering precompiled user dll's ...
Registered in 0.001082 seconds.
Begin MonoManager ReloadAssembly
Native extension for WindowsStandalone target not found
Refreshing native plugins compatible for Editor in 0.60 ms, found 1 plugins.
Preloading 0 native plugins for Editor in 0.00 ms.
Invoked RoslynAnalysisRunner static constructor.
RoslynAnalysisRunner will not be running.
RoslynAnalysisRunner has terminated.
Mono: successfully reloaded assembly
- Completed reload, in  1.173 seconds
Platform modules already initialized, skipping
Refreshing native plugins compatible for Editor in 0.50 ms, found 1 plugins.
Preloading 0 native plugins for Editor in 0.00 ms.
Unloading 1797 Unused Serialized files (Serialized files now loaded: 0)
System memory in use before: 88.7 MB.
System memory in use after: 88.8 MB.

Unloading 7 unused Assets to reduce memory usage. Loaded Objects now: 2299.
Total: 2.920100 ms (FindLiveObjects: 0.223300 ms CreateObjectMapping: 0.077100 ms MarkObjects: 2.575400 ms  DeleteObjects: 0.041900 ms)

========================================================================
Received Prepare
Registering precompiled user dll's ...
Registered in 0.001048 seconds.
Begin MonoManager ReloadAssembly
Native extension for WindowsStandalone target not found
Refreshing native plugins compatible for Editor in 0.92 ms, found 1 plugins.
Preloading 0 native plugins for Editor in 0.00 ms.
Invoked RoslynAnalysisRunner static constructor.
RoslynAnalysisRunner will not be running.
RoslynAnalysisRunner has terminated.
Mono: successfully reloaded assembly
- Completed reload, in  1.152 seconds
Platform modules already initialized, skipping
Refreshing native plugins compatible for Editor in 0.52 ms, found 1 plugins.
Preloading 0 native plugins for Editor in 0.00 ms.
Unloading 1797 Unused Serialized files (Serialized files now loaded: 0)
System memory in use before: 88.8 MB.
System memory in use after: 89.0 MB.

Unloading 7 unused Assets to reduce memory usage. Loaded Objects now: 2302.
Total: 2.415800 ms (FindLiveObjects: 0.254100 ms CreateObjectMapping: 0.074000 ms MarkObjects: 2.060700 ms  DeleteObjects: 0.025000 ms)

========================================================================
Received Prepare
Registering precompiled user dll's ...
Registered in 0.001146 seconds.
Begin MonoManager ReloadAssembly
Native extension for WindowsStandalone target not found
Refreshing native plugins compatible for Editor in 0.47 ms, found 1 plugins.
Preloading 0 native plugins for Editor in 0.00 ms.
Invoked RoslynAnalysisRunner static constructor.
RoslynAnalysisRunner will not be running.
RoslynAnalysisRunner has terminated.
Mono: successfully reloaded assembly
- Completed reload, in  1.143 seconds
Platform modules already initialized, skipping
Refreshing native plugins compatible for Editor in 0.50 ms, found 1 plugins.
Preloading 0 native plugins for Editor in 0.00 ms.
Unloading 1797 Unused Serialized files (Serialized files now loaded: 0)
System memory in use before: 88.9 MB.
System memory in use after: 89.0 MB.

Unloading 7 unused Assets to reduce memory usage. Loaded Objects now: 2305.
Total: 2.464700 ms (FindLiveObjects: 0.264900 ms CreateObjectMapping: 0.075500 ms MarkObjects: 2.081500 ms  DeleteObjects: 0.041200 ms)

========================================================================
Received Prepare
Registering precompiled user dll's ...
Registered in 0.001135 seconds.
Begin MonoManager ReloadAssembly
Native extension for WindowsStandalone target not found
Refreshing native plugins compatible for Editor in 0.58 ms, found 1 plugins.
Preloading 0 native plugins for Editor in 0.00 ms.
Invoked RoslynAnalysisRunner static constructor.
RoslynAnalysisRunner will not be running.
RoslynAnalysisRunner has terminated.
Mono: successfully reloaded assembly
- Completed reload, in  1.215 seconds
Platform modules already initialized, skipping
Refreshing native plugins compatible for Editor in 0.47 ms, found 1 plugins.
Preloading 0 native plugins for Editor in 0.00 ms.
Unloading 1797 Unused Serialized files (Serialized files now loaded: 0)
System memory in use before: 89.2 MB.
System memory in use after: 89.3 MB.

Unloading 7 unused Assets to reduce memory usage. Loaded Objects now: 2308.
Total: 2.293800 ms (FindLiveObjects: 0.201000 ms CreateObjectMapping: 0.072500 ms MarkObjects: 1.992100 ms  DeleteObjects: 0.026500 ms)

========================================================================
Received Prepare
Registering precompiled user dll's ...
Registered in 0.001077 seconds.
Begin MonoManager ReloadAssembly
Native extension for WindowsStandalone target not found
Refreshing native plugins compatible for Editor in 0.51 ms, found 1 plugins.
Preloading 0 native plugins for Editor in 0.00 ms.
Invoked RoslynAnalysisRunner static constructor.
RoslynAnalysisRunner will not be running.
RoslynAnalysisRunner has terminated.
Mono: successfully reloaded assembly
- Completed reload, in  1.169 seconds
Platform modules already initialized, skipping
Refreshing native plugins compatible for Editor in 0.48 ms, found 1 plugins.
Preloading 0 native plugins for Editor in 0.00 ms.
Unloading 1797 Unused Serialized files (Serialized files now loaded: 0)
System memory in use before: 89.4 MB.
System memory in use after: 89.5 MB.

Unloading 7 unused Assets to reduce memory usage. Loaded Objects now: 2311.
Total: 2.304400 ms (FindLiveObjects: 0.208300 ms CreateObjectMapping: 0.075800 ms MarkObjects: 1.991000 ms  DeleteObjects: 0.027600 ms)

========================================================================
Received Prepare
Registering precompiled user dll's ...
Registered in 0.001859 seconds.
Begin MonoManager ReloadAssembly
Native extension for WindowsStandalone target not found
Refreshing native plugins compatible for Editor in 0.61 ms, found 1 plugins.
Preloading 0 native plugins for Editor in 0.00 ms.
Invoked RoslynAnalysisRunner static constructor.
RoslynAnalysisRunner will not be running.
RoslynAnalysisRunner has terminated.
Mono: successfully reloaded assembly
- Completed reload, in  1.521 seconds
Platform modules already initialized, skipping
Refreshing native plugins compatible for Editor in 0.47 ms, found 1 plugins.
Preloading 0 native plugins for Editor in 0.00 ms.
Unloading 1797 Unused Serialized files (Serialized files now loaded: 0)
System memory in use before: 89.5 MB.
System memory in use after: 89.6 MB.

Unloading 7 unused Assets to reduce memory usage. Loaded Objects now: 2314.
Total: 2.611800 ms (FindLiveObjects: 0.356100 ms CreateObjectMapping: 0.082000 ms MarkObjects: 2.146800 ms  DeleteObjects: 0.024700 ms)

========================================================================
Received Prepare
Registering precompiled user dll's ...
Registered in 0.001227 seconds.
Begin MonoManager ReloadAssembly
Native extension for WindowsStandalone target not found
Refreshing native plugins compatible for Editor in 0.47 ms, found 1 plugins.
Preloading 0 native plugins for Editor in 0.00 ms.
Invoked RoslynAnalysisRunner static constructor.
RoslynAnalysisRunner will not be running.
RoslynAnalysisRunner has terminated.
Mono: successfully reloaded assembly
- Completed reload, in  1.461 seconds
Platform modules already initialized, skipping
Refreshing native plugins compatible for Editor in 0.51 ms, found 1 plugins.
Preloading 0 native plugins for Editor in 0.00 ms.
Unloading 1797 Unused Serialized files (Serialized files now loaded: 0)
System memory in use before: 89.7 MB.
System memory in use after: 89.8 MB.

Unloading 7 unused Assets to reduce memory usage. Loaded Objects now: 2317.
Total: 2.300100 ms (FindLiveObjects: 0.200100 ms CreateObjectMapping: 0.072300 ms MarkObjects: 2.008000 ms  DeleteObjects: 0.018300 ms)

========================================================================
Received Prepare
Registering precompiled user dll's ...
Registered in 0.001037 seconds.
Begin MonoManager ReloadAssembly
Native extension for WindowsStandalone target not found
Refreshing native plugins compatible for Editor in 0.57 ms, found 1 plugins.
Preloading 0 native plugins for Editor in 0.00 ms.
Invoked RoslynAnalysisRunner static constructor.
RoslynAnalysisRunner will not be running.
RoslynAnalysisRunner has terminated.
Mono: successfully reloaded assembly
- Completed reload, in  1.160 seconds
Platform modules already initialized, skipping
Refreshing native plugins compatible for Editor in 0.50 ms, found 1 plugins.
Preloading 0 native plugins for Editor in 0.00 ms.
Unloading 1797 Unused Serialized files (Serialized files now loaded: 0)
System memory in use before: 89.9 MB.
System memory in use after: 90.0 MB.

Unloading 7 unused Assets to reduce memory usage. Loaded Objects now: 2320.
Total: 2.533800 ms (FindLiveObjects: 0.272900 ms CreateObjectMapping: 0.074300 ms MarkObjects: 2.155500 ms  DeleteObjects: 0.029400 ms)

========================================================================
Received Import Request.
  Time since last request: 269.374522 seconds.
  path: Assets/Aly Assets/Scenes/Game2L2.unity
  artifactKey: Guid(de7c2a494cc7d5f439a6be0719fae466) Importer(815301076,1909f56bfc062723c751e8b465ee728b)
Start importing Assets/Aly Assets/Scenes/Game2L2.unity using Guid(de7c2a494cc7d5f439a6be0719fae466) Importer(815301076,1909f56bfc062723c751e8b465ee728b)  -> (artifact id: '3f785d5b6c3261de619a59f7044cd878') in 0.057000 seconds
  Import took 0.061747 seconds .

========================================================================
Received Prepare
Registering precompiled user dll's ...
Registered in 0.001491 seconds.
Begin MonoManager ReloadAssembly
Native extension for WindowsStandalone target not found
Refreshing native plugins compatible for Editor in 0.47 ms, found 1 plugins.
Preloading 0 native plugins for Editor in 0.00 ms.
Invoked RoslynAnalysisRunner static constructor.
RoslynAnalysisRunner will not be running.
RoslynAnalysisRunner has terminated.
Mono: successfully reloaded assembly
- Completed reload, in  1.134 seconds
Platform modules already initialized, skipping
Refreshing native plugins compatible for Editor in 0.48 ms, found 1 plugins.
Preloading 0 native plugins for Editor in 0.00 ms.
Unloading 1797 Unused Serialized files (Serialized files now loaded: 0)
System memory in use before: 89.9 MB.
System memory in use after: 90.0 MB.

Unloading 7 unused Assets to reduce memory usage. Loaded Objects now: 2323.
Total: 2.281700 ms (FindLiveObjects: 0.228300 ms CreateObjectMapping: 0.081000 ms MarkObjects: 1.942800 ms  DeleteObjects: 0.028000 ms)

========================================================================
Received Prepare
Registering precompiled user dll's ...
Registered in 0.036006 seconds.
Begin MonoManager ReloadAssembly
Native extension for WindowsStandalone target not found
Refreshing native plugins compatible for Editor in 0.56 ms, found 1 plugins.
Preloading 0 native plugins for Editor in 0.00 ms.
Invoked RoslynAnalysisRunner static constructor.
RoslynAnalysisRunner will not be running.
RoslynAnalysisRunner has terminated.
Mono: successfully reloaded assembly
- Completed reload, in  1.120 seconds
Platform modules already initialized, skipping
Refreshing native plugins compatible for Editor in 0.49 ms, found 1 plugins.
Preloading 0 native plugins for Editor in 0.00 ms.
Unloading 1797 Unused Serialized files (Serialized files now loaded: 0)
System memory in use before: 89.2 MB.
System memory in use after: 89.3 MB.

Unloading 7 unused Assets to reduce memory usage. Loaded Objects now: 2326.
Total: 2.381500 ms (FindLiveObjects: 0.242300 ms CreateObjectMapping: 0.077300 ms MarkObjects: 2.031900 ms  DeleteObjects: 0.028300 ms)

========================================================================
Received Prepare
Registering precompiled user dll's ...
Registered in 0.038665 seconds.
Begin MonoManager ReloadAssembly
Native extension for WindowsStandalone target not found
Refreshing native plugins compatible for Editor in 0.47 ms, found 1 plugins.
Preloading 0 native plugins for Editor in 0.00 ms.
Invoked RoslynAnalysisRunner static constructor.
RoslynAnalysisRunner will not be running.
RoslynAnalysisRunner has terminated.
Mono: successfully reloaded assembly
- Completed reload, in  1.100 seconds
Platform modules already initialized, skipping
Refreshing native plugins compatible for Editor in 0.49 ms, found 1 plugins.
Preloading 0 native plugins for Editor in 0.00 ms.
Unloading 1797 Unused Serialized files (Serialized files now loaded: 0)
System memory in use before: 89.4 MB.
System memory in use after: 89.5 MB.

Unloading 7 unused Assets to reduce memory usage. Loaded Objects now: 2329.
Total: 2.444500 ms (FindLiveObjects: 0.300800 ms CreateObjectMapping: 0.108700 ms MarkObjects: 2.011900 ms  DeleteObjects: 0.021300 ms)

========================================================================
Received Prepare
Registering precompiled user dll's ...
Registered in 0.001158 seconds.
Begin MonoManager ReloadAssembly
Native extension for WindowsStandalone target not found
Refreshing native plugins compatible for Editor in 0.47 ms, found 1 plugins.
Preloading 0 native plugins for Editor in 0.00 ms.
Invoked RoslynAnalysisRunner static constructor.
RoslynAnalysisRunner will not be running.
RoslynAnalysisRunner has terminated.
Mono: successfully reloaded assembly
- Completed reload, in  1.173 seconds
Platform modules already initialized, skipping
Refreshing native plugins compatible for Editor in 0.51 ms, found 1 plugins.
Preloading 0 native plugins for Editor in 0.00 ms.
Unloading 1797 Unused Serialized files (Serialized files now loaded: 0)
System memory in use before: 89.6 MB.
System memory in use after: 89.7 MB.

Unloading 7 unused Assets to reduce memory usage. Loaded Objects now: 2332.
Total: 2.457100 ms (FindLiveObjects: 0.204800 ms CreateObjectMapping: 0.074000 ms MarkObjects: 2.148500 ms  DeleteObjects: 0.028200 ms)

========================================================================
Received Prepare
Registering precompiled user dll's ...
Registered in 0.001072 seconds.
Begin MonoManager ReloadAssembly
Native extension for WindowsStandalone target not found
Refreshing native plugins compatible for Editor in 0.59 ms, found 1 plugins.
Preloading 0 native plugins for Editor in 0.00 ms.
Invoked RoslynAnalysisRunner static constructor.
RoslynAnalysisRunner will not be running.
RoslynAnalysisRunner has terminated.
Mono: successfully reloaded assembly
- Completed reload, in  1.185 seconds
Platform modules already initialized, skipping
Refreshing native plugins compatible for Editor in 0.49 ms, found 1 plugins.
Preloading 0 native plugins for Editor in 0.00 ms.
Unloading 1797 Unused Serialized files (Serialized files now loaded: 0)
System memory in use before: 89.8 MB.
System memory in use after: 89.9 MB.

Unloading 7 unused Assets to reduce memory usage. Loaded Objects now: 2335.
Total: 2.640400 ms (FindLiveObjects: 0.283000 ms CreateObjectMapping: 0.077200 ms MarkObjects: 2.258000 ms  DeleteObjects: 0.020600 ms)

========================================================================
Received Import Request.
  Time since last request: 528.050514 seconds.
  path: Assets/Aly Assets/Animations
  artifactKey: Guid(1909ed90fa669084b810e99ca7921b17) Importer(815301076,1909f56bfc062723c751e8b465ee728b)
Start importing Assets/Aly Assets/Animations using Guid(1909ed90fa669084b810e99ca7921b17) Importer(815301076,1909f56bfc062723c751e8b465ee728b)  -> (artifact id: 'efbd4e08062ccd8a8372b51ec19b87b4') in 0.037933 seconds
  Import took 0.065829 seconds .

========================================================================
Received Import Request.
  Time since last request: 1.757688 seconds.
  path: Assets/Aly Assets/2D Sprites
  artifactKey: Guid(479b99731d3c019478d715a6b319a85d) Importer(815301076,1909f56bfc062723c751e8b465ee728b)
Start importing Assets/Aly Assets/2D Sprites using Guid(479b99731d3c019478d715a6b319a85d) Importer(815301076,1909f56bfc062723c751e8b465ee728b)  -> (artifact id: '41662f0c9df023995ed2c05b70532ab6') in 0.080420 seconds
  Import took 0.104753 seconds .

========================================================================
Received Import Request.
  Time since last request: 21.082755 seconds.
  path: Assets/Aly Assets/2D Sprites/alien.prefab
  artifactKey: Guid(e20e00be3fb67e04c9f6d8c9e0f17687) Importer(815301076,1909f56bfc062723c751e8b465ee728b)
Start importing Assets/Aly Assets/2D Sprites/alien.prefab using Guid(e20e00be3fb67e04c9f6d8c9e0f17687) Importer(815301076,1909f56bfc062723c751e8b465ee728b)  -> (artifact id: '2542428c8b0700f76e1d5da3980402ad') in 0.138639 seconds
  Import took 0.169675 seconds .

========================================================================
Received Import Request.
  Time since last request: 10.507490 seconds.
  path: Assets/Aly Assets/Scenes/Game2L2.unity
  artifactKey: Guid(de7c2a494cc7d5f439a6be0719fae466) Importer(815301076,1909f56bfc062723c751e8b465ee728b)
Start importing Assets/Aly Assets/Scenes/Game2L2.unity using Guid(de7c2a494cc7d5f439a6be0719fae466) Importer(815301076,1909f56bfc062723c751e8b465ee728b)  -> (artifact id: 'a6bf05512c9c10784f603c907e20467d') in 0.003596 seconds
  Import took 0.008124 seconds .

========================================================================
Received Import Request.
  Time since last request: 0.001439 seconds.
  path: Assets/Aly Assets/Scenes/Game2L2.unity
  artifactKey: Guid(de7c2a494cc7d5f439a6be0719fae466) Importer(815301076,1909f56bfc062723c751e8b465ee728b)
Start importing Assets/Aly Assets/Scenes/Game2L2.unity using Guid(de7c2a494cc7d5f439a6be0719fae466) Importer(815301076,1909f56bfc062723c751e8b465ee728b)  -> (artifact id: 'a6bf05512c9c10784f603c907e20467d') in 0.002716 seconds
  Import took 0.007028 seconds .

========================================================================
Received Import Request.
  Time since last request: 0.881059 seconds.
  path: Assets/Aly Assets/Scenes/Game2L1.unity
  artifactKey: Guid(46e92db6eaa96014f867f74eecdb3dfe) Importer(815301076,1909f56bfc062723c751e8b465ee728b)
Start importing Assets/Aly Assets/Scenes/Game2L1.unity using Guid(46e92db6eaa96014f867f74eecdb3dfe) Importer(815301076,1909f56bfc062723c751e8b465ee728b)  -> (artifact id: '312b6b585a7349ce0dec3a4564992849') in 0.003997 seconds
  Import took 0.029257 seconds .

========================================================================
Received Import Request.
  Time since last request: 1.886119 seconds.
  path: Assets/Aly Assets/Scenes/Game2L3.unity
  artifactKey: Guid(f8381055159aef64f920445b77fd1274) Importer(815301076,1909f56bfc062723c751e8b465ee728b)
Start importing Assets/Aly Assets/Scenes/Game2L3.unity using Guid(f8381055159aef64f920445b77fd1274) Importer(815301076,1909f56bfc062723c751e8b465ee728b)  -> (artifact id: '2297d0a42cf92665a1ebc9bc7af6a30f') in 0.004046 seconds
  Import took 0.038297 seconds .

========================================================================
Received Prepare
Registering precompiled user dll's ...
Registered in 0.001301 seconds.
Begin MonoManager ReloadAssembly
Native extension for WindowsStandalone target not found
Refreshing native plugins compatible for Editor in 0.47 ms, found 1 plugins.
Preloading 0 native plugins for Editor in 0.00 ms.
Invoked RoslynAnalysisRunner static constructor.
RoslynAnalysisRunner will not be running.
RoslynAnalysisRunner has terminated.
Mono: successfully reloaded assembly
- Completed reload, in  1.387 seconds
Platform modules already initialized, skipping
Refreshing native plugins compatible for Editor in 0.50 ms, found 1 plugins.
Preloading 0 native plugins for Editor in 0.00 ms.
Unloading 1797 Unused Serialized files (Serialized files now loaded: 0)
System memory in use before: 89.9 MB.
System memory in use after: 90.1 MB.

Unloading 7 unused Assets to reduce memory usage. Loaded Objects now: 2339.
Total: 2.434500 ms (FindLiveObjects: 0.228300 ms CreateObjectMapping: 0.070900 ms MarkObjects: 2.106000 ms  DeleteObjects: 0.027600 ms)

========================================================================
Received Import Request.
  Time since last request: 452.467468 seconds.
  path: Assets/Aly Assets/Scenes/Game2L2.unity
  artifactKey: Guid(de7c2a494cc7d5f439a6be0719fae466) Importer(815301076,1909f56bfc062723c751e8b465ee728b)
Start importing Assets/Aly Assets/Scenes/Game2L2.unity using Guid(de7c2a494cc7d5f439a6be0719fae466) Importer(815301076,1909f56bfc062723c751e8b465ee728b)  -> (artifact id: 'ab305702ff363e3fcdb7f9fd7d393399') in 0.018522 seconds
  Import took 0.066272 seconds .

========================================================================
Received Prepare
Registering precompiled user dll's ...
Registered in 0.001114 seconds.
Begin MonoManager ReloadAssembly
Native extension for WindowsStandalone target not found
Refreshing native plugins compatible for Editor in 0.46 ms, found 1 plugins.
Preloading 0 native plugins for Editor in 0.00 ms.
Invoked RoslynAnalysisRunner static constructor.
RoslynAnalysisRunner will not be running.
RoslynAnalysisRunner has terminated.
Mono: successfully reloaded assembly
- Completed reload, in  1.161 seconds
Platform modules already initialized, skipping
Refreshing native plugins compatible for Editor in 0.48 ms, found 1 plugins.
Preloading 0 native plugins for Editor in 0.00 ms.
Unloading 1797 Unused Serialized files (Serialized files now loaded: 0)
System memory in use before: 90.0 MB.
System memory in use after: 90.1 MB.

Unloading 7 unused Assets to reduce memory usage. Loaded Objects now: 2342.
Total: 2.426800 ms (FindLiveObjects: 0.214000 ms CreateObjectMapping: 0.074600 ms MarkObjects: 2.108400 ms  DeleteObjects: 0.028200 ms)

========================================================================
Received Prepare
Registering precompiled user dll's ...
Registered in 0.001513 seconds.
Begin MonoManager ReloadAssembly
Native extension for WindowsStandalone target not found
Refreshing native plugins compatible for Editor in 0.47 ms, found 1 plugins.
Preloading 0 native plugins for Editor in 0.00 ms.
Invoked RoslynAnalysisRunner static constructor.
RoslynAnalysisRunner will not be running.
RoslynAnalysisRunner has terminated.
Mono: successfully reloaded assembly
- Completed reload, in  1.165 seconds
Platform modules already initialized, skipping
Refreshing native plugins compatible for Editor in 0.50 ms, found 1 plugins.
Preloading 0 native plugins for Editor in 0.00 ms.
Unloading 1797 Unused Serialized files (Serialized files now loaded: 0)
System memory in use before: 89.3 MB.
System memory in use after: 89.4 MB.

Unloading 7 unused Assets to reduce memory usage. Loaded Objects now: 2345.
Total: 2.664700 ms (FindLiveObjects: 0.214800 ms CreateObjectMapping: 0.075200 ms MarkObjects: 2.352900 ms  DeleteObjects: 0.020100 ms)

========================================================================
Received Prepare
Registering precompiled user dll's ...
Registered in 0.001085 seconds.
Begin MonoManager ReloadAssembly
Native extension for WindowsStandalone target not found
Refreshing native plugins compatible for Editor in 0.48 ms, found 1 plugins.
Preloading 0 native plugins for Editor in 0.00 ms.
Invoked RoslynAnalysisRunner static constructor.
RoslynAnalysisRunner will not be running.
RoslynAnalysisRunner has terminated.
Mono: successfully reloaded assembly
- Completed reload, in  1.178 seconds
Platform modules already initialized, skipping
Refreshing native plugins compatible for Editor in 0.49 ms, found 1 plugins.
Preloading 0 native plugins for Editor in 0.00 ms.
Unloading 1797 Unused Serialized files (Serialized files now loaded: 0)
System memory in use before: 89.5 MB.
System memory in use after: 89.6 MB.

Unloading 7 unused Assets to reduce memory usage. Loaded Objects now: 2348.
Total: 3.132400 ms (FindLiveObjects: 0.300200 ms CreateObjectMapping: 0.075700 ms MarkObjects: 2.707300 ms  DeleteObjects: 0.047600 ms)

========================================================================
Received Import Request.
  Time since last request: 48.114562 seconds.
  path: Assets/Aly Assets/Scenes/Game2L1.unity
  artifactKey: Guid(46e92db6eaa96014f867f74eecdb3dfe) Importer(815301076,1909f56bfc062723c751e8b465ee728b)
Start importing Assets/Aly Assets/Scenes/Game2L1.unity using Guid(46e92db6eaa96014f867f74eecdb3dfe) Importer(815301076,1909f56bfc062723c751e8b465ee728b)  -> (artifact id: '30678e0354ccf01370ea75716d1564fa') in 0.013965 seconds
  Import took 0.034649 seconds .

========================================================================
Received Prepare
Registering precompiled user dll's ...
Registered in 0.001156 seconds.
Begin MonoManager ReloadAssembly
Native extension for WindowsStandalone target not found
Refreshing native plugins compatible for Editor in 0.49 ms, found 1 plugins.
Preloading 0 native plugins for Editor in 0.00 ms.
Invoked RoslynAnalysisRunner static constructor.
RoslynAnalysisRunner will not be running.
RoslynAnalysisRunner has terminated.
Mono: successfully reloaded assembly
- Completed reload, in  1.189 seconds
Platform modules already initialized, skipping
Refreshing native plugins compatible for Editor in 0.52 ms, found 1 plugins.
Preloading 0 native plugins for Editor in 0.00 ms.
Unloading 1797 Unused Serialized files (Serialized files now loaded: 0)
System memory in use before: 89.6 MB.
System memory in use after: 89.7 MB.

Unloading 7 unused Assets to reduce memory usage. Loaded Objects now: 2351.
Total: 2.282900 ms (FindLiveObjects: 0.210300 ms CreateObjectMapping: 0.074500 ms MarkObjects: 1.964800 ms  DeleteObjects: 0.032000 ms)

========================================================================
Received Import Request.
  Time since last request: 50.732424 seconds.
  path: Assets/Nabeel Assets/Physics Materials
  artifactKey: Guid(2f05ef148b9882a4398058a74f7d7ee4) Importer(815301076,1909f56bfc062723c751e8b465ee728b)
Start importing Assets/Nabeel Assets/Physics Materials using Guid(2f05ef148b9882a4398058a74f7d7ee4) Importer(815301076,1909f56bfc062723c751e8b465ee728b)  -> (artifact id: '0cc677f145229ae1bbad155fe19e9478') in 0.013141 seconds
  Import took 0.017458 seconds .

========================================================================
Received Import Request.
  Time since last request: 8.150298 seconds.
  path: Assets/Nabeel Assets/Physics Materials/No Friction.physicsMaterial2D
  artifactKey: Guid(5901e0b5b3161cf48b5f096db58461dd) Importer(815301076,1909f56bfc062723c751e8b465ee728b)
Start importing Assets/Nabeel Assets/Physics Materials/No Friction.physicsMaterial2D using Guid(5901e0b5b3161cf48b5f096db58461dd) Importer(815301076,1909f56bfc062723c751e8b465ee728b)  -> (artifact id: '7ed35d6072f29722c53a8e1f89599471') in 0.016920 seconds
  Import took 0.047974 seconds .

========================================================================
Received Import Request.
  Time since last request: 17.430533 seconds.
  path: Assets/Nabeel Assets/Prefabs/Player.prefab
  artifactKey: Guid(f21e64ff7a283e840a96e938508c2b37) Importer(815301076,1909f56bfc062723c751e8b465ee728b)
Start importing Assets/Nabeel Assets/Prefabs/Player.prefab using Guid(f21e64ff7a283e840a96e938508c2b37) Importer(815301076,1909f56bfc062723c751e8b465ee728b)  -> (artifact id: '3565dc477b50b1b87328e6d7c8e7054e') in 0.063306 seconds
  Import took 0.070269 seconds .

========================================================================
Received Import Request.
  Time since last request: 1.059808 seconds.
  path: Assets/Nabeel Assets/Physics Materials/No Friction.physicsMaterial2D
  artifactKey: Guid(5901e0b5b3161cf48b5f096db58461dd) Importer(815301076,1909f56bfc062723c751e8b465ee728b)
Start importing Assets/Nabeel Assets/Physics Materials/No Friction.physicsMaterial2D using Guid(5901e0b5b3161cf48b5f096db58461dd) Importer(815301076,1909f56bfc062723c751e8b465ee728b)  -> (artifact id: '202a0568de7662219957260896e3acea') in 0.005318 seconds
  Import took 0.009716 seconds .

========================================================================
Received Import Request.
  Time since last request: 16.994002 seconds.
  path: Assets/Nabeel Assets/Prefabs/Obstacle.prefab
  artifactKey: Guid(38ee48a598b1ebf45a7ac20ed9b42e2a) Importer(815301076,1909f56bfc062723c751e8b465ee728b)
Start importing Assets/Nabeel Assets/Prefabs/Obstacle.prefab using Guid(38ee48a598b1ebf45a7ac20ed9b42e2a) Importer(815301076,1909f56bfc062723c751e8b465ee728b)  -> (artifact id: '63fa91bb20803d19045568110893fb3b') in 0.016314 seconds
  Import took 0.075862 seconds .

========================================================================
Received Prepare
Registering precompiled user dll's ...
Registered in 0.001153 seconds.
Begin MonoManager ReloadAssembly
Native extension for WindowsStandalone target not found
Refreshing native plugins compatible for Editor in 0.53 ms, found 1 plugins.
Preloading 0 native plugins for Editor in 0.00 ms.
Invoked RoslynAnalysisRunner static constructor.
RoslynAnalysisRunner will not be running.
RoslynAnalysisRunner has terminated.
Mono: successfully reloaded assembly
- Completed reload, in  1.146 seconds
Platform modules already initialized, skipping
Refreshing native plugins compatible for Editor in 0.50 ms, found 1 plugins.
Preloading 0 native plugins for Editor in 0.00 ms.
Unloading 1797 Unused Serialized files (Serialized files now loaded: 0)
System memory in use before: 89.8 MB.
System memory in use after: 89.9 MB.

Unloading 7 unused Assets to reduce memory usage. Loaded Objects now: 2355.
Total: 2.325300 ms (FindLiveObjects: 0.218500 ms CreateObjectMapping: 0.075500 ms MarkObjects: 2.002200 ms  DeleteObjects: 0.027500 ms)

========================================================================
Received Prepare
Registering precompiled user dll's ...
Registered in 0.001098 seconds.
Begin MonoManager ReloadAssembly
Native extension for WindowsStandalone target not found
Refreshing native plugins compatible for Editor in 0.47 ms, found 1 plugins.
Preloading 0 native plugins for Editor in 0.00 ms.
Invoked RoslynAnalysisRunner static constructor.
RoslynAnalysisRunner will not be running.
RoslynAnalysisRunner has terminated.
Mono: successfully reloaded assembly
- Completed reload, in  1.106 seconds
Platform modules already initialized, skipping
Refreshing native plugins compatible for Editor in 0.52 ms, found 1 plugins.
Preloading 0 native plugins for Editor in 0.00 ms.
Unloading 1797 Unused Serialized files (Serialized files now loaded: 0)
System memory in use before: 90.0 MB.
System memory in use after: 90.1 MB.

Unloading 7 unused Assets to reduce memory usage. Loaded Objects now: 2358.
Total: 2.613700 ms (FindLiveObjects: 0.321800 ms CreateObjectMapping: 0.078100 ms MarkObjects: 2.167000 ms  DeleteObjects: 0.045100 ms)

========================================================================
Received Import Request.
  Time since last request: 74.641694 seconds.
  path: Assets/Nabeel Assets/Prefabs/Ladder.prefab
  artifactKey: Guid(ac7ba9f6337d8a4439af91e90ab36959) Importer(815301076,1909f56bfc062723c751e8b465ee728b)
Start importing Assets/Nabeel Assets/Prefabs/Ladder.prefab using Guid(ac7ba9f6337d8a4439af91e90ab36959) Importer(815301076,1909f56bfc062723c751e8b465ee728b)  -> (artifact id: '9efd8314fe6b590dd4d2b14bf43d0030') in 0.094750 seconds
  Import took 0.099223 seconds .

========================================================================
Received Import Request.
  Time since last request: 5.773527 seconds.
  path: Assets/Nabeel Assets/Prefabs/Floo.prefab
  artifactKey: Guid(9a6e0c2e4adca25448f335ed8321168c) Importer(815301076,1909f56bfc062723c751e8b465ee728b)
Start importing Assets/Nabeel Assets/Prefabs/Floo.prefab using Guid(9a6e0c2e4adca25448f335ed8321168c) Importer(815301076,1909f56bfc062723c751e8b465ee728b)  -> (artifact id: '73743b25fe6f08cb9fc722ab5e952fca') in 0.011561 seconds
  Import took 0.028098 seconds .

========================================================================
Received Import Request.
  Time since last request: 56.769732 seconds.
  path: Assets/Nabeel Assets/Sprites/Wall.png
  artifactKey: Guid(150586edc5b841f4da23b06305e30afb) Importer(815301076,1909f56bfc062723c751e8b465ee728b)
Start importing Assets/Nabeel Assets/Sprites/Wall.png using Guid(150586edc5b841f4da23b06305e30afb) Importer(815301076,1909f56bfc062723c751e8b465ee728b)  -> (artifact id: '95827868d431b3838f3d25a5623cbaf1') in 0.059614 seconds
  Import took 0.064152 seconds .

========================================================================
Received Import Request.
  Time since last request: 83.120017 seconds.
  path: Assets/Nabeel Assets/Prefabs/Floor.prefab
  artifactKey: Guid(4e4cbf8dcbbef0b4c93165917dbbf139) Importer(815301076,1909f56bfc062723c751e8b465ee728b)
Start importing Assets/Nabeel Assets/Prefabs/Floor.prefab using Guid(4e4cbf8dcbbef0b4c93165917dbbf139) Importer(815301076,1909f56bfc062723c751e8b465ee728b)  -> (artifact id: '0f41d6a8c9c9165a13e0b710aa029793') in 0.035127 seconds
  Import took 0.063570 seconds .

========================================================================
Received Import Request.
  Time since last request: 0.004482 seconds.
  path: Assets/Nabeel Assets/Prefabs/Floor.prefab
  artifactKey: Guid(4e4cbf8dcbbef0b4c93165917dbbf139) Importer(815301076,1909f56bfc062723c751e8b465ee728b)
Start importing Assets/Nabeel Assets/Prefabs/Floor.prefab using Guid(4e4cbf8dcbbef0b4c93165917dbbf139) Importer(815301076,1909f56bfc062723c751e8b465ee728b)  -> (artifact id: '0f41d6a8c9c9165a13e0b710aa029793') in 0.011191 seconds
  Import took 0.015795 seconds .

========================================================================
Received Import Request.
  Time since last request: 24.694957 seconds.
  path: Assets/Nabeel Assets/Prefabs/Floor.prefab
  artifactKey: Guid(4e4cbf8dcbbef0b4c93165917dbbf139) Importer(815301076,1909f56bfc062723c751e8b465ee728b)
Start importing Assets/Nabeel Assets/Prefabs/Floor.prefab using Guid(4e4cbf8dcbbef0b4c93165917dbbf139) Importer(815301076,1909f56bfc062723c751e8b465ee728b)  -> (artifact id: '10e357b56aaa17aec2e910def9ce7af2') in 0.012665 seconds
  Import took 0.028199 seconds .

========================================================================
Received Prepare
Registering precompiled user dll's ...
Registered in 0.001157 seconds.
Begin MonoManager ReloadAssembly
Native extension for WindowsStandalone target not found
Refreshing native plugins compatible for Editor in 0.55 ms, found 1 plugins.
Preloading 0 native plugins for Editor in 0.00 ms.
Invoked RoslynAnalysisRunner static constructor.
RoslynAnalysisRunner will not be running.
RoslynAnalysisRunner has terminated.
Mono: successfully reloaded assembly
- Completed reload, in  1.133 seconds
Platform modules already initialized, skipping
Refreshing native plugins compatible for Editor in 0.47 ms, found 1 plugins.
Preloading 0 native plugins for Editor in 0.00 ms.
Unloading 1797 Unused Serialized files (Serialized files now loaded: 0)
System memory in use before: 90.0 MB.
System memory in use after: 90.2 MB.

Unloading 7 unused Assets to reduce memory usage. Loaded Objects now: 2362.
Total: 2.276200 ms (FindLiveObjects: 0.202600 ms CreateObjectMapping: 0.075900 ms MarkObjects: 1.968100 ms  DeleteObjects: 0.028200 ms)

========================================================================
Received Prepare
Registering precompiled user dll's ...
Registered in 0.001273 seconds.
Begin MonoManager ReloadAssembly
Native extension for WindowsStandalone target not found
Refreshing native plugins compatible for Editor in 0.46 ms, found 1 plugins.
Preloading 0 native plugins for Editor in 0.00 ms.
Invoked RoslynAnalysisRunner static constructor.
RoslynAnalysisRunner will not be running.
RoslynAnalysisRunner has terminated.
Mono: successfully reloaded assembly
- Completed reload, in  1.169 seconds
Platform modules already initialized, skipping
Refreshing native plugins compatible for Editor in 0.72 ms, found 1 plugins.
Preloading 0 native plugins for Editor in 0.00 ms.
Unloading 1797 Unused Serialized files (Serialized files now loaded: 0)
System memory in use before: 89.3 MB.
System memory in use after: 89.5 MB.

Unloading 7 unused Assets to reduce memory usage. Loaded Objects now: 2365.
Total: 3.606300 ms (FindLiveObjects: 0.226300 ms CreateObjectMapping: 0.073600 ms MarkObjects: 3.274000 ms  DeleteObjects: 0.030500 ms)

========================================================================
Received Import Request.
  Time since last request: 274.901154 seconds.
  path: Assets/Nabeel Assets/Prefabs/Player.prefab
  artifactKey: Guid(f21e64ff7a283e840a96e938508c2b37) Importer(815301076,1909f56bfc062723c751e8b465ee728b)
Start importing Assets/Nabeel Assets/Prefabs/Player.prefab using Guid(f21e64ff7a283e840a96e938508c2b37) Importer(815301076,1909f56bfc062723c751e8b465ee728b)  -> (artifact id: 'dff6d1a5c2169c6217f6ff1622c4b0e2') in 0.076022 seconds
  Import took 0.102583 seconds .

========================================================================
Received Import Request.
  Time since last request: 0.050220 seconds.
  path: Assets/Nabeel Assets/Prefabs/Player.prefab
  artifactKey: Guid(f21e64ff7a283e840a96e938508c2b37) Importer(815301076,1909f56bfc062723c751e8b465ee728b)
Start importing Assets/Nabeel Assets/Prefabs/Player.prefab using Guid(f21e64ff7a283e840a96e938508c2b37) Importer(815301076,1909f56bfc062723c751e8b465ee728b)  -> (artifact id: 'dff6d1a5c2169c6217f6ff1622c4b0e2') in 0.009898 seconds
  Import took 0.014177 seconds .

========================================================================
Received Prepare
Registering precompiled user dll's ...
Registered in 0.001127 seconds.
Begin MonoManager ReloadAssembly
Native extension for WindowsStandalone target not found
Refreshing native plugins compatible for Editor in 0.48 ms, found 1 plugins.
Preloading 0 native plugins for Editor in 0.00 ms.
Invoked RoslynAnalysisRunner static constructor.
RoslynAnalysisRunner will not be running.
RoslynAnalysisRunner has terminated.
Mono: successfully reloaded assembly
- Completed reload, in  1.158 seconds
Platform modules already initialized, skipping
Refreshing native plugins compatible for Editor in 0.50 ms, found 1 plugins.
Preloading 0 native plugins for Editor in 0.00 ms.
Unloading 1797 Unused Serialized files (Serialized files now loaded: 0)
System memory in use before: 89.5 MB.
System memory in use after: 89.6 MB.

Unloading 7 unused Assets to reduce memory usage. Loaded Objects now: 2369.
Total: 2.810800 ms (FindLiveObjects: 0.238200 ms CreateObjectMapping: 0.074800 ms MarkObjects: 2.469100 ms  DeleteObjects: 0.027000 ms)

========================================================================
Received Prepare
Registering precompiled user dll's ...
Registered in 0.001119 seconds.
Begin MonoManager ReloadAssembly
Native extension for WindowsStandalone target not found
Refreshing native plugins compatible for Editor in 0.47 ms, found 1 plugins.
Preloading 0 native plugins for Editor in 0.00 ms.
Invoked RoslynAnalysisRunner static constructor.
RoslynAnalysisRunner will not be running.
RoslynAnalysisRunner has terminated.
Mono: successfully reloaded assembly
- Completed reload, in  1.140 seconds
Platform modules already initialized, skipping
Refreshing native plugins compatible for Editor in 0.50 ms, found 1 plugins.
Preloading 0 native plugins for Editor in 0.00 ms.
Unloading 1797 Unused Serialized files (Serialized files now loaded: 0)
System memory in use before: 89.7 MB.
System memory in use after: 89.8 MB.

Unloading 7 unused Assets to reduce memory usage. Loaded Objects now: 2372.
Total: 2.437700 ms (FindLiveObjects: 0.226100 ms CreateObjectMapping: 0.076700 ms MarkObjects: 2.040900 ms  DeleteObjects: 0.092300 ms)

========================================================================
Received Prepare
Registering precompiled user dll's ...
Registered in 0.001115 seconds.
Begin MonoManager ReloadAssembly
Native extension for WindowsStandalone target not found
Refreshing native plugins compatible for Editor in 0.48 ms, found 1 plugins.
Preloading 0 native plugins for Editor in 0.00 ms.
Invoked RoslynAnalysisRunner static constructor.
RoslynAnalysisRunner will not be running.
RoslynAnalysisRunner has terminated.
Mono: successfully reloaded assembly
- Completed reload, in  1.152 seconds
Platform modules already initialized, skipping
Refreshing native plugins compatible for Editor in 0.70 ms, found 1 plugins.
Preloading 0 native plugins for Editor in 0.00 ms.
Unloading 1797 Unused Serialized files (Serialized files now loaded: 0)
System memory in use before: 89.9 MB.
System memory in use after: 90.0 MB.

Unloading 7 unused Assets to reduce memory usage. Loaded Objects now: 2375.
Total: 2.389000 ms (FindLiveObjects: 0.235900 ms CreateObjectMapping: 0.077700 ms MarkObjects: 2.043200 ms  DeleteObjects: 0.030700 ms)

========================================================================
Received Prepare
Registering precompiled user dll's ...
Registered in 0.001127 seconds.
Begin MonoManager ReloadAssembly
Native extension for WindowsStandalone target not found
Refreshing native plugins compatible for Editor in 0.49 ms, found 1 plugins.
Preloading 0 native plugins for Editor in 0.00 ms.
Invoked RoslynAnalysisRunner static constructor.
RoslynAnalysisRunner will not be running.
RoslynAnalysisRunner has terminated.
Mono: successfully reloaded assembly
- Completed reload, in  1.212 seconds
Platform modules already initialized, skipping
Refreshing native plugins compatible for Editor in 0.55 ms, found 1 plugins.
Preloading 0 native plugins for Editor in 0.00 ms.
Unloading 1797 Unused Serialized files (Serialized files now loaded: 0)
System memory in use before: 90.0 MB.
System memory in use after: 90.2 MB.

Unloading 7 unused Assets to reduce memory usage. Loaded Objects now: 2378.
Total: 2.527000 ms (FindLiveObjects: 0.276600 ms CreateObjectMapping: 0.077400 ms MarkObjects: 2.137900 ms  DeleteObjects: 0.033400 ms)

========================================================================
Received Prepare
Registering precompiled user dll's ...
Registered in 0.001178 seconds.
Begin MonoManager ReloadAssembly
Native extension for WindowsStandalone target not found
Refreshing native plugins compatible for Editor in 0.52 ms, found 1 plugins.
Preloading 0 native plugins for Editor in 0.00 ms.
Invoked RoslynAnalysisRunner static constructor.
RoslynAnalysisRunner will not be running.
RoslynAnalysisRunner has terminated.
Mono: successfully reloaded assembly
- Completed reload, in  1.195 seconds
Platform modules already initialized, skipping
Refreshing native plugins compatible for Editor in 0.71 ms, found 1 plugins.
Preloading 0 native plugins for Editor in 0.00 ms.
Unloading 1797 Unused Serialized files (Serialized files now loaded: 0)
System memory in use before: 90.1 MB.
System memory in use after: 90.2 MB.

Unloading 7 unused Assets to reduce memory usage. Loaded Objects now: 2381.
Total: 2.464500 ms (FindLiveObjects: 0.299700 ms CreateObjectMapping: 0.074300 ms MarkObjects: 2.061700 ms  DeleteObjects: 0.027200 ms)

========================================================================
Received Prepare
Registering precompiled user dll's ...
Registered in 0.001458 seconds.
Begin MonoManager ReloadAssembly
Native extension for WindowsStandalone target not found
Refreshing native plugins compatible for Editor in 0.47 ms, found 1 plugins.
Preloading 0 native plugins for Editor in 0.00 ms.
Invoked RoslynAnalysisRunner static constructor.
RoslynAnalysisRunner will not be running.
RoslynAnalysisRunner has terminated.
Mono: successfully reloaded assembly
- Completed reload, in  1.499 seconds
Platform modules already initialized, skipping
Refreshing native plugins compatible for Editor in 1.03 ms, found 1 plugins.
Preloading 0 native plugins for Editor in 0.00 ms.
Unloading 1797 Unused Serialized files (Serialized files now loaded: 0)
System memory in use before: 89.4 MB.
System memory in use after: 89.5 MB.

Unloading 7 unused Assets to reduce memory usage. Loaded Objects now: 2384.
Total: 2.700100 ms (FindLiveObjects: 0.318600 ms CreateObjectMapping: 0.086600 ms MarkObjects: 2.205300 ms  DeleteObjects: 0.087800 ms)

========================================================================
Received Import Request.
  Time since last request: 470.659397 seconds.
  path: Assets/Nabeel Assets/Scenes/Game1L2.unity
  artifactKey: Guid(05b259fde88a63044af133f8767d27f7) Importer(815301076,1909f56bfc062723c751e8b465ee728b)
Start importing Assets/Nabeel Assets/Scenes/Game1L2.unity using Guid(05b259fde88a63044af133f8767d27f7) Importer(815301076,1909f56bfc062723c751e8b465ee728b)  -> (artifact id: '133e09092ae342aa62ea46185e651238') in 0.019671 seconds
  Import took 0.028837 seconds .

========================================================================
Received Import Request.
  Time since last request: 0.985174 seconds.
  path: Assets/Nabeel Assets/Scenes/Game1L1.unity
  artifactKey: Guid(0257597e036217543a63bff1fac4166b) Importer(815301076,1909f56bfc062723c751e8b465ee728b)
Start importing Assets/Nabeel Assets/Scenes/Game1L1.unity using Guid(0257597e036217543a63bff1fac4166b) Importer(815301076,1909f56bfc062723c751e8b465ee728b)  -> (artifact id: '6441ff7c52e00043cf05bc9317a4427e') in 0.026935 seconds
  Import took 0.031562 seconds .

========================================================================
Received Prepare
Registering precompiled user dll's ...
Registered in 0.001127 seconds.
Begin MonoManager ReloadAssembly
Native extension for WindowsStandalone target not found
Refreshing native plugins compatible for Editor in 0.48 ms, found 1 plugins.
Preloading 0 native plugins for Editor in 0.00 ms.
Invoked RoslynAnalysisRunner static constructor.
RoslynAnalysisRunner will not be running.
RoslynAnalysisRunner has terminated.
Mono: successfully reloaded assembly
- Completed reload, in  1.213 seconds
Platform modules already initialized, skipping
Refreshing native plugins compatible for Editor in 0.47 ms, found 1 plugins.
Preloading 0 native plugins for Editor in 0.00 ms.
Unloading 1797 Unused Serialized files (Serialized files now loaded: 0)
System memory in use before: 89.6 MB.
System memory in use after: 89.7 MB.

Unloading 7 unused Assets to reduce memory usage. Loaded Objects now: 2387.
Total: 2.829600 ms (FindLiveObjects: 0.561000 ms CreateObjectMapping: 0.076500 ms MarkObjects: 2.150500 ms  DeleteObjects: 0.038900 ms)

========================================================================
Received Prepare
Registering precompiled user dll's ...
Registered in 0.001107 seconds.
Begin MonoManager ReloadAssembly
Native extension for WindowsStandalone target not found
Refreshing native plugins compatible for Editor in 0.49 ms, found 1 plugins.
Preloading 0 native plugins for Editor in 0.00 ms.
Invoked RoslynAnalysisRunner static constructor.
RoslynAnalysisRunner will not be running.
RoslynAnalysisRunner has terminated.
Mono: successfully reloaded assembly
- Completed reload, in  1.202 seconds
Platform modules already initialized, skipping
Refreshing native plugins compatible for Editor in 0.49 ms, found 1 plugins.
Preloading 0 native plugins for Editor in 0.00 ms.
Unloading 1797 Unused Serialized files (Serialized files now loaded: 0)
System memory in use before: 89.7 MB.
System memory in use after: 89.9 MB.

Unloading 7 unused Assets to reduce memory usage. Loaded Objects now: 2390.
Total: 2.391300 ms (FindLiveObjects: 0.226500 ms CreateObjectMapping: 0.076000 ms MarkObjects: 2.053800 ms  DeleteObjects: 0.032800 ms)

========================================================================
Received Prepare
Registering precompiled user dll's ...
Registered in 0.001019 seconds.
Begin MonoManager ReloadAssembly
Native extension for WindowsStandalone target not found
Refreshing native plugins compatible for Editor in 0.47 ms, found 1 plugins.
Preloading 0 native plugins for Editor in 0.00 ms.
Invoked RoslynAnalysisRunner static constructor.
RoslynAnalysisRunner will not be running.
RoslynAnalysisRunner has terminated.
Mono: successfully reloaded assembly
- Completed reload, in  1.189 seconds
Platform modules already initialized, skipping
Refreshing native plugins compatible for Editor in 0.50 ms, found 1 plugins.
Preloading 0 native plugins for Editor in 0.00 ms.
Unloading 1797 Unused Serialized files (Serialized files now loaded: 0)
System memory in use before: 89.9 MB.
System memory in use after: 90.0 MB.

Unloading 7 unused Assets to reduce memory usage. Loaded Objects now: 2393.
Total: 2.338500 ms (FindLiveObjects: 0.222400 ms CreateObjectMapping: 0.075100 ms MarkObjects: 2.005500 ms  DeleteObjects: 0.034000 ms)

