Using pre-set license
Built from '2020.2/release' branch; Version is '2020.2.2f1 (068178b99f32) revision 426360'; Using compiler version '192528614'; Build Type 'Release'
OS: 'Windows 10 Pro Education; OS build 19044.1706; Version 2009; 64bit' Language: 'en' Physical Memory: 15800 MB
BatchMode: 1, IsHumanControllingUs: 0, StartBugReporterOnCrash: 0, Is64bit: 1, IsPro: 0

 COMMAND LINE ARGUMENTS:
C:\Program Files\Unity\Hub\Editor\2020.2.2f1\Editor\Unity.exe
-adb2
-batchMode
-noUpm
-name
AssetImportWorker0
-projectPath
C:/Users/student/Downloads/EscapefromtheSpacolosseum/EscapefromtheSpacolosseum
-logFile
Logs/AssetImportWorker0.log
-srvPort
49325
Successfully changed project path to: C:/Users/student/Downloads/EscapefromtheSpacolosseum/EscapefromtheSpacolosseum
C:/Users/student/Downloads/EscapefromtheSpacolosseum/EscapefromtheSpacolosseum
Using Asset Import Pipeline V2.
Refreshing native plugins compatible for Editor in 34.61 ms, found 1 plugins.
Preloading 0 native plugins for Editor in 0.00 ms.
Initialize engine version: 2020.2.2f1 (068178b99f32)
[Subsystems] Discovering subsystems at path C:/Program Files/Unity/Hub/Editor/2020.2.2f1/Editor/Data/Resources/UnitySubsystems
[Subsystems] Discovering subsystems at path C:/Users/student/Downloads/EscapefromtheSpacolosseum/EscapefromtheSpacolosseum/Assets
GfxDevice: creating device client; threaded=0
Direct3D:
    Version:  Direct3D 11.0 [level 11.1]
    Renderer: Intel(R) HD Graphics 530 (ID=0x1912)
    Vendor:   
    VRAM:     7900 MB
    Driver:   30.0.101.1340
Initialize mono
Mono path[0] = 'C:/Program Files/Unity/Hub/Editor/2020.2.2f1/Editor/Data/Managed'
Mono path[1] = 'C:/Program Files/Unity/Hub/Editor/2020.2.2f1/Editor/Data/MonoBleedingEdge/lib/mono/unityjit'
Mono config path = 'C:/Program Files/Unity/Hub/Editor/2020.2.2f1/Editor/Data/MonoBleedingEdge/etc'
Using monoOptions --debugger-agent=transport=dt_socket,embedding=1,server=y,suspend=n,address=127.0.0.1:56176
Begin MonoManager ReloadAssembly
Registering precompiled unity dll's ...
Register platform support module: C:/Program Files/Unity/Hub/Editor/2020.2.2f1/Editor/Data/PlaybackEngines/WindowsStandaloneSupport/UnityEditor.WindowsStandalone.Extensions.dll
Registered in 0.001869 seconds.
Native extension for WindowsStandalone target not found
Refreshing native plugins compatible for Editor in 38.94 ms, found 1 plugins.
Preloading 0 native plugins for Editor in 0.00 ms.
Invoked RoslynAnalysisRunner static constructor.
RoslynAnalysisRunner will not be running.
RoslynAnalysisRunner has terminated.
Mono: successfully reloaded assembly
- Completed reload, in  1.750 seconds
Platform modules already initialized, skipping
Registering precompiled user dll's ...
Registered in 0.000932 seconds.
Begin MonoManager ReloadAssembly
Native extension for WindowsStandalone target not found
Refreshing native plugins compatible for Editor in 37.13 ms, found 1 plugins.
Preloading 0 native plugins for Editor in 0.00 ms.
Invoked RoslynAnalysisRunner static constructor.
RoslynAnalysisRunner will not be running.
RoslynAnalysisRunner has terminated.
Mono: successfully reloaded assembly
- Completed reload, in  0.915 seconds
Platform modules already initialized, skipping
========================================================================
Worker process is ready to serve import requests
Launched and connected shader compiler UnityShaderCompiler.exe after 0.05 seconds
Refreshing native plugins compatible for Editor in 0.32 ms, found 1 plugins.
Preloading 0 native plugins for Editor in 0.00 ms.
Unloading 1819 Unused Serialized files (Serialized files now loaded: 0)
System memory in use before: 87.1 MB.
System memory in use after: 87.2 MB.

Unloading 19 unused Assets to reduce memory usage. Loaded Objects now: 2267.
Total: 2.218900 ms (FindLiveObjects: 0.145900 ms CreateObjectMapping: 0.046400 ms MarkObjects: 1.919900 ms  DeleteObjects: 0.105500 ms)

========================================================================
Received Import Request.
  path: Assets/Aly Assets/Scenes/Game2L1.unity
  artifactKey: Guid(ee883ba80d017394b9a44ead622e50ca) Importer(815301076,1909f56bfc062723c751e8b465ee728b)
Start importing Assets/Aly Assets/Scenes/Game2L1.unity using Guid(ee883ba80d017394b9a44ead622e50ca) Importer(815301076,1909f56bfc062723c751e8b465ee728b)  -> (artifact id: '34132a7c72f2c38377daf1e2a3eaf3ea') in 0.011185 seconds
  Import took 0.013877 seconds .

========================================================================
Received Import Request.
  Time since last request: 138.776002 seconds.
  path: Assets/Nabeel Assets/Sprites/testDoor.png
  artifactKey: Guid(5c1f8c8d8a1697d4aab65c2d91680ae7) Importer(815301076,1909f56bfc062723c751e8b465ee728b)
Start importing Assets/Nabeel Assets/Sprites/testDoor.png using Guid(5c1f8c8d8a1697d4aab65c2d91680ae7) Importer(815301076,1909f56bfc062723c751e8b465ee728b)  -> (artifact id: '360d783526285b7ec5b94ad0e156b7de') in 0.117883 seconds
  Import took 0.121779 seconds .

========================================================================
Received Import Request.
  Time since last request: 0.000387 seconds.
  path: Assets/Nabeel Assets/Sprites/testPlayerPowered.png
  artifactKey: Guid(9f9f9455f80ebca489d414c22bc22dc2) Importer(815301076,1909f56bfc062723c751e8b465ee728b)
Start importing Assets/Nabeel Assets/Sprites/testPlayerPowered.png using Guid(9f9f9455f80ebca489d414c22bc22dc2) Importer(815301076,1909f56bfc062723c751e8b465ee728b)  -> (artifact id: '615c47d3e770f033666cef6f0d509c1b') in 0.009795 seconds
  Import took 0.012916 seconds .

========================================================================
Received Import Request.
  Time since last request: 0.000357 seconds.
  path: Assets/Nabeel Assets/Sprites/testDoor.png
  artifactKey: Guid(5c1f8c8d8a1697d4aab65c2d91680ae7) Importer(815301076,1909f56bfc062723c751e8b465ee728b)
Start importing Assets/Nabeel Assets/Sprites/testDoor.png using Guid(5c1f8c8d8a1697d4aab65c2d91680ae7) Importer(815301076,1909f56bfc062723c751e8b465ee728b)  -> (artifact id: '360d783526285b7ec5b94ad0e156b7de') in 0.011336 seconds
  Import took 0.015410 seconds .

========================================================================
Received Import Request.
  Time since last request: 0.000402 seconds.
  path: Assets/Nabeel Assets/Sprites/testPlayerPowered.png
  artifactKey: Guid(9f9f9455f80ebca489d414c22bc22dc2) Importer(815301076,1909f56bfc062723c751e8b465ee728b)
Start importing Assets/Nabeel Assets/Sprites/testPlayerPowered.png using Guid(9f9f9455f80ebca489d414c22bc22dc2) Importer(815301076,1909f56bfc062723c751e8b465ee728b)  -> (artifact id: '615c47d3e770f033666cef6f0d509c1b') in 0.009528 seconds
  Import took 0.013819 seconds .

AssetImportWorkerClient::OnTransportError - code=2 error=End of file
